#! /usr/local/iverilog/bin/vvp
:ivl_version "11.0 (devel)" "(s20150603-642-g3bdb50da)";
:ivl_delay_selection "TYPICAL";
:vpi_time_precision + 0;
:vpi_module "system";
:vpi_module "vhdl_sys";
:vpi_module "vhdl_textio";
:vpi_module "v2005_math";
:vpi_module "va_math";
S_00000000009bbf70 .scope module, "testbench" "testbench" 2 3;
 .timescale 0 0;
v00000000009bc8f0_0 .var "A", 0 0;
v00000000009bc990_0 .var "CLK", 0 0;
v00000000009bca30_0 .var "LOAD", 11 0;
v00000000009bcad0_0 .var "RESET", 0 0;
v00000000009bcb70_0 .net "Y", 11 0, v00000000009bdf40_0;  1 drivers
v00000000009bcc10_0 .var "enable", 0 0;
S_00000000009bdbd0 .scope module, "M1" "counter" 2 9, 3 1 0, S_00000000009bbf70;
 .timescale 0 0;
    .port_info 0 /INPUT 1 "CLK";
    .port_info 1 /INPUT 1 "RESET";
    .port_info 2 /INPUT 1 "A";
    .port_info 3 /INPUT 1 "enable";
    .port_info 4 /INPUT 12 "LOAD";
    .port_info 5 /OUTPUT 12 "Y";
v00000000009bc100_0 .net "A", 0 0, v00000000009bc8f0_0;  1 drivers
v00000000009bdd60_0 .net "CLK", 0 0, v00000000009bc990_0;  1 drivers
v00000000009bde00_0 .net "LOAD", 11 0, v00000000009bca30_0;  1 drivers
v00000000009bdea0_0 .net "RESET", 0 0, v00000000009bcad0_0;  1 drivers
v00000000009bdf40_0 .var "Y", 11 0;
v00000000009bc850_0 .net "enable", 0 0, v00000000009bcc10_0;  1 drivers
E_0000000000878600 .event posedge, v00000000009bc100_0, v00000000009bdea0_0, v00000000009bdd60_0;
    .scope S_00000000009bdbd0;
T_0 ;
    %wait E_0000000000878600;
    %load/vec4 v00000000009bdea0_0;
    %flag_set/vec4 8;
    %jmp/0xz  T_0.0, 8;
    %pushi/vec4 0, 0, 12;
    %assign/vec4 v00000000009bdf40_0, 0;
    %jmp T_0.1;
T_0.0 ;
    %load/vec4 v00000000009bc100_0;
    %flag_set/vec4 8;
    %jmp/0xz  T_0.2, 8;
    %load/vec4 v00000000009bde00_0;
    %assign/vec4 v00000000009bdf40_0, 0;
    %jmp T_0.3;
T_0.2 ;
    %load/vec4 v00000000009bc850_0;
    %flag_set/vec4 8;
    %jmp/0xz  T_0.4, 8;
    %load/vec4 v00000000009bdf40_0;
    %addi 1, 0, 12;
    %assign/vec4 v00000000009bdf40_0, 0;
    %jmp T_0.5;
T_0.4 ;
    %load/vec4 v00000000009bdf40_0;
    %assign/vec4 v00000000009bdf40_0, 0;
T_0.5 ;
T_0.3 ;
T_0.1 ;
    %jmp T_0;
    .thread T_0;
    .scope S_00000000009bbf70;
T_1 ;
    %vpi_call 2 13 "$display", "A enable LOAD | Y" {0 0 0};
    %vpi_call 2 14 "$monitor", "%b %b %b | %b", v00000000009bc8f0_0, v00000000009bcc10_0, v00000000009bca30_0, v00000000009bcb70_0 {0 0 0};
    %end;
    .thread T_1;
    .scope S_00000000009bbf70;
T_2 ;
    %pushi/vec4 0, 0, 1;
    %store/vec4 v00000000009bc990_0, 0, 1;
    %pushi/vec4 1, 0, 1;
    %store/vec4 v00000000009bcad0_0, 0, 1;
    %delay 1, 0;
    %pushi/vec4 0, 0, 1;
    %store/vec4 v00000000009bcad0_0, 0, 1;
    %pushi/vec4 1, 0, 1;
    %store/vec4 v00000000009bcc10_0, 0, 1;
    %pushi/vec4 0, 0, 1;
    %store/vec4 v00000000009bc8f0_0, 0, 1;
    %pushi/vec4 0, 0, 12;
    %store/vec4 v00000000009bca30_0, 0, 12;
    %delay 30, 0;
    %pushi/vec4 0, 0, 1;
    %store/vec4 v00000000009bcad0_0, 0, 1;
    %pushi/vec4 1, 0, 1;
    %store/vec4 v00000000009bcc10_0, 0, 1;
    %pushi/vec4 1, 0, 1;
    %store/vec4 v00000000009bc8f0_0, 0, 1;
    %pushi/vec4 30, 0, 12;
    %store/vec4 v00000000009bca30_0, 0, 12;
    %delay 31, 0;
    %pushi/vec4 0, 0, 1;
    %store/vec4 v00000000009bcad0_0, 0, 1;
    %pushi/vec4 1, 0, 1;
    %store/vec4 v00000000009bcc10_0, 0, 1;
    %pushi/vec4 0, 0, 1;
    %store/vec4 v00000000009bc8f0_0, 0, 1;
    %delay 70, 0;
    %pushi/vec4 0, 0, 1;
    %store/vec4 v00000000009bcad0_0, 0, 1;
    %pushi/vec4 0, 0, 1;
    %store/vec4 v00000000009bcc10_0, 0, 1;
    %pushi/vec4 0, 0, 1;
    %store/vec4 v00000000009bc8f0_0, 0, 1;
    %end;
    .thread T_2;
    .scope S_00000000009bbf70;
T_3 ;
    %delay 500, 0;
    %vpi_call 2 27 "$finish" {0 0 0};
    %end;
    .thread T_3;
    .scope S_00000000009bbf70;
T_4 ;
    %delay 2, 0;
    %load/vec4 v00000000009bc990_0;
    %inv;
    %store/vec4 v00000000009bc990_0, 0, 1;
    %jmp T_4;
    .thread T_4;
    .scope S_00000000009bbf70;
T_5 ;
    %vpi_call 2 33 "$dumpfile", "contador_timing.vcd" {0 0 0};
    %vpi_call 2 34 "$dumpvars", 32'sb00000000000000000000000000000000, S_00000000009bbf70 {0 0 0};
    %end;
    .thread T_5;
# The file index is used to find the file name in the following table.
:file_names 4;
    "N/A";
    "<interactive>";
    "testbench_contador.v";
    "./contador_modulos.v";
