#! /usr/local/iverilog/bin/vvp
:ivl_version "11.0 (devel)" "(s20150603-642-g3bdb50da)";
:ivl_delay_selection "TYPICAL";
:vpi_time_precision + 0;
:vpi_module "system";
:vpi_module "vhdl_sys";
:vpi_module "vhdl_textio";
:vpi_module "v2005_math";
:vpi_module "va_math";
S_00000000008785d0 .scope module, "testbench" "testbench" 2 3;
 .timescale 0 0;
v00000000008ea070_0 .var "A", 0 0;
v00000000008e8d10_0 .var "B", 0 0;
v00000000008ea750_0 .var "C", 0 0;
v00000000008e9710_0 .var "D", 0 0;
v00000000008e93f0_0 .net "M0", 0 0, L_00000000008ed880;  1 drivers
v00000000008ea390_0 .net "M1", 0 0, L_00000000008ed260;  1 drivers
v00000000008ea7f0_0 .net "S0", 0 0, L_00000000008eccb0;  1 drivers
v00000000008e9fd0_0 .net "S0F", 0 0, L_00000000008ed960;  1 drivers
v00000000008e9670_0 .net "S1", 0 0, L_00000000008ecfc0;  1 drivers
v00000000008ea890_0 .net "S1F", 0 0, L_00000000008ece00;  1 drivers
v00000000008ea2f0_0 .var "clk", 0 0;
v00000000008e8db0_0 .var "reset", 0 0;
S_0000000000878760 .scope module, "U1" "FSM1" 2 8, 3 13 0, S_00000000008785d0;
 .timescale 0 0;
    .port_info 0 /INPUT 1 "A";
    .port_info 1 /INPUT 1 "B";
    .port_info 2 /INPUT 1 "C";
    .port_info 3 /INPUT 1 "D";
    .port_info 4 /INPUT 1 "clk";
    .port_info 5 /INPUT 1 "reset";
    .port_info 6 /OUTPUT 1 "M0";
    .port_info 7 /OUTPUT 1 "M1";
    .port_info 8 /OUTPUT 1 "S0";
    .port_info 9 /OUTPUT 1 "S1";
    .port_info 10 /OUTPUT 1 "S0F";
    .port_info 11 /OUTPUT 1 "S1F";
L_0000000000871f50 .functor AND 1, v0000000000870b60_0, v00000000008ea070_0, C4<1>, C4<1>;
L_00000000008721f0 .functor NOT 1, v00000000008e8d10_0, C4<0>, C4<0>, C4<0>;
L_0000000000871b60 .functor AND 1, L_0000000000871f50, L_00000000008721f0, C4<1>, C4<1>;
L_0000000000872810 .functor AND 1, L_0000000000871b60, v00000000008ea750_0, C4<1>, C4<1>;
L_00000000008728f0 .functor NOT 1, v00000000008e9710_0, C4<0>, C4<0>, C4<0>;
L_0000000000871d90 .functor AND 1, L_0000000000872810, L_00000000008728f0, C4<1>, C4<1>;
L_0000000000872490 .functor NOT 1, v0000000000870b60_0, C4<0>, C4<0>, C4<0>;
L_0000000000872260 .functor AND 1, L_0000000000872490, v00000000008ea070_0, C4<1>, C4<1>;
L_0000000000872500 .functor AND 1, L_0000000000872260, v00000000008e8d10_0, C4<1>, C4<1>;
L_0000000000871a10 .functor AND 1, L_0000000000872500, v00000000008ea750_0, C4<1>, C4<1>;
L_0000000000872880 .functor NOT 1, v00000000008e9710_0, C4<0>, C4<0>, C4<0>;
L_0000000000871af0 .functor AND 1, L_0000000000871a10, L_0000000000872880, C4<1>, C4<1>;
L_0000000000871a80 .functor OR 1, L_0000000000871d90, L_0000000000871af0, C4<0>, C4<0>;
L_0000000000872420 .functor NOT 1, v0000000000870b60_0, C4<0>, C4<0>, C4<0>;
L_0000000000872570 .functor AND 1, v000000000086f3a0_0, L_0000000000872420, C4<1>, C4<1>;
L_0000000000871bd0 .functor AND 1, L_0000000000872570, v00000000008ea070_0, C4<1>, C4<1>;
L_0000000000871ee0 .functor NOT 1, v00000000008e8d10_0, C4<0>, C4<0>, C4<0>;
L_0000000000871c40 .functor AND 1, L_0000000000871bd0, L_0000000000871ee0, C4<1>, C4<1>;
L_0000000000871e00 .functor OR 1, L_0000000000871a80, L_0000000000871c40, C4<0>, C4<0>;
L_0000000000871cb0 .functor AND 1, v000000000086f3a0_0, v0000000000870b60_0, C4<1>, C4<1>;
L_0000000000871d20 .functor AND 1, L_0000000000871cb0, v00000000008ea070_0, C4<1>, C4<1>;
L_0000000000872180 .functor AND 1, L_0000000000871d20, v00000000008e8d10_0, C4<1>, C4<1>;
L_00000000008723b0 .functor OR 1, L_0000000000871e00, L_0000000000872180, C4<0>, C4<0>;
L_0000000000872650 .functor NOT 1, v000000000086f3a0_0, C4<0>, C4<0>, C4<0>;
L_00000000008726c0 .functor AND 1, L_0000000000872650, v0000000000870b60_0, C4<1>, C4<1>;
L_0000000000871e70 .functor NOT 1, v00000000008ea070_0, C4<0>, C4<0>, C4<0>;
L_0000000000872110 .functor AND 1, L_00000000008726c0, L_0000000000871e70, C4<1>, C4<1>;
L_0000000000871fc0 .functor AND 1, L_0000000000872110, v00000000008e8d10_0, C4<1>, C4<1>;
L_0000000000872030 .functor NOT 1, v0000000000870b60_0, C4<0>, C4<0>, C4<0>;
L_00000000008720a0 .functor AND 1, L_0000000000872030, v00000000008e8d10_0, C4<1>, C4<1>;
L_00000000008722d0 .functor AND 1, L_00000000008720a0, v00000000008ea750_0, C4<1>, C4<1>;
L_0000000000872340 .functor NOT 1, v00000000008e9710_0, C4<0>, C4<0>, C4<0>;
L_0000000000872730 .functor AND 1, L_00000000008722d0, L_0000000000872340, C4<1>, C4<1>;
L_00000000008727a0 .functor OR 1, L_0000000000871fc0, L_0000000000872730, C4<0>, C4<0>;
L_00000000008ed420 .functor AND 1, v000000000086f3a0_0, v0000000000870b60_0, C4<1>, C4<1>;
L_00000000008ed3b0 .functor AND 1, L_00000000008ed420, v00000000008ea070_0, C4<1>, C4<1>;
L_00000000008ecd20 .functor AND 1, L_00000000008ed3b0, v00000000008e8d10_0, C4<1>, C4<1>;
L_00000000008ecb60 .functor OR 1, L_00000000008727a0, L_00000000008ecd20, C4<0>, C4<0>;
L_00000000008ed880 .functor BUFZ 1, v000000000086f3a0_0, C4<0>, C4<0>, C4<0>;
L_00000000008ed260 .functor BUFZ 1, v0000000000870b60_0, C4<0>, C4<0>, C4<0>;
L_00000000008eccb0 .functor BUFZ 1, v000000000086f3a0_0, C4<0>, C4<0>, C4<0>;
L_00000000008ecfc0 .functor BUFZ 1, v0000000000870b60_0, C4<0>, C4<0>, C4<0>;
L_00000000008ed960 .functor BUFZ 1, L_00000000008723b0, C4<0>, C4<0>, C4<0>;
L_00000000008ece00 .functor BUFZ 1, L_00000000008ecb60, C4<0>, C4<0>, C4<0>;
v00000000008705c0_0 .net "A", 0 0, v00000000008ea070_0;  1 drivers
v00000000008702a0_0 .net "B", 0 0, v00000000008e8d10_0;  1 drivers
v0000000000870020_0 .net "C", 0 0, v00000000008ea750_0;  1 drivers
v000000000086f620_0 .net "D", 0 0, v00000000008e9710_0;  1 drivers
v000000000086fb20_0 .net "M0", 0 0, L_00000000008ed880;  alias, 1 drivers
v000000000086fc60_0 .net "M1", 0 0, L_00000000008ed260;  alias, 1 drivers
v0000000000870340_0 .net "S0", 0 0, L_00000000008eccb0;  alias, 1 drivers
v00000000008708e0_0 .net "S0F", 0 0, L_00000000008ed960;  alias, 1 drivers
v000000000086f9e0_0 .net "S0_F", 0 0, L_00000000008723b0;  1 drivers
v000000000086ef40_0 .net "S1", 0 0, L_00000000008ecfc0;  alias, 1 drivers
v000000000086f4e0_0 .net "S1F", 0 0, L_00000000008ece00;  alias, 1 drivers
v000000000086f8a0_0 .net "S1_F", 0 0, L_00000000008ecb60;  1 drivers
v0000000000870ac0_0 .net "S_0", 0 0, v000000000086f3a0_0;  1 drivers
v000000000086f080_0 .net "S_1", 0 0, v0000000000870b60_0;  1 drivers
v00000000008703e0_0 .net *"_s0", 0 0, L_0000000000871f50;  1 drivers
v000000000086fd00_0 .net *"_s10", 0 0, L_0000000000871d90;  1 drivers
v000000000086efe0_0 .net *"_s12", 0 0, L_0000000000872490;  1 drivers
v000000000086fda0_0 .net *"_s14", 0 0, L_0000000000872260;  1 drivers
v000000000086eea0_0 .net *"_s16", 0 0, L_0000000000872500;  1 drivers
v000000000086ecc0_0 .net *"_s18", 0 0, L_0000000000871a10;  1 drivers
v000000000086f440_0 .net *"_s2", 0 0, L_00000000008721f0;  1 drivers
v0000000000870660_0 .net *"_s20", 0 0, L_0000000000872880;  1 drivers
v000000000086fe40_0 .net *"_s22", 0 0, L_0000000000871af0;  1 drivers
v000000000086fee0_0 .net *"_s24", 0 0, L_0000000000871a80;  1 drivers
v000000000086f6c0_0 .net *"_s26", 0 0, L_0000000000872420;  1 drivers
v000000000086f120_0 .net *"_s28", 0 0, L_0000000000872570;  1 drivers
v000000000086f1c0_0 .net *"_s30", 0 0, L_0000000000871bd0;  1 drivers
v0000000000870480_0 .net *"_s32", 0 0, L_0000000000871ee0;  1 drivers
v000000000086f760_0 .net *"_s34", 0 0, L_0000000000871c40;  1 drivers
v0000000000870700_0 .net *"_s36", 0 0, L_0000000000871e00;  1 drivers
v00000000008707a0_0 .net *"_s38", 0 0, L_0000000000871cb0;  1 drivers
v0000000000870840_0 .net *"_s4", 0 0, L_0000000000871b60;  1 drivers
v000000000086ee00_0 .net *"_s40", 0 0, L_0000000000871d20;  1 drivers
v000000000086f260_0 .net *"_s42", 0 0, L_0000000000872180;  1 drivers
v000000000086f300_0 .net *"_s46", 0 0, L_0000000000872650;  1 drivers
v000000000086f580_0 .net *"_s48", 0 0, L_00000000008726c0;  1 drivers
v00000000008e9d50_0 .net *"_s50", 0 0, L_0000000000871e70;  1 drivers
v00000000008ea250_0 .net *"_s52", 0 0, L_0000000000872110;  1 drivers
v00000000008ea570_0 .net *"_s54", 0 0, L_0000000000871fc0;  1 drivers
v00000000008e8f90_0 .net *"_s56", 0 0, L_0000000000872030;  1 drivers
v00000000008ea4d0_0 .net *"_s58", 0 0, L_00000000008720a0;  1 drivers
v00000000008ea610_0 .net *"_s6", 0 0, L_0000000000872810;  1 drivers
v00000000008e8b30_0 .net *"_s60", 0 0, L_00000000008722d0;  1 drivers
v00000000008ea6b0_0 .net *"_s62", 0 0, L_0000000000872340;  1 drivers
v00000000008e95d0_0 .net *"_s64", 0 0, L_0000000000872730;  1 drivers
v00000000008e8c70_0 .net *"_s66", 0 0, L_00000000008727a0;  1 drivers
v00000000008e8bd0_0 .net *"_s68", 0 0, L_00000000008ed420;  1 drivers
v00000000008e97b0_0 .net *"_s70", 0 0, L_00000000008ed3b0;  1 drivers
v00000000008e9df0_0 .net *"_s72", 0 0, L_00000000008ecd20;  1 drivers
v00000000008ea110_0 .net *"_s8", 0 0, L_00000000008728f0;  1 drivers
v00000000008ea430_0 .net "clk", 0 0, v00000000008ea2f0_0;  1 drivers
v00000000008ea1b0_0 .net "reset", 0 0, v00000000008e8db0_0;  1 drivers
S_00000000011b7ba0 .scope module, "E0" "FFD" 3 25, 3 1 0, S_0000000000878760;
 .timescale 0 0;
    .port_info 0 /INPUT 1 "clk";
    .port_info 1 /INPUT 1 "reset";
    .port_info 2 /INPUT 1 "D";
    .port_info 3 /OUTPUT 1 "Q";
v000000000086ff80_0 .net "D", 0 0, L_00000000008723b0;  alias, 1 drivers
v000000000086f3a0_0 .var "Q", 0 0;
v0000000000870a20_0 .net "clk", 0 0, v00000000008ea2f0_0;  alias, 1 drivers
v0000000000870200_0 .net "reset", 0 0, v00000000008e8db0_0;  alias, 1 drivers
E_0000000000889fe0 .event posedge, v0000000000870200_0, v0000000000870a20_0;
S_00000000011b7d30 .scope module, "E1" "FFD" 3 26, 3 1 0, S_0000000000878760;
 .timescale 0 0;
    .port_info 0 /INPUT 1 "clk";
    .port_info 1 /INPUT 1 "reset";
    .port_info 2 /INPUT 1 "D";
    .port_info 3 /OUTPUT 1 "Q";
v000000000086fbc0_0 .net "D", 0 0, L_00000000008ecb60;  alias, 1 drivers
v0000000000870b60_0 .var "Q", 0 0;
v000000000086ed60_0 .net "clk", 0 0, v00000000008ea2f0_0;  alias, 1 drivers
v000000000086f800_0 .net "reset", 0 0, v00000000008e8db0_0;  alias, 1 drivers
    .scope S_00000000011b7ba0;
T_0 ;
    %wait E_0000000000889fe0;
    %load/vec4 v0000000000870200_0;
    %flag_set/vec4 8;
    %jmp/0xz  T_0.0, 8;
    %pushi/vec4 0, 0, 1;
    %assign/vec4 v000000000086f3a0_0, 0;
    %jmp T_0.1;
T_0.0 ;
    %load/vec4 v000000000086ff80_0;
    %assign/vec4 v000000000086f3a0_0, 0;
T_0.1 ;
    %jmp T_0;
    .thread T_0;
    .scope S_00000000011b7d30;
T_1 ;
    %wait E_0000000000889fe0;
    %load/vec4 v000000000086f800_0;
    %flag_set/vec4 8;
    %jmp/0xz  T_1.0, 8;
    %pushi/vec4 0, 0, 1;
    %assign/vec4 v0000000000870b60_0, 0;
    %jmp T_1.1;
T_1.0 ;
    %load/vec4 v000000000086fbc0_0;
    %assign/vec4 v0000000000870b60_0, 0;
T_1.1 ;
    %jmp T_1;
    .thread T_1;
    .scope S_00000000008785d0;
T_2 ;
    %vpi_call 2 12 "$display", "A B C D S0 S1 S0F S1F | M0 M1" {0 0 0};
    %vpi_call 2 13 "$monitor", "%b %b %b %b %b %b %b %b| %b %b", v00000000008ea070_0, v00000000008e8d10_0, v00000000008ea750_0, v00000000008e9710_0, v00000000008ea7f0_0, v00000000008e9670_0, v00000000008e9fd0_0, v00000000008ea890_0, v00000000008e93f0_0, v00000000008ea390_0 {0 0 0};
    %end;
    .thread T_2;
    .scope S_00000000008785d0;
T_3 ;
    %pushi/vec4 0, 0, 1;
    %store/vec4 v00000000008ea2f0_0, 0, 1;
    %pushi/vec4 0, 0, 1;
    %store/vec4 v00000000008e8db0_0, 0, 1;
    %delay 15, 0;
    %pushi/vec4 0, 0, 1;
    %store/vec4 v00000000008ea070_0, 0, 1;
    %pushi/vec4 0, 0, 1;
    %store/vec4 v00000000008e8d10_0, 0, 1;
    %pushi/vec4 0, 0, 1;
    %store/vec4 v00000000008ea750_0, 0, 1;
    %pushi/vec4 0, 0, 1;
    %store/vec4 v00000000008e9710_0, 0, 1;
    %delay 20, 0;
    %pushi/vec4 0, 0, 1;
    %store/vec4 v00000000008ea070_0, 0, 1;
    %pushi/vec4 0, 0, 1;
    %store/vec4 v00000000008e8d10_0, 0, 1;
    %pushi/vec4 1, 0, 1;
    %store/vec4 v00000000008ea750_0, 0, 1;
    %pushi/vec4 1, 0, 1;
    %store/vec4 v00000000008e9710_0, 0, 1;
    %delay 25, 0;
    %pushi/vec4 0, 0, 1;
    %store/vec4 v00000000008ea070_0, 0, 1;
    %pushi/vec4 0, 0, 1;
    %store/vec4 v00000000008e8d10_0, 0, 1;
    %pushi/vec4 1, 0, 1;
    %store/vec4 v00000000008ea750_0, 0, 1;
    %pushi/vec4 0, 0, 1;
    %store/vec4 v00000000008e9710_0, 0, 1;
    %delay 30, 0;
    %pushi/vec4 0, 0, 1;
    %store/vec4 v00000000008ea070_0, 0, 1;
    %pushi/vec4 1, 0, 1;
    %store/vec4 v00000000008e8d10_0, 0, 1;
    %pushi/vec4 1, 0, 1;
    %store/vec4 v00000000008ea750_0, 0, 1;
    %pushi/vec4 0, 0, 1;
    %store/vec4 v00000000008e9710_0, 0, 1;
    %delay 35, 0;
    %pushi/vec4 0, 0, 1;
    %store/vec4 v00000000008ea070_0, 0, 1;
    %pushi/vec4 1, 0, 1;
    %store/vec4 v00000000008e8d10_0, 0, 1;
    %pushi/vec4 1, 0, 1;
    %store/vec4 v00000000008ea750_0, 0, 1;
    %pushi/vec4 1, 0, 1;
    %store/vec4 v00000000008e9710_0, 0, 1;
    %delay 40, 0;
    %pushi/vec4 0, 0, 1;
    %store/vec4 v00000000008ea070_0, 0, 1;
    %pushi/vec4 1, 0, 1;
    %store/vec4 v00000000008e8d10_0, 0, 1;
    %pushi/vec4 1, 0, 1;
    %store/vec4 v00000000008ea750_0, 0, 1;
    %pushi/vec4 0, 0, 1;
    %store/vec4 v00000000008e9710_0, 0, 1;
    %delay 45, 0;
    %pushi/vec4 0, 0, 1;
    %store/vec4 v00000000008ea070_0, 0, 1;
    %pushi/vec4 1, 0, 1;
    %store/vec4 v00000000008e8d10_0, 0, 1;
    %pushi/vec4 0, 0, 1;
    %store/vec4 v00000000008ea750_0, 0, 1;
    %pushi/vec4 1, 0, 1;
    %store/vec4 v00000000008e9710_0, 0, 1;
    %delay 50, 0;
    %pushi/vec4 0, 0, 1;
    %store/vec4 v00000000008ea070_0, 0, 1;
    %pushi/vec4 1, 0, 1;
    %store/vec4 v00000000008e8d10_0, 0, 1;
    %pushi/vec4 1, 0, 1;
    %store/vec4 v00000000008ea750_0, 0, 1;
    %pushi/vec4 0, 0, 1;
    %store/vec4 v00000000008e9710_0, 0, 1;
    %delay 55, 0;
    %pushi/vec4 1, 0, 1;
    %store/vec4 v00000000008ea070_0, 0, 1;
    %pushi/vec4 0, 0, 1;
    %store/vec4 v00000000008e8d10_0, 0, 1;
    %pushi/vec4 1, 0, 1;
    %store/vec4 v00000000008ea750_0, 0, 1;
    %pushi/vec4 0, 0, 1;
    %store/vec4 v00000000008e9710_0, 0, 1;
    %delay 60, 0;
    %pushi/vec4 1, 0, 1;
    %store/vec4 v00000000008ea070_0, 0, 1;
    %pushi/vec4 0, 0, 1;
    %store/vec4 v00000000008e8d10_0, 0, 1;
    %pushi/vec4 1, 0, 1;
    %store/vec4 v00000000008ea750_0, 0, 1;
    %pushi/vec4 1, 0, 1;
    %store/vec4 v00000000008e9710_0, 0, 1;
    %delay 65, 0;
    %pushi/vec4 1, 0, 1;
    %store/vec4 v00000000008ea070_0, 0, 1;
    %pushi/vec4 0, 0, 1;
    %store/vec4 v00000000008e8d10_0, 0, 1;
    %pushi/vec4 1, 0, 1;
    %store/vec4 v00000000008ea750_0, 0, 1;
    %pushi/vec4 0, 0, 1;
    %store/vec4 v00000000008e9710_0, 0, 1;
    %delay 70, 0;
    %pushi/vec4 1, 0, 1;
    %store/vec4 v00000000008ea070_0, 0, 1;
    %pushi/vec4 0, 0, 1;
    %store/vec4 v00000000008e8d10_0, 0, 1;
    %pushi/vec4 0, 0, 1;
    %store/vec4 v00000000008ea750_0, 0, 1;
    %pushi/vec4 1, 0, 1;
    %store/vec4 v00000000008e9710_0, 0, 1;
    %delay 75, 0;
    %pushi/vec4 1, 0, 1;
    %store/vec4 v00000000008ea070_0, 0, 1;
    %pushi/vec4 0, 0, 1;
    %store/vec4 v00000000008e8d10_0, 0, 1;
    %pushi/vec4 1, 0, 1;
    %store/vec4 v00000000008ea750_0, 0, 1;
    %pushi/vec4 0, 0, 1;
    %store/vec4 v00000000008e9710_0, 0, 1;
    %delay 80, 0;
    %pushi/vec4 1, 0, 1;
    %store/vec4 v00000000008ea070_0, 0, 1;
    %pushi/vec4 1, 0, 1;
    %store/vec4 v00000000008e8d10_0, 0, 1;
    %pushi/vec4 1, 0, 1;
    %store/vec4 v00000000008ea750_0, 0, 1;
    %pushi/vec4 0, 0, 1;
    %store/vec4 v00000000008e9710_0, 0, 1;
    %delay 85, 0;
    %pushi/vec4 1, 0, 1;
    %store/vec4 v00000000008ea070_0, 0, 1;
    %pushi/vec4 1, 0, 1;
    %store/vec4 v00000000008e8d10_0, 0, 1;
    %pushi/vec4 1, 0, 1;
    %store/vec4 v00000000008ea750_0, 0, 1;
    %pushi/vec4 1, 0, 1;
    %store/vec4 v00000000008e9710_0, 0, 1;
    %delay 90, 0;
    %pushi/vec4 1, 0, 1;
    %store/vec4 v00000000008ea070_0, 0, 1;
    %pushi/vec4 1, 0, 1;
    %store/vec4 v00000000008e8d10_0, 0, 1;
    %pushi/vec4 1, 0, 1;
    %store/vec4 v00000000008ea750_0, 0, 1;
    %pushi/vec4 0, 0, 1;
    %store/vec4 v00000000008e9710_0, 0, 1;
    %delay 95, 0;
    %pushi/vec4 1, 0, 1;
    %store/vec4 v00000000008ea070_0, 0, 1;
    %pushi/vec4 1, 0, 1;
    %store/vec4 v00000000008e8d10_0, 0, 1;
    %pushi/vec4 0, 0, 1;
    %store/vec4 v00000000008ea750_0, 0, 1;
    %pushi/vec4 1, 0, 1;
    %store/vec4 v00000000008e9710_0, 0, 1;
    %delay 100, 0;
    %pushi/vec4 1, 0, 1;
    %store/vec4 v00000000008ea070_0, 0, 1;
    %pushi/vec4 1, 0, 1;
    %store/vec4 v00000000008e8d10_0, 0, 1;
    %pushi/vec4 1, 0, 1;
    %store/vec4 v00000000008ea750_0, 0, 1;
    %pushi/vec4 0, 0, 1;
    %store/vec4 v00000000008e9710_0, 0, 1;
    %delay 105, 0;
    %pushi/vec4 0, 0, 1;
    %store/vec4 v00000000008ea070_0, 0, 1;
    %pushi/vec4 0, 0, 1;
    %store/vec4 v00000000008e8d10_0, 0, 1;
    %pushi/vec4 1, 0, 1;
    %store/vec4 v00000000008ea750_0, 0, 1;
    %pushi/vec4 0, 0, 1;
    %store/vec4 v00000000008e9710_0, 0, 1;
    %delay 110, 0;
    %pushi/vec4 1, 0, 1;
    %store/vec4 v00000000008ea070_0, 0, 1;
    %pushi/vec4 1, 0, 1;
    %store/vec4 v00000000008e8d10_0, 0, 1;
    %pushi/vec4 1, 0, 1;
    %store/vec4 v00000000008ea750_0, 0, 1;
    %pushi/vec4 0, 0, 1;
    %store/vec4 v00000000008e9710_0, 0, 1;
    %delay 115, 0;
    %pushi/vec4 1, 0, 1;
    %store/vec4 v00000000008ea070_0, 0, 1;
    %pushi/vec4 0, 0, 1;
    %store/vec4 v00000000008e8d10_0, 0, 1;
    %pushi/vec4 1, 0, 1;
    %store/vec4 v00000000008ea750_0, 0, 1;
    %pushi/vec4 0, 0, 1;
    %store/vec4 v00000000008e9710_0, 0, 1;
    %delay 120, 0;
    %pushi/vec4 0, 0, 1;
    %store/vec4 v00000000008ea070_0, 0, 1;
    %pushi/vec4 1, 0, 1;
    %store/vec4 v00000000008e8d10_0, 0, 1;
    %pushi/vec4 1, 0, 1;
    %store/vec4 v00000000008ea750_0, 0, 1;
    %pushi/vec4 0, 0, 1;
    %store/vec4 v00000000008e9710_0, 0, 1;
    %delay 125, 0;
    %pushi/vec4 0, 0, 1;
    %store/vec4 v00000000008ea070_0, 0, 1;
    %pushi/vec4 0, 0, 1;
    %store/vec4 v00000000008e8d10_0, 0, 1;
    %pushi/vec4 1, 0, 1;
    %store/vec4 v00000000008ea750_0, 0, 1;
    %pushi/vec4 0, 0, 1;
    %store/vec4 v00000000008e9710_0, 0, 1;
    %end;
    .thread T_3;
    .scope S_00000000008785d0;
T_4 ;
    %delay 500, 0;
    %vpi_call 2 46 "$finish" {0 0 0};
    %end;
    .thread T_4;
    .scope S_00000000008785d0;
T_5 ;
    %delay 7, 0;
    %load/vec4 v00000000008ea2f0_0;
    %inv;
    %store/vec4 v00000000008ea2f0_0, 0, 1;
    %jmp T_5;
    .thread T_5;
    .scope S_00000000008785d0;
T_6 ;
    %vpi_call 2 52 "$dumpfile", "FSM1_timing.vcd" {0 0 0};
    %vpi_call 2 53 "$dumpvars", 32'sb00000000000000000000000000000000, S_00000000008785d0 {0 0 0};
    %end;
    .thread T_6;
# The file index is used to find the file name in the following table.
:file_names 4;
    "N/A";
    "<interactive>";
    "testbench_FSM1.v";
    "./modulos_FSM1.v";
