#! /usr/local/iverilog/bin/vvp
:ivl_version "11.0 (devel)" "(s20150603-642-g3bdb50da)";
:ivl_delay_selection "TYPICAL";
:vpi_time_precision + 0;
:vpi_module "system";
:vpi_module "vhdl_sys";
:vpi_module "vhdl_textio";
:vpi_module "v2005_math";
:vpi_module "va_math";
S_00000000008ec4a0 .scope module, "testbench" "testbench" 2 3;
 .timescale 0 0;
v000000000112ec50_0 .net "FF_out", 3 0, L_00000000011788b0;  1 drivers
v000000000112e610_0 .net "PC", 11 0, v000000000112df00_0;  1 drivers
v000000000112f6f0_0 .net "accu", 3 0, v00000000008de570_0;  1 drivers
v000000000112f0b0_0 .net "address_RAM", 11 0, L_00000000008e2170;  1 drivers
v000000000112f150_0 .net "c_flag", 0 0, v000000000112c740_0;  1 drivers
v000000000112f1f0_0 .var "clock", 0 0;
RS_00000000010d2868 .resolv tri, L_000000000112e930, L_000000000112fa10, L_0000000001179f30, L_0000000001178a90;
v000000000112e390_0 .net8 "data_bus", 3 0, RS_00000000010d2868;  4 drivers
v000000000112f290_0 .var/i "immediateDelay", 31 0;
v000000000112f330_0 .net "instr", 3 0, v000000000112d6e0_0;  1 drivers
v000000000112fb50_0 .var/i "jumpDelay", 31 0;
v000000000112fc90_0 .var/i "memoryDelay", 31 0;
v000000000112e110_0 .var/i "nota", 31 0;
v000000000112fbf0_0 .net "oprnd", 3 0, v000000000112cb00_0;  1 drivers
v000000000112f3d0_0 .net "phase", 0 0, v000000000112db40_0;  1 drivers
v000000000112e6b0_0 .net "program_byte", 7 0, L_00000000008e1bc0;  1 drivers
v000000000112e4d0_0 .var "pushbuttons", 3 0;
v000000000112f650_0 .var "reset", 0 0;
v000000000112fe70_0 .net "z_flag", 0 0, v000000000112c920_0;  1 drivers
S_00000000008f8860 .scope module, "uPmodule" "uP" 2 17, 3 218 0, S_00000000008ec4a0;
 .timescale 0 0;
    .port_info 0 /INPUT 1 "clock";
    .port_info 1 /INPUT 1 "reset";
    .port_info 2 /INPUT 4 "pushbuttons";
    .port_info 3 /OUTPUT 1 "phase";
    .port_info 4 /OUTPUT 1 "c_flag";
    .port_info 5 /OUTPUT 1 "z_flag";
    .port_info 6 /OUTPUT 4 "instr";
    .port_info 7 /OUTPUT 4 "oprnd";
    .port_info 8 /OUTPUT 4 "data_bus";
    .port_info 9 /OUTPUT 4 "FF_out";
    .port_info 10 /OUTPUT 4 "accu";
    .port_info 11 /OUTPUT 8 "program_byte";
    .port_info 12 /OUTPUT 12 "PC";
    .port_info 13 /OUTPUT 12 "address_RAM";
v000000000112e890_0 .net "FF_out", 3 0, L_00000000011788b0;  alias, 1 drivers
v000000000112e250_0 .net "NOTphase", 0 0, L_00000000008e1c30;  1 drivers
v000000000112ecf0_0 .net "PC", 11 0, v000000000112df00_0;  alias, 1 drivers
v000000000112eb10_0 .net "accu", 3 0, v00000000008de570_0;  alias, 1 drivers
v000000000112ed90_0 .net "address_RAM", 11 0, L_00000000008e2170;  alias, 1 drivers
v000000000112ee30_0 .net "c_flag", 0 0, v000000000112c740_0;  alias, 1 drivers
v000000000112f470_0 .net "carry", 0 0, L_000000000112e2f0;  1 drivers
v000000000112f510_0 .net "clock", 0 0, v000000000112f1f0_0;  1 drivers
v000000000112ff10_0 .net "control", 12 0, v000000000112c380_0;  1 drivers
v000000000112fab0_0 .net8 "data_bus", 3 0, RS_00000000010d2868;  alias, 4 drivers
v000000000112eed0_0 .net "instr", 3 0, v000000000112d6e0_0;  alias, 1 drivers
v000000000112e570_0 .net "oprnd", 3 0, v000000000112cb00_0;  alias, 1 drivers
v000000000112ef70_0 .net "phase", 0 0, v000000000112db40_0;  alias, 1 drivers
v000000000112e750_0 .net "program_byte", 7 0, L_00000000008e1bc0;  alias, 1 drivers
v000000000112e070_0 .net "pushbuttons", 3 0, v000000000112e4d0_0;  1 drivers
v000000000112ea70_0 .net "reset", 0 0, v000000000112f650_0;  1 drivers
v000000000112f010_0 .net "resulALU", 3 0, L_000000000112e1b0;  1 drivers
v000000000112ebb0_0 .net "z_flag", 0 0, v000000000112c920_0;  alias, 1 drivers
v000000000112e7f0_0 .net "zero", 0 0, L_00000000008e2330;  1 drivers
L_000000000112f5b0 .part v000000000112c380_0, 11, 1;
L_000000000112f790 .part v000000000112c380_0, 12, 1;
L_000000000112fd30 .part v000000000112c380_0, 9, 1;
L_000000000112f970 .part v000000000112c380_0, 1, 1;
L_000000000112fdd0 .part v000000000112c380_0, 2, 1;
L_0000000001179df0 .part v000000000112c380_0, 6, 3;
L_0000000001179490 .part v000000000112c380_0, 10, 1;
L_0000000001179e90 .part v000000000112c380_0, 3, 1;
L_0000000001178810 .part v000000000112c380_0, 5, 1;
L_0000000001178450 .part v000000000112c380_0, 4, 1;
L_0000000001179b70 .part v000000000112c380_0, 3, 1;
S_0000000000900610 .scope module, "M1" "UNIONRAM" 3 228, 3 204 0, S_00000000008f8860;
 .timescale 0 0;
    .port_info 0 /INPUT 8 "datoROM";
    .port_info 1 /INPUT 4 "datoOPERAND";
    .port_info 2 /OUTPUT 12 "direccionRAM";
L_00000000008e2170 .functor BUFZ 12, v00000000008e02d0_0, C4<000000000000>, C4<000000000000>, C4<000000000000>;
v00000000008df5b0_0 .net "datoOPERAND", 3 0, v000000000112cb00_0;  alias, 1 drivers
v00000000008ded90_0 .net "datoROM", 7 0, L_00000000008e1bc0;  alias, 1 drivers
v00000000008e02d0_0 .var "direcRAM", 11 0;
v00000000008df790_0 .net "direccionRAM", 11 0, L_00000000008e2170;  alias, 1 drivers
E_000000000090e7f0 .event edge, v00000000008ded90_0, v00000000008df5b0_0;
S_00000000009007a0 .scope module, "M10" "ALU" 3 246, 3 163 0, S_00000000008f8860;
 .timescale 0 0;
    .port_info 0 /INPUT 4 "A";
    .port_info 1 /INPUT 4 "B";
    .port_info 2 /INPUT 3 "operacion";
    .port_info 3 /OUTPUT 1 "carry";
    .port_info 4 /OUTPUT 1 "zero";
    .port_info 5 /OUTPUT 4 "resultado";
L_00000000008e21e0 .functor OR 1, L_000000000112e430, L_00000000011789f0, C4<0>, C4<0>;
L_00000000008e1ca0 .functor OR 1, L_00000000008e21e0, L_0000000001178590, C4<0>, C4<0>;
L_00000000008e1610 .functor OR 1, L_00000000008e1ca0, L_0000000001179d50, C4<0>, C4<0>;
L_00000000008e2330 .functor NOT 1, L_00000000008e1610, C4<0>, C4<0>, C4<0>;
v00000000008de7f0_0 .net "A", 3 0, v00000000008de570_0;  alias, 1 drivers
v00000000008df510_0 .net8 "B", 3 0, RS_00000000010d2868;  alias, 4 drivers
v00000000008dfbf0_0 .net *"_s11", 0 0, L_0000000001178590;  1 drivers
v00000000008df470_0 .net *"_s12", 0 0, L_00000000008e1ca0;  1 drivers
v00000000008dfc90_0 .net *"_s15", 0 0, L_0000000001179d50;  1 drivers
v00000000008dee30_0 .net *"_s16", 0 0, L_00000000008e1610;  1 drivers
v00000000008dffb0_0 .net *"_s5", 0 0, L_000000000112e430;  1 drivers
v00000000008df0b0_0 .net *"_s7", 0 0, L_00000000011789f0;  1 drivers
v00000000008df970_0 .net *"_s8", 0 0, L_00000000008e21e0;  1 drivers
v00000000008df150_0 .net "carry", 0 0, L_000000000112e2f0;  alias, 1 drivers
v00000000008df330_0 .net "operacion", 2 0, L_0000000001179df0;  1 drivers
v00000000008df3d0_0 .var "proceso", 4 0;
v00000000008df8d0_0 .net "resultado", 3 0, L_000000000112e1b0;  alias, 1 drivers
v00000000008dfa10_0 .net "zero", 0 0, L_00000000008e2330;  alias, 1 drivers
E_000000000090fe30 .event edge, v00000000008df330_0, v00000000008df510_0, v00000000008de7f0_0;
L_000000000112e1b0 .part v00000000008df3d0_0, 0, 4;
L_000000000112e2f0 .part v00000000008df3d0_0, 4, 1;
L_000000000112e430 .part v00000000008df3d0_0, 3, 1;
L_00000000011789f0 .part v00000000008df3d0_0, 2, 1;
L_0000000001178590 .part v00000000008df3d0_0, 1, 1;
L_0000000001179d50 .part v00000000008df3d0_0, 0, 1;
S_00000000008ea270 .scope module, "M11" "ACUMULADOR" 3 248, 3 150 0, S_00000000008f8860;
 .timescale 0 0;
    .port_info 0 /INPUT 1 "CLK";
    .port_info 1 /INPUT 1 "ENABLED";
    .port_info 2 /INPUT 1 "RESET";
    .port_info 3 /INPUT 4 "D";
    .port_info 4 /OUTPUT 4 "Q";
v00000000008e0050_0 .net "CLK", 0 0, v000000000112f1f0_0;  alias, 1 drivers
v00000000008dfab0_0 .net "D", 3 0, L_000000000112e1b0;  alias, 1 drivers
v00000000008de4d0_0 .net "ENABLED", 0 0, L_0000000001179490;  1 drivers
v00000000008de570_0 .var "Q", 3 0;
v00000000008de610_0 .net "RESET", 0 0, v000000000112f650_0;  alias, 1 drivers
E_000000000090ff70 .event posedge, v00000000008de610_0, v00000000008e0050_0;
S_00000000008ea400 .scope module, "M12_alu" "BUFFER" 3 250, 3 142 0, S_00000000008f8860;
 .timescale 0 0;
    .port_info 0 /INPUT 1 "ENABLED";
    .port_info 1 /INPUT 4 "A";
    .port_info 2 /OUTPUT 4 "Y";
v00000000008de890_0 .net "A", 3 0, L_000000000112e1b0;  alias, 1 drivers
v00000000008de930_0 .net "ENABLED", 0 0, L_0000000001179e90;  1 drivers
v00000000008d11a0_0 .net8 "Y", 3 0, RS_00000000010d2868;  alias, 4 drivers
o00000000010d2da8 .functor BUFZ 4, C4<zzzz>; HiZ drive
; Elide local net with no drivers, v00000000008d1ce0_0 name=_s0
L_0000000001179f30 .functor MUXZ 4, o00000000010d2da8, L_000000000112e1b0, L_0000000001179e90, C4<>;
S_0000000001099cf0 .scope module, "M13" "RAM" 3 252, 3 186 0, S_00000000008f8860;
 .timescale 0 0;
    .port_info 0 /INPUT 1 "csRAM";
    .port_info 1 /INPUT 1 "weRAM";
    .port_info 2 /INPUT 12 "direccion";
    .port_info 3 /INOUT 4 "datos";
L_00000000008e2250 .functor AND 1, L_0000000001178810, L_0000000001178090, C4<1>, C4<1>;
v00000000008d17e0_0 .net *"_s1", 0 0, L_0000000001178090;  1 drivers
v00000000008d1e20_0 .net *"_s2", 0 0, L_00000000008e2250;  1 drivers
o00000000010d2ec8 .functor BUFZ 4, C4<zzzz>; HiZ drive
; Elide local net with no drivers, v00000000008d1a60_0 name=_s4
v00000000008d1ec0_0 .net "csRAM", 0 0, L_0000000001178810;  1 drivers
v00000000008d1920_0 .net8 "datos", 3 0, RS_00000000010d2868;  alias, 4 drivers
v00000000008d1420_0 .net "direccion", 11 0, L_00000000008e2170;  alias, 1 drivers
v000000000112d320 .array "memory", 4095 0, 3 0;
v000000000112dd20_0 .var "salida", 3 0;
v000000000112de60_0 .net "weRAM", 0 0, L_0000000001178450;  1 drivers
E_000000000090f3f0 .event edge, v00000000008df510_0, v00000000008df790_0, v000000000112de60_0, v00000000008d1ec0_0;
L_0000000001178090 .reduce/nor L_0000000001178450;
L_0000000001178a90 .functor MUXZ 4, o00000000010d2ec8, v000000000112dd20_0, L_00000000008e2250, C4<>;
S_0000000001099e80 .scope module, "M14_salida" "BUFFER" 3 254, 3 142 0, S_00000000008f8860;
 .timescale 0 0;
    .port_info 0 /INPUT 1 "ENABLED";
    .port_info 1 /INPUT 4 "A";
    .port_info 2 /OUTPUT 4 "Y";
v000000000112d3c0_0 .net8 "A", 3 0, RS_00000000010d2868;  alias, 4 drivers
v000000000112d1e0_0 .net "ENABLED", 0 0, L_0000000001179b70;  1 drivers
v000000000112d280_0 .net "Y", 3 0, L_00000000011788b0;  alias, 1 drivers
o00000000010d30a8 .functor BUFZ 4, C4<zzzz>; HiZ drive
; Elide local net with no drivers, v000000000112d140_0 name=_s0
L_00000000011788b0 .functor MUXZ 4, o00000000010d30a8, RS_00000000010d2868, L_0000000001179b70, C4<>;
S_00000000008f9f80 .scope module, "M2" "COUNTER" 3 230, 3 3 0, S_00000000008f8860;
 .timescale 0 0;
    .port_info 0 /INPUT 1 "CLK";
    .port_info 1 /INPUT 1 "RESET";
    .port_info 2 /INPUT 1 "A";
    .port_info 3 /INPUT 1 "enabled";
    .port_info 4 /INPUT 12 "LOAD";
    .port_info 5 /OUTPUT 12 "Y_pc";
v000000000112c420_0 .net "A", 0 0, L_000000000112f5b0;  1 drivers
v000000000112ddc0_0 .net "CLK", 0 0, v000000000112f1f0_0;  alias, 1 drivers
v000000000112c4c0_0 .net "LOAD", 11 0, L_00000000008e2170;  alias, 1 drivers
v000000000112cf60_0 .net "RESET", 0 0, v000000000112f650_0;  alias, 1 drivers
v000000000112df00_0 .var "Y_pc", 11 0;
v000000000112c060_0 .net "enabled", 0 0, L_000000000112f790;  1 drivers
E_000000000090f930 .event posedge, v000000000112c420_0, v00000000008de610_0, v00000000008e0050_0;
S_00000000008fa110 .scope module, "M3" "ROM" 3 232, 3 17 0, S_00000000008f8860;
 .timescale 0 0;
    .port_info 0 /INPUT 12 "Localidad";
    .port_info 1 /OUTPUT 8 "dato";
L_00000000008e1bc0 .functor BUFZ 8, L_000000000112f830, C4<00000000>, C4<00000000>, C4<00000000>;
v000000000112d0a0_0 .net "Localidad", 11 0, v000000000112df00_0;  alias, 1 drivers
v000000000112d5a0 .array "Memoria", 4095 0, 7 0;
v000000000112c880_0 .net *"_s0", 7 0, L_000000000112f830;  1 drivers
v000000000112d460_0 .net *"_s2", 13 0, L_000000000112f8d0;  1 drivers
L_0000000001130038 .functor BUFT 1, C4<00>, C4<0>, C4<0>, C4<0>;
v000000000112d500_0 .net *"_s5", 1 0, L_0000000001130038;  1 drivers
v000000000112c9c0_0 .net "dato", 7 0, L_00000000008e1bc0;  alias, 1 drivers
L_000000000112f830 .array/port v000000000112d5a0, L_000000000112f8d0;
L_000000000112f8d0 .concat [ 12 2 0 0], v000000000112df00_0, L_0000000001130038;
S_0000000000891640 .scope module, "M4" "FETCH" 3 234, 3 30 0, S_00000000008f8860;
 .timescale 0 0;
    .port_info 0 /INPUT 1 "CLK";
    .port_info 1 /INPUT 1 "ENABLED";
    .port_info 2 /INPUT 1 "RESET";
    .port_info 3 /INPUT 8 "D";
    .port_info 4 /OUTPUT 4 "Q_instrc";
    .port_info 5 /OUTPUT 4 "Q_operand";
v000000000112d000_0 .net "CLK", 0 0, v000000000112f1f0_0;  alias, 1 drivers
v000000000112d640_0 .net "D", 7 0, L_00000000008e1bc0;  alias, 1 drivers
v000000000112ca60_0 .net "ENABLED", 0 0, L_00000000008e1c30;  alias, 1 drivers
v000000000112d6e0_0 .var "Q_instrc", 3 0;
v000000000112cb00_0 .var "Q_operand", 3 0;
v000000000112cba0_0 .net "RESET", 0 0, v000000000112f650_0;  alias, 1 drivers
S_00000000008917d0 .scope module, "M5" "PHASE" 3 236, 3 64 0, S_00000000008f8860;
 .timescale 0 0;
    .port_info 0 /INPUT 1 "CLK";
    .port_info 1 /INPUT 1 "RESET";
    .port_info 2 /OUTPUT 1 "Q_phase";
    .port_info 3 /OUTPUT 1 "N_phase";
L_00000000008e1c30 .functor NOT 1, v000000000112db40_0, C4<0>, C4<0>, C4<0>;
v000000000112d780_0 .net "CLK", 0 0, v000000000112f1f0_0;  alias, 1 drivers
v000000000112d820_0 .net "N_phase", 0 0, L_00000000008e1c30;  alias, 1 drivers
v000000000112db40_0 .var "Q_phase", 0 0;
v000000000112cc40_0 .net "RESET", 0 0, v000000000112f650_0;  alias, 1 drivers
S_000000000089cec0 .scope module, "M6" "FLAG" 3 238, 3 47 0, S_00000000008f8860;
 .timescale 0 0;
    .port_info 0 /INPUT 1 "CLK";
    .port_info 1 /INPUT 1 "carry";
    .port_info 2 /INPUT 1 "zero";
    .port_info 3 /INPUT 1 "ENABLED";
    .port_info 4 /INPUT 1 "RESET";
    .port_info 5 /OUTPUT 1 "c_flag";
    .port_info 6 /OUTPUT 1 "z_flag";
v000000000112d8c0_0 .net "CLK", 0 0, v000000000112f1f0_0;  alias, 1 drivers
v000000000112d960_0 .net "ENABLED", 0 0, L_000000000112fd30;  1 drivers
v000000000112cce0_0 .net "RESET", 0 0, v000000000112f650_0;  alias, 1 drivers
v000000000112c740_0 .var "c_flag", 0 0;
v000000000112c560_0 .net "carry", 0 0, L_000000000112e2f0;  alias, 1 drivers
v000000000112c920_0 .var "z_flag", 0 0;
v000000000112cd80_0 .net "zero", 0 0, L_00000000008e2330;  alias, 1 drivers
S_000000000089d050 .scope module, "M7" "DECODE" 3 240, 3 81 0, S_00000000008f8860;
 .timescale 0 0;
    .port_info 0 /INPUT 1 "Q_phase";
    .port_info 1 /INPUT 1 "c_flag";
    .port_info 2 /INPUT 1 "z_flag";
    .port_info 3 /INPUT 4 "instruccion";
    .port_info 4 /OUTPUT 13 "signal_control";
v000000000112ce20_0 .net "Q_phase", 0 0, v000000000112db40_0;  alias, 1 drivers
v000000000112cec0_0 .net "c_flag", 0 0, v000000000112c740_0;  alias, 1 drivers
v000000000112c380_0 .var "cable", 12 0;
v000000000112da00_0 .net "instruccion", 3 0, v000000000112d6e0_0;  alias, 1 drivers
v000000000112daa0_0 .var "localidad", 6 0;
v000000000112dc80_0 .net "signal_control", 12 0, v000000000112c380_0;  alias, 1 drivers
v000000000112c100_0 .net "z_flag", 0 0, v000000000112c920_0;  alias, 1 drivers
E_000000000090f370 .event edge, v000000000112daa0_0;
E_000000000090fc70 .event edge, v000000000112db40_0, v000000000112c920_0, v000000000112c740_0, v000000000112d6e0_0;
S_0000000000890700 .scope module, "M8_oprnd" "BUFFER" 3 242, 3 142 0, S_00000000008f8860;
 .timescale 0 0;
    .port_info 0 /INPUT 1 "ENABLED";
    .port_info 1 /INPUT 4 "A";
    .port_info 2 /OUTPUT 4 "Y";
v000000000112dbe0_0 .net "A", 3 0, v000000000112cb00_0;  alias, 1 drivers
v000000000112c1a0_0 .net "ENABLED", 0 0, L_000000000112f970;  1 drivers
v000000000112c240_0 .net8 "Y", 3 0, RS_00000000010d2868;  alias, 4 drivers
o00000000010d3a08 .functor BUFZ 4, C4<zzzz>; HiZ drive
; Elide local net with no drivers, v000000000112c2e0_0 name=_s0
L_000000000112e930 .functor MUXZ 4, o00000000010d3a08, v000000000112cb00_0, L_000000000112f970, C4<>;
S_0000000000890890 .scope module, "M9_pushbottons" "BUFFER" 3 244, 3 142 0, S_00000000008f8860;
 .timescale 0 0;
    .port_info 0 /INPUT 1 "ENABLED";
    .port_info 1 /INPUT 4 "A";
    .port_info 2 /OUTPUT 4 "Y";
v000000000112c600_0 .net "A", 3 0, v000000000112e4d0_0;  alias, 1 drivers
v000000000112c6a0_0 .net "ENABLED", 0 0, L_000000000112fdd0;  1 drivers
v000000000112c7e0_0 .net8 "Y", 3 0, RS_00000000010d2868;  alias, 4 drivers
o00000000010d3b28 .functor BUFZ 4, C4<zzzz>; HiZ drive
; Elide local net with no drivers, v000000000112e9d0_0 name=_s0
L_000000000112fa10 .functor MUXZ 4, o00000000010d3b28, v000000000112e4d0_0, L_000000000112fdd0, C4<>;
    .scope S_0000000000900610;
T_0 ;
    %wait E_000000000090e7f0;
    %load/vec4 v00000000008ded90_0;
    %ix/load 4, 0, 0;
    %ix/load 5, 0, 0;
    %flag_set/imm 4, 0;
    %assign/vec4/off/d v00000000008e02d0_0, 4, 5;
    %load/vec4 v00000000008df5b0_0;
    %ix/load 4, 8, 0;
    %ix/load 5, 0, 0;
    %flag_set/imm 4, 0;
    %assign/vec4/off/d v00000000008e02d0_0, 4, 5;
    %jmp T_0;
    .thread T_0, $push;
    .scope S_00000000008f9f80;
T_1 ;
    %wait E_000000000090f930;
    %load/vec4 v000000000112cf60_0;
    %flag_set/vec4 8;
    %jmp/0xz  T_1.0, 8;
    %pushi/vec4 0, 0, 12;
    %assign/vec4 v000000000112df00_0, 0;
    %jmp T_1.1;
T_1.0 ;
    %load/vec4 v000000000112c420_0;
    %flag_set/vec4 8;
    %jmp/0xz  T_1.2, 8;
    %load/vec4 v000000000112c4c0_0;
    %assign/vec4 v000000000112df00_0, 0;
    %jmp T_1.3;
T_1.2 ;
    %load/vec4 v000000000112c060_0;
    %flag_set/vec4 8;
    %jmp/0xz  T_1.4, 8;
    %load/vec4 v000000000112df00_0;
    %addi 1, 0, 12;
    %assign/vec4 v000000000112df00_0, 0;
T_1.4 ;
T_1.3 ;
T_1.1 ;
    %jmp T_1;
    .thread T_1;
    .scope S_00000000008fa110;
T_2 ;
    %vpi_call 3 22 "$readmemh", "memory.list", v000000000112d5a0 {0 0 0};
    %end;
    .thread T_2;
    .scope S_0000000000891640;
T_3 ;
    %wait E_000000000090ff70;
    %load/vec4 v000000000112cba0_0;
    %flag_set/vec4 8;
    %jmp/0xz  T_3.0, 8;
    %pushi/vec4 0, 0, 4;
    %assign/vec4 v000000000112d6e0_0, 0;
    %pushi/vec4 0, 0, 4;
    %assign/vec4 v000000000112cb00_0, 0;
    %jmp T_3.1;
T_3.0 ;
    %load/vec4 v000000000112ca60_0;
    %flag_set/vec4 8;
    %jmp/0xz  T_3.2, 8;
    %load/vec4 v000000000112d640_0;
    %parti/s 4, 4, 4;
    %assign/vec4 v000000000112d6e0_0, 0;
    %load/vec4 v000000000112d640_0;
    %parti/s 4, 0, 2;
    %assign/vec4 v000000000112cb00_0, 0;
T_3.2 ;
T_3.1 ;
    %jmp T_3;
    .thread T_3;
    .scope S_00000000008917d0;
T_4 ;
    %wait E_000000000090ff70;
    %load/vec4 v000000000112cc40_0;
    %flag_set/vec4 8;
    %jmp/0xz  T_4.0, 8;
    %pushi/vec4 0, 0, 1;
    %assign/vec4 v000000000112db40_0, 0;
    %jmp T_4.1;
T_4.0 ;
    %load/vec4 v000000000112db40_0;
    %inv;
    %assign/vec4 v000000000112db40_0, 0;
T_4.1 ;
    %jmp T_4;
    .thread T_4;
    .scope S_000000000089cec0;
T_5 ;
    %wait E_000000000090ff70;
    %load/vec4 v000000000112cce0_0;
    %flag_set/vec4 8;
    %jmp/0xz  T_5.0, 8;
    %pushi/vec4 0, 0, 1;
    %assign/vec4 v000000000112c740_0, 0;
    %pushi/vec4 0, 0, 1;
    %assign/vec4 v000000000112c920_0, 0;
    %jmp T_5.1;
T_5.0 ;
    %load/vec4 v000000000112d960_0;
    %flag_set/vec4 8;
    %jmp/0xz  T_5.2, 8;
    %load/vec4 v000000000112c560_0;
    %assign/vec4 v000000000112c740_0, 0;
    %load/vec4 v000000000112cd80_0;
    %assign/vec4 v000000000112c920_0, 0;
T_5.2 ;
T_5.1 ;
    %jmp T_5;
    .thread T_5;
    .scope S_000000000089d050;
T_6 ;
    %wait E_000000000090fc70;
    %load/vec4 v000000000112ce20_0;
    %ix/load 4, 0, 0;
    %ix/load 5, 0, 0;
    %flag_set/imm 4, 0;
    %assign/vec4/off/d v000000000112daa0_0, 4, 5;
    %load/vec4 v000000000112c100_0;
    %ix/load 4, 1, 0;
    %ix/load 5, 0, 0;
    %flag_set/imm 4, 0;
    %assign/vec4/off/d v000000000112daa0_0, 4, 5;
    %load/vec4 v000000000112cec0_0;
    %ix/load 4, 2, 0;
    %ix/load 5, 0, 0;
    %flag_set/imm 4, 0;
    %assign/vec4/off/d v000000000112daa0_0, 4, 5;
    %load/vec4 v000000000112da00_0;
    %ix/load 4, 3, 0;
    %ix/load 5, 0, 0;
    %flag_set/imm 4, 0;
    %assign/vec4/off/d v000000000112daa0_0, 4, 5;
    %jmp T_6;
    .thread T_6, $push;
    .scope S_000000000089d050;
T_7 ;
    %wait E_000000000090f370;
    %load/vec4 v000000000112daa0_0;
    %dup/vec4;
    %pushi/vec4 0, 126, 7;
    %cmp/z;
    %jmp/1 T_7.0, 4;
    %dup/vec4;
    %pushi/vec4 5, 2, 7;
    %cmp/z;
    %jmp/1 T_7.1, 4;
    %dup/vec4;
    %pushi/vec4 1, 2, 7;
    %cmp/z;
    %jmp/1 T_7.2, 4;
    %dup/vec4;
    %pushi/vec4 13, 2, 7;
    %cmp/z;
    %jmp/1 T_7.3, 4;
    %dup/vec4;
    %pushi/vec4 9, 2, 7;
    %cmp/z;
    %jmp/1 T_7.4, 4;
    %dup/vec4;
    %pushi/vec4 17, 6, 7;
    %cmp/z;
    %jmp/1 T_7.5, 4;
    %dup/vec4;
    %pushi/vec4 25, 6, 7;
    %cmp/z;
    %jmp/1 T_7.6, 4;
    %dup/vec4;
    %pushi/vec4 33, 6, 7;
    %cmp/z;
    %jmp/1 T_7.7, 4;
    %dup/vec4;
    %pushi/vec4 41, 6, 7;
    %cmp/z;
    %jmp/1 T_7.8, 4;
    %dup/vec4;
    %pushi/vec4 49, 6, 7;
    %cmp/z;
    %jmp/1 T_7.9, 4;
    %dup/vec4;
    %pushi/vec4 57, 6, 7;
    %cmp/z;
    %jmp/1 T_7.10, 4;
    %dup/vec4;
    %pushi/vec4 67, 4, 7;
    %cmp/z;
    %jmp/1 T_7.11, 4;
    %dup/vec4;
    %pushi/vec4 65, 4, 7;
    %cmp/z;
    %jmp/1 T_7.12, 4;
    %dup/vec4;
    %pushi/vec4 75, 4, 7;
    %cmp/z;
    %jmp/1 T_7.13, 4;
    %dup/vec4;
    %pushi/vec4 73, 4, 7;
    %cmp/z;
    %jmp/1 T_7.14, 4;
    %dup/vec4;
    %pushi/vec4 81, 6, 7;
    %cmp/z;
    %jmp/1 T_7.15, 4;
    %dup/vec4;
    %pushi/vec4 89, 6, 7;
    %cmp/z;
    %jmp/1 T_7.16, 4;
    %dup/vec4;
    %pushi/vec4 97, 6, 7;
    %cmp/z;
    %jmp/1 T_7.17, 4;
    %dup/vec4;
    %pushi/vec4 105, 6, 7;
    %cmp/z;
    %jmp/1 T_7.18, 4;
    %dup/vec4;
    %pushi/vec4 113, 6, 7;
    %cmp/z;
    %jmp/1 T_7.19, 4;
    %dup/vec4;
    %pushi/vec4 121, 6, 7;
    %cmp/z;
    %jmp/1 T_7.20, 4;
    %pushi/vec4 8191, 0, 13;
    %assign/vec4 v000000000112c380_0, 0;
    %jmp T_7.22;
T_7.0 ;
    %pushi/vec4 4104, 0, 13;
    %assign/vec4 v000000000112c380_0, 0;
    %jmp T_7.22;
T_7.1 ;
    %pushi/vec4 2056, 0, 13;
    %assign/vec4 v000000000112c380_0, 0;
    %jmp T_7.22;
T_7.2 ;
    %pushi/vec4 4104, 0, 13;
    %assign/vec4 v000000000112c380_0, 0;
    %jmp T_7.22;
T_7.3 ;
    %pushi/vec4 4104, 0, 13;
    %assign/vec4 v000000000112c380_0, 0;
    %jmp T_7.22;
T_7.4 ;
    %pushi/vec4 2056, 0, 13;
    %assign/vec4 v000000000112c380_0, 0;
    %jmp T_7.22;
T_7.5 ;
    %pushi/vec4 578, 0, 13;
    %assign/vec4 v000000000112c380_0, 0;
    %jmp T_7.22;
T_7.6 ;
    %pushi/vec4 4704, 0, 13;
    %assign/vec4 v000000000112c380_0, 0;
    %jmp T_7.22;
T_7.7 ;
    %pushi/vec4 1666, 0, 13;
    %assign/vec4 v000000000112c380_0, 0;
    %jmp T_7.22;
T_7.8 ;
    %pushi/vec4 1668, 0, 13;
    %assign/vec4 v000000000112c380_0, 0;
    %jmp T_7.22;
T_7.9 ;
    %pushi/vec4 5792, 0, 13;
    %assign/vec4 v000000000112c380_0, 0;
    %jmp T_7.22;
T_7.10 ;
    %pushi/vec4 4152, 0, 13;
    %assign/vec4 v000000000112c380_0, 0;
    %jmp T_7.22;
T_7.11 ;
    %pushi/vec4 2056, 0, 13;
    %assign/vec4 v000000000112c380_0, 0;
    %jmp T_7.22;
T_7.12 ;
    %pushi/vec4 4104, 0, 13;
    %assign/vec4 v000000000112c380_0, 0;
    %jmp T_7.22;
T_7.13 ;
    %pushi/vec4 4104, 0, 13;
    %assign/vec4 v000000000112c380_0, 0;
    %jmp T_7.22;
T_7.14 ;
    %pushi/vec4 2056, 0, 13;
    %assign/vec4 v000000000112c380_0, 0;
    %jmp T_7.22;
T_7.15 ;
    %pushi/vec4 1730, 0, 13;
    %assign/vec4 v000000000112c380_0, 0;
    %jmp T_7.22;
T_7.16 ;
    %pushi/vec4 5856, 0, 13;
    %assign/vec4 v000000000112c380_0, 0;
    %jmp T_7.22;
T_7.17 ;
    %pushi/vec4 2056, 0, 13;
    %assign/vec4 v000000000112c380_0, 0;
    %jmp T_7.22;
T_7.18 ;
    %pushi/vec4 9, 0, 13;
    %assign/vec4 v000000000112c380_0, 0;
    %jmp T_7.22;
T_7.19 ;
    %pushi/vec4 1794, 0, 13;
    %assign/vec4 v000000000112c380_0, 0;
    %jmp T_7.22;
T_7.20 ;
    %pushi/vec4 5920, 0, 13;
    %assign/vec4 v000000000112c380_0, 0;
    %jmp T_7.22;
T_7.22 ;
    %pop/vec4 1;
    %jmp T_7;
    .thread T_7, $push;
    .scope S_00000000009007a0;
T_8 ;
    %wait E_000000000090fe30;
    %load/vec4 v00000000008df330_0;
    %dup/vec4;
    %pushi/vec4 0, 0, 3;
    %cmp/u;
    %jmp/1 T_8.0, 6;
    %dup/vec4;
    %pushi/vec4 1, 0, 3;
    %cmp/u;
    %jmp/1 T_8.1, 6;
    %dup/vec4;
    %pushi/vec4 2, 0, 3;
    %cmp/u;
    %jmp/1 T_8.2, 6;
    %dup/vec4;
    %pushi/vec4 3, 0, 3;
    %cmp/u;
    %jmp/1 T_8.3, 6;
    %dup/vec4;
    %pushi/vec4 4, 0, 3;
    %cmp/u;
    %jmp/1 T_8.4, 6;
    %pushi/vec4 21, 0, 5;
    %store/vec4 v00000000008df3d0_0, 0, 5;
    %jmp T_8.6;
T_8.0 ;
    %load/vec4 v00000000008de7f0_0;
    %pad/u 5;
    %store/vec4 v00000000008df3d0_0, 0, 5;
    %jmp T_8.6;
T_8.1 ;
    %load/vec4 v00000000008de7f0_0;
    %pad/u 5;
    %load/vec4 v00000000008df510_0;
    %pad/u 5;
    %sub;
    %store/vec4 v00000000008df3d0_0, 0, 5;
    %jmp T_8.6;
T_8.2 ;
    %load/vec4 v00000000008df510_0;
    %pad/u 5;
    %store/vec4 v00000000008df3d0_0, 0, 5;
    %jmp T_8.6;
T_8.3 ;
    %load/vec4 v00000000008de7f0_0;
    %pad/u 5;
    %load/vec4 v00000000008df510_0;
    %pad/u 5;
    %add;
    %store/vec4 v00000000008df3d0_0, 0, 5;
    %jmp T_8.6;
T_8.4 ;
    %pushi/vec4 0, 0, 1;
    %load/vec4 v00000000008de7f0_0;
    %load/vec4 v00000000008df510_0;
    %and;
    %inv;
    %concat/vec4; draw_concat_vec4
    %store/vec4 v00000000008df3d0_0, 0, 5;
    %jmp T_8.6;
T_8.6 ;
    %pop/vec4 1;
    %jmp T_8;
    .thread T_8, $push;
    .scope S_00000000008ea270;
T_9 ;
    %wait E_000000000090ff70;
    %load/vec4 v00000000008de610_0;
    %flag_set/vec4 8;
    %jmp/0xz  T_9.0, 8;
    %pushi/vec4 0, 0, 4;
    %assign/vec4 v00000000008de570_0, 0;
    %jmp T_9.1;
T_9.0 ;
    %load/vec4 v00000000008de4d0_0;
    %flag_set/vec4 8;
    %jmp/0xz  T_9.2, 8;
    %load/vec4 v00000000008dfab0_0;
    %assign/vec4 v00000000008de570_0, 0;
T_9.2 ;
T_9.1 ;
    %jmp T_9;
    .thread T_9;
    .scope S_0000000001099cf0;
T_10 ;
    %wait E_000000000090f3f0;
    %load/vec4 v00000000008d1ec0_0;
    %pad/u 32;
    %pushi/vec4 1, 0, 32;
    %cmp/e;
    %flag_get/vec4 4;
    %load/vec4 v000000000112de60_0;
    %pad/u 32;
    %pushi/vec4 1, 0, 32;
    %cmp/e;
    %flag_get/vec4 4;
    %and;
    %flag_set/vec4 8;
    %jmp/0xz  T_10.0, 8;
    %load/vec4 v00000000008d1920_0;
    %load/vec4 v00000000008d1420_0;
    %pad/u 14;
    %ix/vec4 3;
    %ix/load 4, 0, 0; Constant delay
    %assign/vec4/a/d v000000000112d320, 0, 4;
    %jmp T_10.1;
T_10.0 ;
    %load/vec4 v00000000008d1ec0_0;
    %pad/u 32;
    %pushi/vec4 1, 0, 32;
    %cmp/e;
    %flag_get/vec4 4;
    %load/vec4 v000000000112de60_0;
    %pad/u 32;
    %pushi/vec4 0, 0, 32;
    %cmp/e;
    %flag_get/vec4 4;
    %and;
    %flag_set/vec4 8;
    %jmp/0xz  T_10.2, 8;
    %load/vec4 v00000000008d1420_0;
    %pad/u 14;
    %ix/vec4 4;
    %load/vec4a v000000000112d320, 4;
    %assign/vec4 v000000000112dd20_0, 0;
T_10.2 ;
T_10.1 ;
    %jmp T_10;
    .thread T_10, $push;
    .scope S_00000000008ec4a0;
T_11 ;
    %pushi/vec4 0, 0, 32;
    %store/vec4 v000000000112e110_0, 0, 32;
    %pushi/vec4 16, 0, 32;
    %store/vec4 v000000000112f290_0, 0, 32;
    %pushi/vec4 656, 0, 32;
    %store/vec4 v000000000112fb50_0, 0, 32;
    %pushi/vec4 276, 0, 32;
    %store/vec4 v000000000112fc90_0, 0, 32;
    %end;
    .thread T_11;
    .scope S_00000000008ec4a0;
T_12 ;
    %delay 1000, 0;
    %vpi_call 2 33 "$finish" {0 0 0};
    %end;
    .thread T_12;
    .scope S_00000000008ec4a0;
T_13 ;
    %delay 5, 0;
    %load/vec4 v000000000112f1f0_0;
    %inv;
    %store/vec4 v000000000112f1f0_0, 0, 1;
    %jmp T_13;
    .thread T_13;
    .scope S_00000000008ec4a0;
T_14 ;
    %pushi/vec4 0, 0, 1;
    %store/vec4 v000000000112f1f0_0, 0, 1;
    %pushi/vec4 0, 0, 1;
    %store/vec4 v000000000112f650_0, 0, 1;
    %pushi/vec4 6, 0, 4;
    %store/vec4 v000000000112e4d0_0, 0, 4;
    %pushi/vec4 0, 0, 32;
    %store/vec4 v000000000112e110_0, 0, 32;
    %delay 2, 0;
    %pushi/vec4 1, 0, 1;
    %store/vec4 v000000000112f650_0, 0, 1;
    %delay 1, 0;
    %pushi/vec4 0, 0, 1;
    %store/vec4 v000000000112f650_0, 0, 1;
    %vpi_call 2 42 "$display", "\012" {0 0 0};
    %vpi_call 2 43 "$display", "Bienvenido al testbench de su proyecto" {0 0 0};
    %vpi_call 2 44 "$display", "\012" {0 0 0};
    %vpi_call 2 45 "$display", "Para facilitar el c\303\263digo del testbench la nota se ha" {0 0 0};
    %vpi_call 2 46 "$display", "multplicado por 10. Es decir, la nota m\303\241xima de esta" {0 0 0};
    %vpi_call 2 47 "$display", "prueba es de 900. Obviamente su nota en Canvas no ser\303\241 de" {0 0 0};
    %vpi_call 2 48 "$display", "ese valor sino que se dividir\303\241 dentro de 10." {0 0 0};
    %vpi_call 2 49 "$display", "Es decir, su nota es sobre 9.0 puntos netos." {0 0 0};
    %vpi_call 2 50 "$display", "\012" {0 0 0};
    %end;
    .thread T_14;
    .scope S_00000000008ec4a0;
T_15 ;
    %vpi_call 2 54 "$dumpfile", "uP_tb.vcd" {0 0 0};
    %vpi_call 2 55 "$dumpvars", 32'sb00000000000000000000000000000000, S_00000000008ec4a0 {0 0 0};
    %end;
    .thread T_15;
    .scope S_00000000008ec4a0;
T_16 ;
    %load/vec4 v000000000112f290_0;
    %pad/s 64;
    %muli 1, 0, 64;
    %ix/vec4 4;
    %delayx 4;
    %load/vec4 v000000000112e610_0;
    %pushi/vec4 1, 0, 12;
    %cmp/e;
    %flag_get/vec4 6;
    %load/vec4 v000000000112f6f0_0;
    %pushi/vec4 15, 0, 4;
    %cmp/e;
    %flag_get/vec4 6;
    %and;
    %flag_set/vec4 8;
    %jmp/0xz  T_16.0, 8;
    %load/vec4 v000000000112e110_0;
    %addi 70, 0, 32;
    %store/vec4 v000000000112e110_0, 0, 32;
    %vpi_call 2 62 "$display", "LIT funciona bien. Su nota es: %d/900", v000000000112e110_0 {0 0 0};
    %jmp T_16.1;
T_16.0 ;
    %vpi_call 2 65 "$display", "LIT NO funciona bien. Su nota es: %d/900", v000000000112e110_0 {0 0 0};
T_16.1 ;
    %end;
    .thread T_16;
    .scope S_00000000008ec4a0;
T_17 ;
    %load/vec4 v000000000112f290_0;
    %addi 20, 0, 32;
    %pad/s 64;
    %muli 1, 0, 64;
    %ix/vec4 4;
    %delayx 4;
    %load/vec4 v000000000112e610_0;
    %pushi/vec4 2, 0, 12;
    %cmp/e;
    %flag_get/vec4 6;
    %load/vec4 v000000000112f6f0_0;
    %pushi/vec4 15, 0, 4;
    %cmp/e;
    %flag_get/vec4 6;
    %and;
    %load/vec4 v000000000112ec50_0;
    %pushi/vec4 15, 0, 4;
    %cmp/e;
    %flag_get/vec4 6;
    %and;
    %flag_set/vec4 8;
    %jmp/0xz  T_17.0, 8;
    %load/vec4 v000000000112e110_0;
    %addi 33, 0, 32;
    %store/vec4 v000000000112e110_0, 0, 32;
    %vpi_call 2 72 "$display", "OUT parece funcionar bien. Su nota es: %d/900", v000000000112e110_0 {0 0 0};
    %jmp T_17.1;
T_17.0 ;
    %vpi_call 2 75 "$display", "OUT NO funciona bien. Su nota es: %d/900", v000000000112e110_0 {0 0 0};
T_17.1 ;
    %end;
    .thread T_17;
    .scope S_00000000008ec4a0;
T_18 ;
    %load/vec4 v000000000112f290_0;
    %addi 40, 0, 32;
    %pad/s 64;
    %muli 1, 0, 64;
    %ix/vec4 4;
    %delayx 4;
    %load/vec4 v000000000112e610_0;
    %pushi/vec4 3, 0, 12;
    %cmp/e;
    %flag_get/vec4 6;
    %load/vec4 v000000000112f6f0_0;
    %pushi/vec4 6, 0, 4;
    %cmp/e;
    %flag_get/vec4 6;
    %and;
    %flag_set/vec4 8;
    %jmp/0xz  T_18.0, 8;
    %load/vec4 v000000000112e110_0;
    %addi 33, 0, 32;
    %store/vec4 v000000000112e110_0, 0, 32;
    %vpi_call 2 82 "$display", "IN parece funcionar bien. Su nota es: %d/900", v000000000112e110_0 {0 0 0};
    %jmp T_18.1;
T_18.0 ;
    %vpi_call 2 85 "$display", "IN NO funciona bien. Su nota es: %d/900", v000000000112e110_0 {0 0 0};
T_18.1 ;
    %end;
    .thread T_18;
    .scope S_00000000008ec4a0;
T_19 ;
    %load/vec4 v000000000112f290_0;
    %addi 60, 0, 32;
    %pad/s 64;
    %muli 1, 0, 64;
    %ix/vec4 4;
    %delayx 4;
    %load/vec4 v000000000112e610_0;
    %pushi/vec4 4, 0, 12;
    %cmp/e;
    %flag_get/vec4 6;
    %load/vec4 v000000000112f6f0_0;
    %pushi/vec4 0, 0, 4;
    %cmp/e;
    %flag_get/vec4 6;
    %and;
    %load/vec4 v000000000112fe70_0;
    %pushi/vec4 1, 0, 1;
    %cmp/e;
    %flag_get/vec4 6;
    %and;
    %flag_set/vec4 8;
    %jmp/0xz  T_19.0, 8;
    %vpi_call 2 91 "$display", "La bandera zero se encendi\303\263 al colocar 4'b0000 en la salida de la ALU." {0 0 0};
    %jmp T_19.1;
T_19.0 ;
    %vpi_call 2 94 "$display", "La bandera zero NO se encendi\303\263 al colocar 4'b0000 en la salida de la ALU.", v000000000112e110_0 {0 0 0};
T_19.1 ;
    %end;
    .thread T_19;
    .scope S_00000000008ec4a0;
T_20 ;
    %load/vec4 v000000000112f290_0;
    %addi 100, 0, 32;
    %pad/s 64;
    %muli 1, 0, 64;
    %ix/vec4 4;
    %delayx 4;
    %load/vec4 v000000000112e610_0;
    %pushi/vec4 6, 0, 12;
    %cmp/e;
    %flag_get/vec4 6;
    %load/vec4 v000000000112f6f0_0;
    %pushi/vec4 9, 0, 4;
    %cmp/e;
    %flag_get/vec4 6;
    %and;
    %load/vec4 v000000000112f150_0;
    %pushi/vec4 1, 0, 1;
    %cmp/e;
    %flag_get/vec4 6;
    %and;
    %flag_set/vec4 8;
    %jmp/0xz  T_20.0, 8;
    %load/vec4 v000000000112e110_0;
    %addi 33, 0, 32;
    %store/vec4 v000000000112e110_0, 0, 32;
    %vpi_call 2 101 "$display", "ADDI y la bandera carry funcionan bien. Su nota es: %d/900", v000000000112e110_0 {0 0 0};
    %jmp T_20.1;
T_20.0 ;
    %vpi_call 2 104 "$display", "ADDI y/o la bandera carry NO funcionan bien. Su nota es: %d/900", v000000000112e110_0 {0 0 0};
T_20.1 ;
    %end;
    .thread T_20;
    .scope S_00000000008ec4a0;
T_21 ;
    %load/vec4 v000000000112f290_0;
    %addi 120, 0, 32;
    %pad/s 64;
    %muli 1, 0, 64;
    %ix/vec4 4;
    %delayx 4;
    %load/vec4 v000000000112e610_0;
    %pushi/vec4 7, 0, 12;
    %cmp/e;
    %flag_get/vec4 6;
    %load/vec4 v000000000112f6f0_0;
    %pushi/vec4 9, 0, 4;
    %cmp/e;
    %flag_get/vec4 6;
    %and;
    %load/vec4 v000000000112f150_0;
    %pushi/vec4 0, 0, 1;
    %cmp/e;
    %flag_get/vec4 6;
    %and;
    %flag_set/vec4 8;
    %jmp/0xz  T_21.0, 8;
    %load/vec4 v000000000112e110_0;
    %addi 33, 0, 32;
    %store/vec4 v000000000112e110_0, 0, 32;
    %vpi_call 2 111 "$display", "CMPI de A > B hace que la bandera carry est\303\251 en 0 (como deber\303\255a estar). Su nota es %d/900", v000000000112e110_0 {0 0 0};
    %jmp T_21.1;
T_21.0 ;
    %vpi_call 2 114 "$display", "CMPI de A > B causa que la bandera carry est\303\251 en 1 o modific\303\263 el valor del Accu. Su nota es %d/900", v000000000112e110_0 {0 0 0};
T_21.1 ;
    %end;
    .thread T_21;
    .scope S_00000000008ec4a0;
T_22 ;
    %load/vec4 v000000000112f290_0;
    %addi 160, 0, 32;
    %pad/s 64;
    %muli 1, 0, 64;
    %ix/vec4 4;
    %delayx 4;
    %load/vec4 v000000000112e610_0;
    %pushi/vec4 9, 0, 12;
    %cmp/e;
    %flag_get/vec4 6;
    %load/vec4 v000000000112f6f0_0;
    %pushi/vec4 10, 0, 4;
    %cmp/e;
    %flag_get/vec4 6;
    %and;
    %load/vec4 v000000000112f150_0;
    %pushi/vec4 1, 0, 1;
    %cmp/e;
    %flag_get/vec4 6;
    %and;
    %flag_set/vec4 8;
    %jmp/0xz  T_22.0, 8;
    %load/vec4 v000000000112e110_0;
    %addi 33, 0, 32;
    %store/vec4 v000000000112e110_0, 0, 32;
    %vpi_call 2 121 "$display", "CMPI de A < B hace que la bandera carry est\303\251 en 1 (como deber\303\255a estar). Su nota es %d/900", v000000000112e110_0 {0 0 0};
    %jmp T_22.1;
T_22.0 ;
    %vpi_call 2 124 "$display", "CMPI de A > B causa que la bandera carry est\303\251 en 1 o modific\303\263 el valor del Accu.  Su nota es %d/900", v000000000112e110_0 {0 0 0};
T_22.1 ;
    %end;
    .thread T_22;
    .scope S_00000000008ec4a0;
T_23 ;
    %load/vec4 v000000000112f290_0;
    %addi 180, 0, 32;
    %pad/s 64;
    %muli 1, 0, 64;
    %ix/vec4 4;
    %delayx 4;
    %load/vec4 v000000000112e610_0;
    %pushi/vec4 10, 0, 12;
    %cmp/e;
    %flag_get/vec4 6;
    %load/vec4 v000000000112f6f0_0;
    %pushi/vec4 11, 0, 4;
    %cmp/e;
    %flag_get/vec4 6;
    %and;
    %load/vec4 v000000000112f150_0;
    %pushi/vec4 0, 0, 1;
    %cmp/e;
    %flag_get/vec4 6;
    %and;
    %load/vec4 v000000000112fe70_0;
    %pushi/vec4 0, 0, 1;
    %cmp/e;
    %flag_get/vec4 6;
    %and;
    %flag_set/vec4 8;
    %jmp/0xz  T_23.0, 8;
    %load/vec4 v000000000112e110_0;
    %addi 33, 0, 32;
    %store/vec4 v000000000112e110_0, 0, 32;
    %vpi_call 2 131 "$display", "ADDI sin overflow no levanta las banderas (como deber\303\255a estar). Su nota es %d/900", v000000000112e110_0 {0 0 0};
    %jmp T_23.1;
T_23.0 ;
    %vpi_call 2 134 "$display", "ADDI sin overflow levant\303\263 alguna de las banderas o no realiz\303\263 bien la suma.  Su nota es %d/900", v000000000112e110_0 {0 0 0};
T_23.1 ;
    %end;
    .thread T_23;
    .scope S_00000000008ec4a0;
T_24 ;
    %load/vec4 v000000000112f290_0;
    %addi 200, 0, 32;
    %pad/s 64;
    %muli 1, 0, 64;
    %ix/vec4 4;
    %delayx 4;
    %load/vec4 v000000000112e610_0;
    %pushi/vec4 11, 0, 12;
    %cmp/e;
    %flag_get/vec4 6;
    %load/vec4 v000000000112f6f0_0;
    %pushi/vec4 4, 0, 4;
    %cmp/e;
    %flag_get/vec4 6;
    %and;
    %load/vec4 v000000000112f150_0;
    %pushi/vec4 0, 0, 1;
    %cmp/e;
    %flag_get/vec4 6;
    %and;
    %load/vec4 v000000000112fe70_0;
    %pushi/vec4 0, 0, 1;
    %cmp/e;
    %flag_get/vec4 6;
    %and;
    %flag_set/vec4 8;
    %jmp/0xz  T_24.0, 8;
    %load/vec4 v000000000112e110_0;
    %addi 66, 0, 32;
    %store/vec4 v000000000112e110_0, 0, 32;
    %vpi_call 2 141 "$display", "NANDI funciona bien. Su nota es %d/900", v000000000112e110_0 {0 0 0};
    %jmp T_24.1;
T_24.0 ;
    %vpi_call 2 144 "$display", "NANDI NO funciona bien.  Su nota es %d/900", v000000000112e110_0 {0 0 0};
T_24.1 ;
    %end;
    .thread T_24;
    .scope S_00000000008ec4a0;
T_25 ;
    %load/vec4 v000000000112f290_0;
    %addi 220, 0, 32;
    %pad/s 64;
    %muli 1, 0, 64;
    %ix/vec4 4;
    %delayx 4;
    %load/vec4 v000000000112e610_0;
    %pushi/vec4 12, 0, 12;
    %cmp/e;
    %flag_get/vec4 6;
    %load/vec4 v000000000112f6f0_0;
    %pushi/vec4 4, 0, 4;
    %cmp/e;
    %flag_get/vec4 6;
    %and;
    %load/vec4 v000000000112f150_0;
    %pushi/vec4 0, 0, 1;
    %cmp/e;
    %flag_get/vec4 6;
    %and;
    %load/vec4 v000000000112fe70_0;
    %pushi/vec4 0, 0, 1;
    %cmp/e;
    %flag_get/vec4 6;
    %and;
    %load/vec4 v000000000112ec50_0;
    %pushi/vec4 4, 0, 4;
    %cmp/e;
    %flag_get/vec4 6;
    %and;
    %flag_set/vec4 8;
    %jmp/0xz  T_25.0, 8;
    %load/vec4 v000000000112e110_0;
    %addi 33, 0, 32;
    %store/vec4 v000000000112e110_0, 0, 32;
    %vpi_call 2 151 "$display", "OUT funciona bien (la verificaci\303\263n de OUT se hizo en 2 partes). Su nota es %d/900", v000000000112e110_0 {0 0 0};
    %jmp T_25.1;
T_25.0 ;
    %vpi_call 2 154 "$display", "OUT NO funciona bien (la verificaci\303\263n de OUT se hizo en 2 partes).  Su nota es %d/900", v000000000112e110_0 {0 0 0};
T_25.1 ;
    %pushi/vec4 14, 0, 4;
    %store/vec4 v000000000112e4d0_0, 0, 4;
    %end;
    .thread T_25;
    .scope S_00000000008ec4a0;
T_26 ;
    %load/vec4 v000000000112f290_0;
    %addi 240, 0, 32;
    %pad/s 64;
    %muli 1, 0, 64;
    %ix/vec4 4;
    %delayx 4;
    %load/vec4 v000000000112e610_0;
    %pushi/vec4 13, 0, 12;
    %cmp/e;
    %flag_get/vec4 6;
    %load/vec4 v000000000112f6f0_0;
    %pushi/vec4 14, 0, 4;
    %cmp/e;
    %flag_get/vec4 6;
    %and;
    %load/vec4 v000000000112f150_0;
    %pushi/vec4 0, 0, 1;
    %cmp/e;
    %flag_get/vec4 6;
    %and;
    %load/vec4 v000000000112fe70_0;
    %pushi/vec4 0, 0, 1;
    %cmp/e;
    %flag_get/vec4 6;
    %and;
    %load/vec4 v000000000112ec50_0;
    %pushi/vec4 4, 0, 4;
    %cmp/e;
    %flag_get/vec4 6;
    %and;
    %flag_set/vec4 8;
    %jmp/0xz  T_26.0, 8;
    %load/vec4 v000000000112e110_0;
    %addi 33, 0, 32;
    %store/vec4 v000000000112e110_0, 0, 32;
    %vpi_call 2 162 "$display", "IN funciona bien (la verificaci\303\263n de IN se hizo en 2 partes). Su nota es %d/900", v000000000112e110_0 {0 0 0};
    %jmp T_26.1;
T_26.0 ;
    %vpi_call 2 165 "$display", "IN NO funciona bien (la verificaci\303\263n de IN se hizo en 2 partes).  Su nota es %d/900", v000000000112e110_0 {0 0 0};
T_26.1 ;
    %vpi_call 2 167 "$display", "\012-----------------------------------------------------------------------------------------------------------------------------" {0 0 0};
    %vpi_call 2 168 "$display", "Hasta este punto se han verificado todas las instrucciones con inmediatos. Ahora se verificar\303\241n las instrucciones con memoria RAM." {0 0 0};
    %vpi_call 2 169 "$display", "La nota m\303\241xima (hasta este punto) es 400.\012" {0 0 0};
    %end;
    .thread T_26;
    .scope S_00000000008ec4a0;
T_27 ;
    %load/vec4 v000000000112fc90_0;
    %subi 2, 0, 32;
    %pad/s 64;
    %muli 1, 0, 64;
    %ix/vec4 4;
    %delayx 4;
    %load/vec4 v000000000112e610_0;
    %pushi/vec4 14, 0, 12;
    %cmp/e;
    %flag_get/vec4 6;
    %load/vec4 v000000000112f6f0_0;
    %pushi/vec4 14, 0, 4;
    %cmp/e;
    %flag_get/vec4 6;
    %and;
    %load/vec4 v000000000112f0b0_0;
    %pushi/vec4 0, 0, 12;
    %cmp/e;
    %flag_get/vec4 6;
    %and;
    %flag_set/vec4 8;
    %jmp/0xz  T_27.0, 8;
    %vpi_call 2 175 "$display", "ST parece funcionar bien, pero no hemos probado si realmente almacen\303\263 datos la RAM. PC = 12'h00E, accu = 4'hE y address_RAM = 12'h000. Su nota es %d/900", v000000000112e110_0 {0 0 0};
    %jmp T_27.1;
T_27.0 ;
    %vpi_call 2 178 "$display", "ST NO parece funcionar bien. Hay alg\303\272n problema con el PC, accu o la address_RAM.  Su nota es %d/900", v000000000112e110_0 {0 0 0};
T_27.1 ;
    %end;
    .thread T_27;
    .scope S_00000000008ec4a0;
T_28 ;
    %load/vec4 v000000000112fc90_0;
    %subi 4294967178, 0, 32;
    %pad/s 64;
    %muli 1, 0, 64;
    %ix/vec4 4;
    %delayx 4;
    %load/vec4 v000000000112e610_0;
    %pushi/vec4 23, 0, 12;
    %cmp/e;
    %flag_get/vec4 6;
    %load/vec4 v000000000112f6f0_0;
    %pushi/vec4 1, 0, 4;
    %cmp/e;
    %flag_get/vec4 6;
    %and;
    %load/vec4 v000000000112f0b0_0;
    %pushi/vec4 819, 0, 12;
    %cmp/e;
    %flag_get/vec4 6;
    %and;
    %flag_set/vec4 8;
    %jmp/0xz  T_28.0, 8;
    %vpi_call 2 184 "$display", "ST parece funcionar bien, pero no hemos probado si realmente almacen\303\263 datos la RAM. PC = 12'h017, accu = 4'h1 y address_RAM = 12'h333. Su nota es %d/900", v000000000112e110_0 {0 0 0};
    %jmp T_28.1;
T_28.0 ;
    %vpi_call 2 187 "$display", "ST NO parece funcionar bien. Hay alg\303\272n problema con el PC, accu o la address_RAM.  Su nota es %d/900", v000000000112e110_0 {0 0 0};
T_28.1 ;
    %end;
    .thread T_28;
    .scope S_00000000008ec4a0;
T_29 ;
    %load/vec4 v000000000112fc90_0;
    %addi 140, 0, 32;
    %pad/s 64;
    %muli 1, 0, 64;
    %ix/vec4 4;
    %delayx 4;
    %load/vec4 v000000000112e610_0;
    %pushi/vec4 26, 0, 12;
    %cmp/e;
    %flag_get/vec4 6;
    %load/vec4 v000000000112f6f0_0;
    %pushi/vec4 14, 0, 4;
    %cmp/e;
    %flag_get/vec4 6;
    %and;
    %flag_set/vec4 8;
    %jmp/0xz  T_29.0, 8;
    %vpi_call 2 193 "$display", "LD parece funcionar bien. PC = 12'h01A, accu = 4'hE. Su nota es %d/900", v000000000112e110_0 {0 0 0};
    %jmp T_29.1;
T_29.0 ;
    %vpi_call 2 196 "$display", "LD parece NO funcionar bien. Puede ser un problema con el PC o con el accu. Su nota es %d/900", v000000000112e110_0 {0 0 0};
T_29.1 ;
    %end;
    .thread T_29;
    .scope S_00000000008ec4a0;
T_30 ;
    %load/vec4 v000000000112fc90_0;
    %addi 200, 0, 32;
    %pad/s 64;
    %muli 1, 0, 64;
    %ix/vec4 4;
    %delayx 4;
    %load/vec4 v000000000112e610_0;
    %pushi/vec4 32, 0, 12;
    %cmp/e;
    %flag_get/vec4 6;
    %load/vec4 v000000000112f6f0_0;
    %pushi/vec4 1, 0, 4;
    %cmp/e;
    %flag_get/vec4 6;
    %and;
    %flag_set/vec4 8;
    %jmp/0xz  T_30.0, 8;
    %load/vec4 v000000000112e110_0;
    %addi 80, 0, 32;
    %store/vec4 v000000000112e110_0, 0, 32;
    %vpi_call 2 203 "$display", "LD parece funcionar bien. PC = 12'h020, accu = 4'h1. Su nota es %d/900", v000000000112e110_0 {0 0 0};
    %vpi_call 2 204 "$display", "Se hicieron 4 ST y LD para determinar si realmente se estaban almacenando datos." {0 0 0};
    %jmp T_30.1;
T_30.0 ;
    %vpi_call 2 207 "$display", "LD parece NO funcionar bien. Puede ser un problema con el PC o con el accu. Su nota es %d/900", v000000000112e110_0 {0 0 0};
T_30.1 ;
    %end;
    .thread T_30;
    .scope S_00000000008ec4a0;
T_31 ;
    %load/vec4 v000000000112fc90_0;
    %addi 240, 0, 32;
    %pad/s 64;
    %muli 1, 0, 64;
    %ix/vec4 4;
    %delayx 4;
    %load/vec4 v000000000112e610_0;
    %pushi/vec4 35, 0, 12;
    %cmp/e;
    %flag_get/vec4 6;
    %load/vec4 v000000000112f6f0_0;
    %pushi/vec4 5, 0, 4;
    %cmp/e;
    %flag_get/vec4 6;
    %and;
    %flag_set/vec4 8;
    %jmp/0xz  T_31.0, 8;
    %load/vec4 v000000000112e110_0;
    %addi 40, 0, 32;
    %store/vec4 v000000000112e110_0, 0, 32;
    %vpi_call 2 214 "$display", "NANDM funciona bien. PC = 12'h023, accu = 4'h5. Su nota es %d/900", v000000000112e110_0 {0 0 0};
    %jmp T_31.1;
T_31.0 ;
    %vpi_call 2 217 "$display", "NANDM NO funciona bien. El PC no est\303\241 en el valor correcto o el accu no tiene el valor correcto. Su nota es %d/900", v000000000112e110_0 {0 0 0};
T_31.1 ;
    %end;
    .thread T_31;
    .scope S_00000000008ec4a0;
T_32 ;
    %load/vec4 v000000000112fc90_0;
    %addi 280, 0, 32;
    %pad/s 64;
    %muli 1, 0, 64;
    %ix/vec4 4;
    %delayx 4;
    %load/vec4 v000000000112e610_0;
    %pushi/vec4 38, 0, 12;
    %cmp/e;
    %flag_get/vec4 6;
    %load/vec4 v000000000112f6f0_0;
    %pushi/vec4 0, 0, 4;
    %cmp/e;
    %flag_get/vec4 6;
    %and;
    %load/vec4 v000000000112f150_0;
    %pad/u 32;
    %pushi/vec4 1, 0, 32;
    %cmp/e;
    %flag_get/vec4 6;
    %and;
    %load/vec4 v000000000112fe70_0;
    %pad/u 32;
    %pushi/vec4 1, 0, 32;
    %cmp/e;
    %flag_get/vec4 6;
    %and;
    %flag_set/vec4 8;
    %jmp/0xz  T_32.0, 8;
    %load/vec4 v000000000112e110_0;
    %addi 40, 0, 32;
    %store/vec4 v000000000112e110_0, 0, 32;
    %vpi_call 2 224 "$display", "ADDM funciona bien. PC = 12'h026, accu = 4'h0, ambas banderas est\303\241n encendidas. Su nota es %d/900", v000000000112e110_0 {0 0 0};
    %jmp T_32.1;
T_32.0 ;
    %vpi_call 2 227 "$display", "ADDM NO funciona bien. El PC no est\303\241 en el valor correcto, el accu no tiene el valor correcto o alguna de las banderas est\303\241 en 0. Su nota es %d/900", v000000000112e110_0 {0 0 0};
T_32.1 ;
    %end;
    .thread T_32;
    .scope S_00000000008ec4a0;
T_33 ;
    %load/vec4 v000000000112fc90_0;
    %addi 320, 0, 32;
    %pad/s 64;
    %muli 1, 0, 64;
    %ix/vec4 4;
    %delayx 4;
    %load/vec4 v000000000112e610_0;
    %pushi/vec4 41, 0, 12;
    %cmp/e;
    %flag_get/vec4 6;
    %load/vec4 v000000000112f6f0_0;
    %pushi/vec4 8, 0, 4;
    %cmp/e;
    %flag_get/vec4 6;
    %and;
    %load/vec4 v000000000112f150_0;
    %pad/u 32;
    %pushi/vec4 1, 0, 32;
    %cmp/e;
    %flag_get/vec4 6;
    %and;
    %load/vec4 v000000000112fe70_0;
    %pad/u 32;
    %pushi/vec4 0, 0, 32;
    %cmp/e;
    %flag_get/vec4 6;
    %and;
    %flag_set/vec4 8;
    %jmp/0xz  T_33.0, 8;
    %load/vec4 v000000000112e110_0;
    %addi 20, 0, 32;
    %store/vec4 v000000000112e110_0, 0, 32;
    %vpi_call 2 234 "$display", "CMPM funciona bien con A < B (1/2). PC = 12'h029, accu = 4'h8, c_flag = 1, z_flag = 0. Su nota es %d/900", v000000000112e110_0 {0 0 0};
    %jmp T_33.1;
T_33.0 ;
    %vpi_call 2 237 "$display", "CMPM NO funciona bien para A < B (1/2). El PC no est\303\241 en el valor correcto, el accu no tiene el valor correcto, c_flag = 0 \303\263 z_flag = 1. Su nota es %d/900", v000000000112e110_0 {0 0 0};
T_33.1 ;
    %end;
    .thread T_33;
    .scope S_00000000008ec4a0;
T_34 ;
    %load/vec4 v000000000112fc90_0;
    %addi 360, 0, 32;
    %pad/s 64;
    %muli 1, 0, 64;
    %ix/vec4 4;
    %delayx 4;
    %load/vec4 v000000000112e610_0;
    %pushi/vec4 44, 0, 12;
    %cmp/e;
    %flag_get/vec4 6;
    %load/vec4 v000000000112f6f0_0;
    %pushi/vec4 12, 0, 4;
    %cmp/e;
    %flag_get/vec4 6;
    %and;
    %load/vec4 v000000000112f150_0;
    %pad/u 32;
    %pushi/vec4 0, 0, 32;
    %cmp/e;
    %flag_get/vec4 6;
    %and;
    %load/vec4 v000000000112fe70_0;
    %pad/u 32;
    %pushi/vec4 0, 0, 32;
    %cmp/e;
    %flag_get/vec4 6;
    %and;
    %flag_set/vec4 8;
    %jmp/0xz  T_34.0, 8;
    %load/vec4 v000000000112e110_0;
    %addi 20, 0, 32;
    %store/vec4 v000000000112e110_0, 0, 32;
    %vpi_call 2 244 "$display", "CMPM funciona bien con A > B (2/2). PC = 12'h02C, accu = 4'hC, c_flag = 0, z_flag = 0. Su nota es %d/900", v000000000112e110_0 {0 0 0};
    %jmp T_34.1;
T_34.0 ;
    %vpi_call 2 247 "$display", "CMPM NO funciona bien para A > B (2/2). El PC no est\303\241 en el valor correcto, el accu no tiene el valor correcto, c_flag = 1 \303\263 z_flag = 1. Su nota es %d/900", v000000000112e110_0 {0 0 0};
T_34.1 ;
    %vpi_call 2 249 "$display", "\012-----------------------------------------------------------------------------------------------------------------------------" {0 0 0};
    %vpi_call 2 250 "$display", "Hasta este punto se han verificado todas las instrucciones con inmediatos y memoria RAM. Ahora se verificar\303\241n las instrucciones de saltos." {0 0 0};
    %vpi_call 2 251 "$display", "La nota m\303\241xima (hasta este punto) es 600.\012" {0 0 0};
    %end;
    .thread T_34;
    .scope S_00000000008ec4a0;
T_35 ;
    %load/vec4 v000000000112fb50_0;
    %pad/s 64;
    %muli 1, 0, 64;
    %ix/vec4 4;
    %delayx 4;
    %load/vec4 v000000000112e610_0;
    %cmpi/e 2561, 0, 12;
    %jmp/0xz  T_35.0, 6;
    %load/vec4 v000000000112e110_0;
    %addi 60, 0, 32;
    %store/vec4 v000000000112e110_0, 0, 32;
    %vpi_call 2 259 "$display", "JMP funciona bien. Ahora estamos en PC = 12'hA01. Su nota es %d/900", v000000000112e110_0 {0 0 0};
    %jmp T_35.1;
T_35.0 ;
    %vpi_call 2 262 "$display", "JMP NO funciona bien. El PC no est\303\241 en la localidad 12'HA01.  Su nota es %d/900", v000000000112e110_0 {0 0 0};
T_35.1 ;
    %end;
    .thread T_35;
    .scope S_00000000008ec4a0;
T_36 ;
    %load/vec4 v000000000112fb50_0;
    %addi 60, 0, 32;
    %pad/s 64;
    %muli 1, 0, 64;
    %ix/vec4 4;
    %delayx 4;
    %load/vec4 v000000000112e610_0;
    %pushi/vec4 80, 0, 12;
    %cmp/e;
    %flag_get/vec4 6;
    %load/vec4 v000000000112f150_0;
    %pushi/vec4 1, 0, 1;
    %cmp/e;
    %flag_get/vec4 6;
    %and;
    %flag_set/vec4 8;
    %jmp/0xz  T_36.0, 8;
    %load/vec4 v000000000112e110_0;
    %addi 30, 0, 32;
    %store/vec4 v000000000112e110_0, 0, 32;
    %vpi_call 2 269 "$display", "JC parece funcionar bien con carry = 1 (1/2). Ahora estamos en PC = 12'h050. Su nota es %d/900", v000000000112e110_0 {0 0 0};
    %jmp T_36.1;
T_36.0 ;
    %vpi_call 2 272 "$display", "JC NO funciona bien. El PC no est\303\241 en la localidad 12'HA01 \303\263 carry no es 1.  Su nota es %d/900", v000000000112e110_0 {0 0 0};
T_36.1 ;
    %end;
    .thread T_36;
    .scope S_00000000008ec4a0;
T_37 ;
    %load/vec4 v000000000112fb50_0;
    %addi 120, 0, 32;
    %pad/s 64;
    %muli 1, 0, 64;
    %ix/vec4 4;
    %delayx 4;
    %load/vec4 v000000000112e610_0;
    %pushi/vec4 3913, 0, 12;
    %cmp/e;
    %flag_get/vec4 6;
    %load/vec4 v000000000112fe70_0;
    %pushi/vec4 1, 0, 1;
    %cmp/e;
    %flag_get/vec4 6;
    %and;
    %flag_set/vec4 8;
    %jmp/0xz  T_37.0, 8;
    %load/vec4 v000000000112e110_0;
    %addi 30, 0, 32;
    %store/vec4 v000000000112e110_0, 0, 32;
    %vpi_call 2 279 "$display", "JZ parece funcionar bien con zero = 1 (1/2). Ahora estamos en PC = 12'hF49. Su nota es %d/900", v000000000112e110_0 {0 0 0};
    %jmp T_37.1;
T_37.0 ;
    %vpi_call 2 282 "$display", "JZ NO funciona bien. El PC no est\303\241 en la localidad 12'hA01 \303\263 zero no es 1.  Su nota es %d/900", v000000000112e110_0 {0 0 0};
T_37.1 ;
    %end;
    .thread T_37;
    .scope S_00000000008ec4a0;
T_38 ;
    %load/vec4 v000000000112fb50_0;
    %addi 180, 0, 32;
    %pad/s 64;
    %muli 1, 0, 64;
    %ix/vec4 4;
    %delayx 4;
    %load/vec4 v000000000112e610_0;
    %pushi/vec4 3917, 0, 12;
    %cmp/e;
    %flag_get/vec4 6;
    %load/vec4 v000000000112fe70_0;
    %pushi/vec4 0, 0, 1;
    %cmp/e;
    %flag_get/vec4 6;
    %and;
    %load/vec4 v000000000112f150_0;
    %pushi/vec4 0, 0, 1;
    %cmp/e;
    %flag_get/vec4 6;
    %and;
    %load/vec4 v000000000112f6f0_0;
    %pushi/vec4 6, 0, 4;
    %cmp/e;
    %flag_get/vec4 6;
    %and;
    %flag_set/vec4 8;
    %jmp/0xz  T_38.0, 8;
    %load/vec4 v000000000112e110_0;
    %addi 30, 0, 32;
    %store/vec4 v000000000112e110_0, 0, 32;
    %vpi_call 2 289 "$display", "JC parece funcionar bien con carry = 0 (2/2). El PC aumento en +1 en vez de saltar. Su nota es %d/900", v000000000112e110_0 {0 0 0};
    %jmp T_38.1;
T_38.0 ;
    %vpi_call 2 292 "$display", "JC NO funciona bien. El PC salt\303\263 a otra localidad \303\263 zero = 1 \303\263 carry =1 \303\263 por alguna raz\303\263n su accu cambi\303\263 de valor.  Su nota es %d/900", v000000000112e110_0 {0 0 0};
T_38.1 ;
    %end;
    .thread T_38;
    .scope S_00000000008ec4a0;
T_39 ;
    %load/vec4 v000000000112fb50_0;
    %addi 200, 0, 32;
    %pad/s 64;
    %muli 1, 0, 64;
    %ix/vec4 4;
    %delayx 4;
    %load/vec4 v000000000112e610_0;
    %pushi/vec4 3919, 0, 12;
    %cmp/e;
    %flag_get/vec4 6;
    %load/vec4 v000000000112fe70_0;
    %pushi/vec4 0, 0, 1;
    %cmp/e;
    %flag_get/vec4 6;
    %and;
    %load/vec4 v000000000112f150_0;
    %pushi/vec4 0, 0, 1;
    %cmp/e;
    %flag_get/vec4 6;
    %and;
    %load/vec4 v000000000112f6f0_0;
    %pushi/vec4 6, 0, 4;
    %cmp/e;
    %flag_get/vec4 6;
    %and;
    %flag_set/vec4 8;
    %jmp/0xz  T_39.0, 8;
    %load/vec4 v000000000112e110_0;
    %addi 30, 0, 32;
    %store/vec4 v000000000112e110_0, 0, 32;
    %vpi_call 2 299 "$display", "JZ parece funcionar bien con zero = 0 (2/2). El PC aumento en +1 en vez de saltar. Su nota es %d/900", v000000000112e110_0 {0 0 0};
    %jmp T_39.1;
T_39.0 ;
    %vpi_call 2 302 "$display", "JZ NO funciona bien. El PC salt\303\263 a otra localidad \303\263 zero = 1 \303\263 carry =1 \303\263 por alguna raz\303\263n su accu cambi\303\263 de valor.  Su nota es %d/900", v000000000112e110_0 {0 0 0};
T_39.1 ;
    %end;
    .thread T_39;
    .scope S_00000000008ec4a0;
T_40 ;
    %load/vec4 v000000000112fb50_0;
    %addi 220, 0, 32;
    %pad/s 64;
    %muli 1, 0, 64;
    %ix/vec4 4;
    %delayx 4;
    %load/vec4 v000000000112e610_0;
    %pushi/vec4 547, 0, 12;
    %cmp/e;
    %flag_get/vec4 6;
    %load/vec4 v000000000112fe70_0;
    %pushi/vec4 0, 0, 1;
    %cmp/e;
    %flag_get/vec4 6;
    %and;
    %load/vec4 v000000000112f150_0;
    %pushi/vec4 0, 0, 1;
    %cmp/e;
    %flag_get/vec4 6;
    %and;
    %load/vec4 v000000000112f6f0_0;
    %pushi/vec4 6, 0, 4;
    %cmp/e;
    %flag_get/vec4 6;
    %and;
    %flag_set/vec4 8;
    %jmp/0xz  T_40.0, 8;
    %load/vec4 v000000000112e110_0;
    %addi 30, 0, 32;
    %store/vec4 v000000000112e110_0, 0, 32;
    %vpi_call 2 309 "$display", "JNC parece funcionar bien con carry = 0 (1/2). El PC = 12'h223, c_flag = 0, z_flag = 0, accu = 4'h6. Su nota es %d/900", v000000000112e110_0 {0 0 0};
    %jmp T_40.1;
T_40.0 ;
    %vpi_call 2 312 "$display", "JNC NO funciona bien (1/2). El PC no est\303\241 en 12'h223, alguna bandera est\303\241 encendida o el accu cambi\303\263 por alguna raz\303\263n. Su nota es %d/900", v000000000112e110_0 {0 0 0};
T_40.1 ;
    %end;
    .thread T_40;
    .scope S_00000000008ec4a0;
T_41 ;
    %load/vec4 v000000000112fb50_0;
    %addi 260, 0, 32;
    %pad/s 64;
    %muli 1, 0, 64;
    %ix/vec4 4;
    %delayx 4;
    %load/vec4 v000000000112e610_0;
    %pushi/vec4 549, 0, 12;
    %cmp/e;
    %flag_get/vec4 6;
    %load/vec4 v000000000112fe70_0;
    %pushi/vec4 0, 0, 1;
    %cmp/e;
    %flag_get/vec4 6;
    %and;
    %load/vec4 v000000000112f150_0;
    %pushi/vec4 1, 0, 1;
    %cmp/e;
    %flag_get/vec4 6;
    %and;
    %load/vec4 v000000000112f6f0_0;
    %pushi/vec4 10, 0, 4;
    %cmp/e;
    %flag_get/vec4 6;
    %and;
    %flag_set/vec4 8;
    %jmp/0xz  T_41.0, 8;
    %load/vec4 v000000000112e110_0;
    %addi 30, 0, 32;
    %store/vec4 v000000000112e110_0, 0, 32;
    %vpi_call 2 319 "$display", "JNC parece funcionar bien con carry = 1 (2/2). El PC = 12'h225, c_flag = 1, z_flag = 0, accu = 4'hA. Su nota es %d/900", v000000000112e110_0 {0 0 0};
    %jmp T_41.1;
T_41.0 ;
    %vpi_call 2 322 "$display", "JNC NO funciona bien (2/2). El PC s\303\255 cambi\303\263 con la bandera carry encendida o el accu cambi\303\263 por alguna raz\303\263n. Su nota es %d/900", v000000000112e110_0 {0 0 0};
T_41.1 ;
    %end;
    .thread T_41;
    .scope S_00000000008ec4a0;
T_42 ;
    %load/vec4 v000000000112fb50_0;
    %addi 300, 0, 32;
    %pad/s 64;
    %muli 1, 0, 64;
    %ix/vec4 4;
    %delayx 4;
    %load/vec4 v000000000112e610_0;
    %pushi/vec4 1347, 0, 12;
    %cmp/e;
    %flag_get/vec4 6;
    %load/vec4 v000000000112fe70_0;
    %pushi/vec4 0, 0, 1;
    %cmp/e;
    %flag_get/vec4 6;
    %and;
    %load/vec4 v000000000112f150_0;
    %pushi/vec4 1, 0, 1;
    %cmp/e;
    %flag_get/vec4 6;
    %and;
    %load/vec4 v000000000112f6f0_0;
    %pushi/vec4 10, 0, 4;
    %cmp/e;
    %flag_get/vec4 6;
    %and;
    %flag_set/vec4 8;
    %jmp/0xz  T_42.0, 8;
    %load/vec4 v000000000112e110_0;
    %addi 30, 0, 32;
    %store/vec4 v000000000112e110_0, 0, 32;
    %vpi_call 2 329 "$display", "JNZ parece funcionar bien con zero = 0 (1/2). El PC = 12'h543, c_flag = 1, z_flag = 0, accu = 4'hA. Su nota es %d/900", v000000000112e110_0 {0 0 0};
    %jmp T_42.1;
T_42.0 ;
    %vpi_call 2 332 "$display", "JNZ NO funciona bien (1/2). El PC no cambi\303\263 con la bandera zero apagada o el accu cambi\303\263 por alguna raz\303\263n. Su nota es %d/900", v000000000112e110_0 {0 0 0};
T_42.1 ;
    %end;
    .thread T_42;
    .scope S_00000000008ec4a0;
T_43 ;
    %load/vec4 v000000000112fb50_0;
    %addi 340, 0, 32;
    %pad/s 64;
    %muli 1, 0, 64;
    %ix/vec4 4;
    %delayx 4;
    %load/vec4 v000000000112e610_0;
    %pushi/vec4 1350, 0, 12;
    %cmp/e;
    %flag_get/vec4 6;
    %load/vec4 v000000000112fe70_0;
    %pushi/vec4 1, 0, 1;
    %cmp/e;
    %flag_get/vec4 6;
    %and;
    %load/vec4 v000000000112f150_0;
    %pushi/vec4 0, 0, 1;
    %cmp/e;
    %flag_get/vec4 6;
    %and;
    %load/vec4 v000000000112f6f0_0;
    %pushi/vec4 0, 0, 4;
    %cmp/e;
    %flag_get/vec4 6;
    %and;
    %flag_set/vec4 8;
    %jmp/0xz  T_43.0, 8;
    %load/vec4 v000000000112e110_0;
    %addi 30, 0, 32;
    %store/vec4 v000000000112e110_0, 0, 32;
    %vpi_call 2 339 "$display", "JNZ parece funcionar bien con zero = 0 (2/2). El PC = 12'h546, c_flag = 0, z_flag = 1, accu = 4'h0. Su nota es %d/900", v000000000112e110_0 {0 0 0};
    %jmp T_43.1;
T_43.0 ;
    %vpi_call 2 342 "$display", "JNZ NO funciona bien (2/2). El PC s\303\255 cambi\303\263 con la bandera zero encendida o el accu cambi\303\263 por alguna raz\303\263n. Su nota es %d/900", v000000000112e110_0 {0 0 0};
T_43.1 ;
    %vpi_call 2 344 "$display", "\012-----------------------------------------------------------------------------------------------------------------------------" {0 0 0};
    %vpi_call 2 345 "$display", "Esta \303\272ltima secci\303\263n de pruebas verific\303\263 las instrucciones con saltos. Este es el final del testbench y de su proyecto" {0 0 0};
    %vpi_call 2 346 "$display", "Su nota final es: %d/900.\012", v000000000112e110_0 {0 0 0};
    %end;
    .thread T_43;
    .scope S_00000000008ec4a0;
T_44 ;
    %delay 999, 0;
    %load/vec4 v000000000112e110_0;
    %cmpi/e 900, 0, 32;
    %jmp/0xz  T_44.0, 4;
    %vpi_call 2 352 "$display", "@@@@@@@@@@@@@@@@@@@@@@@@@@@@@@@@@@@@@@@@@@@@@@@@@@@@@@@@@8i.  .,ifG@@@@@@@@@@@@@@@@@@@@@@@@@@@@@@@@@" {0 0 0};
    %vpi_call 2 353 "$display", "@@@@@@@@@@@@@@@@@@@@@@@@@@@@@@@@@@@@@@@@@@@@@@@@@@@@@@@@@0,       .;L8@@@@@@@@@@@@@@@@@@@@@@@@@@@@@@" {0 0 0};
    %vpi_call 2 354 "$display", "@@@@@@@@@@@@@@@@@@@@@@@@@@@@@@@@@@@@@@@@@@@@@@@@@@@@@@@@@G.          i0@@@@@@@@@@@@@@@@@@@@@@@@@@@@@" {0 0 0};
    %vpi_call 2 355 "$display", "@@@@@@@@@@@@@@@@@@@@@@@@@@@@@@@@@@@@@@@@@@@@@@@@@@@@@@@@@f            :0@@@@@@@@@@@@@@@@@@@@@@@@@@@@" {0 0 0};
    %vpi_call 2 356 "$display", "@@@@@@@@@@@@@@@@@@@@@@@@@@@@@@@@@@@@@@@@@@@@@@@@@@@@@@@@@i             1@@@@@@@@@@@@@@@@@@@@@@@@@@@@" {0 0 0};
    %vpi_call 2 357 "$display", "@@@@@@@@@@@@@@@@@@@@@@@@@@@@@@@@@@@@@@@@@@@@@@@@@@@@@@@@0,             .0@@@@@@@@@@@@@@@@@@@@@@@@@@@" {0 0 0};
    %vpi_call 2 358 "$display", "@@@@@@@@@@@@@@@@@@@@@@@@@@@@@@@@@@@@@@@@@@@@@@@@@@@@@@@@L               L@@@@@@@@@@@@@@@@@@@@@@@@@@@" {0 0 0};
    %vpi_call 2 359 "$display", "@@@@@@@@@@@@@@@@@@@@@@@@@@@@@@@@@@@@@@@@@@@@@@@@@@@@@@@8;               L@@@@@@@@@@@@@@@@@@@@@@@@@@@" {0 0 0};
    %vpi_call 2 360 "$display", "@@@@@@@@@@@@@@@@@@@@@@@@@@@@@@@@@@@@@@@@@@@@@@@@@@@@@@@L                C@@@@@@@@@@@@@@@@@@@@@@@@@@@" {0 0 0};
    %vpi_call 2 361 "$display", "@@@@@@@@@@@@@@@@@@@@@@@@@@@@@@@@@@@@@@@@@@@@@@@@@@@@@@G,               ,0@@@@@@@@@@@@@@@@@@@@@@@@@@@" {0 0 0};
    %vpi_call 2 362 "$display", "@@@@@@@@@@@@@@@@@@@@@@@@@@@@@@@@@@@@@@@@@@@@@@@@@@@@@G:                t@@@@@@@@@@@@@@@@@@@@@@@@@@@@" {0 0 0};
    %vpi_call 2 363 "$display", "@@@@@@@@@@@@@@@@@@@@@@@@@@@@@@@@@@@@@@@@@@@@@@@@@@@8f,                ;8@@@@@@@@@@@@@@@@@@@@@@@@@@@@" {0 0 0};
    %vpi_call 2 364 "$display", "@@@@@@@@@@@@@@@@@@@@@@@@@@@@@@@@@@@@@@@@@@@@@@@@@8L;                 :0@@@@@@@@@@@@@@@@@@@@@@@@@@@@@" {0 0 0};
    %vpi_call 2 365 "$display", "@@@@@@@@@@@@@@@@@@@@@@@@@@@@@@@@@@@@@@@@@@@@@@@Gt:                  :0@@@@@@@@@@@@@@@@@@@@@@@@@@@@@@" {0 0 0};
    %vpi_call 2 366 "$display", "@@@@@@@@@@@@@@@@@@@@@@@@@@@@@@@@@@@@@@@@@@@@@Ci.                   :0@@@@@@@@@@@@@@@@@@@@@@@@@@@@@@@" {0 0 0};
    %vpi_call 2 367 "$display", "@@@@@@@@@@@@@@@@@@@@@@@@@@@@@@@@@@@@@@@@@@@81.                    :0@@@@@@@@@@@@@@@@@@@@@@@@@@@@@@@@" {0 0 0};
    %vpi_call 2 368 "$display", "@@@@@@@@@@@@@@@@@@@@@@@@@@@@@@@@@@@@@@@@@@8i                     ,G@@@@@@@@@@@@@@@@@@@@@@@@@@@@@@@@@" {0 0 0};
    %vpi_call 2 369 "$display", "@@@@@@@@@@@@@@@@@@@@@@@@@@@@@@@@@@@@@@@@@@t                     .L@@@@@@@@@@@@@@@@@@@@@@@@@@@@@@@@@@" {0 0 0};
    %vpi_call 2 370 "$display", "@@@@@@@@@@@@@@@@@@@@@@@@@@@@@@@@@@@@@@@@@L.                     i@@@@@@@@@@@@@@@@@@@@@@@@@@@@@@@@@@@" {0 0 0};
    %vpi_call 2 371 "$display", "@@@@@@@@@@@@@@@@@@@@@@@@@@@@@@@@@@@@@@@@C.                      f@@@@@@@@@@@@@@@@@@@@@@@@@@@@@@@@@@@" {0 0 0};
    %vpi_call 2 372 "$display", "@@@@@@@@@@@@@@@@@@@@@@@@@@@@@@@@@@@@@@@C,                       iCCLLLLLLLLLLLLLLLLLLCCCGG088@@@@@@@" {0 0 0};
    %vpi_call 2 373 "$display", "@@@@@@@@@@@@@@@@@@@@@@@@@@@@@@@@@@@@@@G,                                               ....,:iL8@@@@" {0 0 0};
    %vpi_call 2 374 "$display", "@@@@@@@@@@@@@@@@@@@@@@@@@@@@@@@@@@@@@C,                                                        :L@@@" {0 0 0};
    %vpi_call 2 375 "$display", "@@@@@@@@@@@@@@@@@@@@@@@@@@@@@@@@@@@@L,                                                          .10@" {0 0 0};
    %vpi_call 2 376 "$display", "@@@@@@@@@@@@@@@@@@@@@@@@@@@@@@@@@@8t.                                                             ;0" {0 0 0};
    %vpi_call 2 377 "$display", "@@@@@@@@@@@@@@@@@@@@@@@@@@@@@@@@@G;                                                                ;" {0 0 0};
    %vpi_call 2 378 "$display", "@@@888888888888888@@@@@@@@@@@@@0t,                                                                 ," {0 0 0};
    %vpi_call 2 379 "$display", "0f;,,,,,,,,,,,,,,,;f8@@@@8880C1,                                                                  ;G" {0 0 0};
    %vpi_call 2 380 "$display", ":                   i8@@8i,,.                                                                   .f8@" {0 0 0};
    %vpi_call 2 381 "$display", ":                   ,8@@8:                                                                      i@@@" {0 0 0};
    %vpi_call 2 382 "$display", ":                   ,8@@8:                                                                      ,C@@" {0 0 0};
    %vpi_call 2 383 "$display", ":                   ,8@@8:                                                                       ,L@" {0 0 0};
    %vpi_call 2 384 "$display", ":                   ,8@@8:                                                                        .t" {0 0 0};
    %vpi_call 2 385 "$display", ":                   ,8@@8:                                                                         ," {0 0 0};
    %vpi_call 2 386 "$display", ":                   ,8@@8:                                                                       .iG" {0 0 0};
    %vpi_call 2 387 "$display", ":                   ,8@@8:                                                                      :L@@" {0 0 0};
    %vpi_call 2 388 "$display", ":                   ,8@@8:                                                                     ;8@@@" {0 0 0};
    %vpi_call 2 389 "$display", ":                   ,8@@8:                                                                     i@@@@" {0 0 0};
    %vpi_call 2 390 "$display", ":                   ,8@@8:                                                                     .f@@@" {0 0 0};
    %vpi_call 2 391 "$display", ":                   ,8@@8:                                                                      .C@@" {0 0 0};
    %vpi_call 2 392 "$display", ":                   ,8@@8:                                                                       i@@" {0 0 0};
    %vpi_call 2 393 "$display", ":                   ,8@@8:                                                                      ,L@@" {0 0 0};
    %vpi_call 2 394 "$display", ":                   ,8@@8:                                                                    .1G@@@" {0 0 0};
    %vpi_call 2 395 "$display", ":                   ,8@@8:                                                                  .1G@@@@@" {0 0 0};
    %vpi_call 2 396 "$display", ":                   ,8@@8:                                                                 ,C@@@@@@@" {0 0 0};
    %vpi_call 2 397 "$display", ":                   ,8@@8:                                                                 ;@@@@@@@@" {0 0 0};
    %vpi_call 2 398 "$display", ":                   ,8@@8:                                                                 ;@@@@@@@@" {0 0 0};
    %vpi_call 2 399 "$display", ":                   ,8@@8:                                                                 1@@@@@@@@" {0 0 0};
    %vpi_call 2 400 "$display", ":                   ,8@@8:                                                               .t8@@@@@@@@" {0 0 0};
    %vpi_call 2 401 "$display", ":                   i8@@@Lt1i;:,..                                                     .1G@@@@@@@@@@" {0 0 0};
    %vpi_call 2 402 "$display", "0f;,,,,,,,,,,,,,,:;f8@@@@@@@@@800GCLfti;::,..                                       .;f0@@@@@@@@@@@@" {0 0 0};
    %vpi_call 2 403 "$display", "@@@800000000000008@@@@@@@@@@@@@@@@@@@@@@880GCLft11ii;;::,,,.....           ...,::i1fG8@@@@@@@@@@@@@@" {0 0 0};
T_44.0 ;
    %end;
    .thread T_44;
# The file index is used to find the file name in the following table.
:file_names 4;
    "N/A";
    "<interactive>";
    "uP_tb.v";
    "./uP.v";
