#! /usr/local/iverilog/bin/vvp
:ivl_version "11.0 (devel)" "(s20150603-642-g3bdb50da)";
:ivl_delay_selection "TYPICAL";
:vpi_time_precision + 0;
:vpi_module "system";
:vpi_module "vhdl_sys";
:vpi_module "vhdl_textio";
:vpi_module "v2005_math";
:vpi_module "va_math";
S_00000000001ea160 .scope module, "testbench" "testbench" 2 3;
 .timescale 0 0;
v00000000001e7e70_0 .var "clk", 0 0;
v00000000001e7f10_0 .var "f", 0 0;
v0000000000842550_0 .net "p", 0 0, v00000000001e7d30_0;  1 drivers
v00000000008425f0_0 .var "reset", 0 0;
S_00000000001e7ba0 .scope module, "m1" "FFD_sincrono" 2 8, 3 1 0, S_00000000001ea160;
 .timescale 0 0;
    .port_info 0 /INPUT 1 "clk";
    .port_info 1 /INPUT 1 "reset";
    .port_info 2 /INPUT 1 "f";
    .port_info 3 /OUTPUT 1 "p";
v00000000001ea710_0 .net "clk", 0 0, v00000000001e7e70_0;  1 drivers
v00000000001e9fc0_0 .net "f", 0 0, v00000000001e7f10_0;  1 drivers
v00000000001e7d30_0 .var "p", 0 0;
v00000000001e7dd0_0 .net "reset", 0 0, v00000000008425f0_0;  1 drivers
E_0000000000873d70 .event posedge, v00000000001e7dd0_0, v00000000001ea710_0;
    .scope S_00000000001e7ba0;
T_0 ;
    %wait E_0000000000873d70;
    %load/vec4 v00000000001e7dd0_0;
    %flag_set/vec4 8;
    %jmp/0xz  T_0.0, 8;
    %pushi/vec4 1, 0, 1;
    %assign/vec4 v00000000001e7d30_0, 0;
    %jmp T_0.1;
T_0.0 ;
    %load/vec4 v00000000001e9fc0_0;
    %assign/vec4 v00000000001e7d30_0, 0;
T_0.1 ;
    %jmp T_0;
    .thread T_0;
    .scope S_00000000001ea160;
T_1 ;
    %pushi/vec4 0, 0, 1;
    %store/vec4 v00000000008425f0_0, 0, 1;
    %pushi/vec4 1, 0, 1;
    %store/vec4 v00000000001e7e70_0, 0, 1;
    %vpi_call 2 13 "$display", "Flip Flop tipo D sincrono" {0 0 0};
    %vpi_call 2 14 "$display", "f | p " {0 0 0};
    %vpi_call 2 15 "$display", "------|------" {0 0 0};
    %vpi_call 2 16 "$monitor", "%b | %b", v00000000001e7f10_0, v0000000000842550_0 {0 0 0};
    %delay 20, 0;
    %pushi/vec4 1, 0, 1;
    %store/vec4 v00000000001e7f10_0, 0, 1;
    %delay 10, 0;
    %pushi/vec4 1, 0, 1;
    %store/vec4 v00000000001e7f10_0, 0, 1;
    %delay 10, 0;
    %pushi/vec4 0, 0, 1;
    %store/vec4 v00000000001e7f10_0, 0, 1;
    %delay 10, 0;
    %pushi/vec4 1, 0, 1;
    %store/vec4 v00000000001e7f10_0, 0, 1;
    %end;
    .thread T_1;
    .scope S_00000000001ea160;
T_2 ;
    %delay 5, 0;
    %load/vec4 v00000000001e7e70_0;
    %inv;
    %store/vec4 v00000000001e7e70_0, 0, 1;
    %jmp T_2;
    .thread T_2;
    .scope S_00000000001ea160;
T_3 ;
    %delay 10, 0;
    %vpi_call 2 28 "$finish" {0 0 0};
    %end;
    .thread T_3;
# The file index is used to find the file name in the following table.
:file_names 4;
    "N/A";
    "<interactive>";
    "sincrono_tb.v";
    "./sincrono.v";
