#! /usr/local/iverilog/bin/vvp
:ivl_version "11.0 (devel)" "(s20150603-642-g3bdb50da)";
:ivl_delay_selection "TYPICAL";
:vpi_time_precision + 0;
:vpi_module "system";
:vpi_module "vhdl_sys";
:vpi_module "vhdl_textio";
:vpi_module "v2005_math";
:vpi_module "va_math";
S_000000000100ccf0 .scope module, "testbench" "testbench" 2 3;
 .timescale 0 0;
v0000000000f45060_0 .var "A", 3 0;
v0000000000f41f30_0 .var "B", 3 0;
v0000000000f41fd0_0 .net "Y", 3 0, L_000000000100c7c0;  1 drivers
v0000000000f42070_0 .var "caso", 2 0;
S_0000000000f44cf0 .scope module, "M1" "ALU" 2 9, 3 1 0, S_000000000100ccf0;
 .timescale 0 0;
    .port_info 0 /INPUT 3 "Caso";
    .port_info 1 /INPUT 4 "A";
    .port_info 2 /INPUT 4 "B";
    .port_info 3 /OUTPUT 4 "Y";
L_000000000100c7c0 .functor BUFZ 4, v0000000000f44e80_0, C4<0000>, C4<0000>, C4<0000>;
v000000000100ce80_0 .net "A", 3 0, v0000000000f45060_0;  1 drivers
v000000000100c8e0_0 .net "B", 3 0, v0000000000f41f30_0;  1 drivers
v0000000000f44e80_0 .var "C", 3 0;
v0000000000f44f20_0 .net "Caso", 2 0, v0000000000f42070_0;  1 drivers
v0000000000f44fc0_0 .net "Y", 3 0, L_000000000100c7c0;  alias, 1 drivers
E_000000000100a320 .event posedge, v0000000000f44f20_0;
    .scope S_0000000000f44cf0;
T_0 ;
    %wait E_000000000100a320;
    %load/vec4 v0000000000f44f20_0;
    %dup/vec4;
    %pushi/vec4 0, 0, 3;
    %cmp/u;
    %jmp/1 T_0.0, 6;
    %dup/vec4;
    %pushi/vec4 1, 0, 3;
    %cmp/u;
    %jmp/1 T_0.1, 6;
    %dup/vec4;
    %pushi/vec4 2, 0, 3;
    %cmp/u;
    %jmp/1 T_0.2, 6;
    %dup/vec4;
    %pushi/vec4 3, 0, 3;
    %cmp/u;
    %jmp/1 T_0.3, 6;
    %dup/vec4;
    %pushi/vec4 4, 0, 3;
    %cmp/u;
    %jmp/1 T_0.4, 6;
    %dup/vec4;
    %pushi/vec4 5, 0, 3;
    %cmp/u;
    %jmp/1 T_0.5, 6;
    %dup/vec4;
    %pushi/vec4 6, 0, 3;
    %cmp/u;
    %jmp/1 T_0.6, 6;
    %dup/vec4;
    %pushi/vec4 7, 0, 3;
    %cmp/u;
    %jmp/1 T_0.7, 6;
    %jmp T_0.8;
T_0.0 ;
    %load/vec4 v000000000100ce80_0;
    %load/vec4 v000000000100c8e0_0;
    %and;
    %store/vec4 v0000000000f44e80_0, 0, 4;
    %jmp T_0.8;
T_0.1 ;
    %load/vec4 v000000000100ce80_0;
    %load/vec4 v000000000100c8e0_0;
    %or;
    %store/vec4 v0000000000f44e80_0, 0, 4;
    %jmp T_0.8;
T_0.2 ;
    %load/vec4 v000000000100ce80_0;
    %load/vec4 v000000000100c8e0_0;
    %add;
    %store/vec4 v0000000000f44e80_0, 0, 4;
    %jmp T_0.8;
T_0.3 ;
    %pushi/vec4 0, 0, 4;
    %store/vec4 v0000000000f44e80_0, 0, 4;
    %jmp T_0.8;
T_0.4 ;
    %load/vec4 v000000000100ce80_0;
    %load/vec4 v000000000100c8e0_0;
    %inv;
    %and;
    %store/vec4 v0000000000f44e80_0, 0, 4;
    %jmp T_0.8;
T_0.5 ;
    %load/vec4 v000000000100ce80_0;
    %load/vec4 v000000000100c8e0_0;
    %inv;
    %or;
    %store/vec4 v0000000000f44e80_0, 0, 4;
    %jmp T_0.8;
T_0.6 ;
    %load/vec4 v000000000100ce80_0;
    %load/vec4 v000000000100c8e0_0;
    %sub;
    %store/vec4 v0000000000f44e80_0, 0, 4;
    %jmp T_0.8;
T_0.7 ;
    %load/vec4 v000000000100ce80_0;
    %load/vec4 v000000000100c8e0_0;
    %cmp/u;
    %flag_mov 8, 5;
    %jmp/0 T_0.9, 8;
    %pushi/vec4 1, 0, 4;
    %jmp/1 T_0.10, 8;
T_0.9 ; End of true expr.
    %pushi/vec4 0, 0, 4;
    %jmp/0 T_0.10, 8;
 ; End of false expr.
    %blend;
T_0.10;
    %store/vec4 v0000000000f44e80_0, 0, 4;
    %jmp T_0.8;
T_0.8 ;
    %pop/vec4 1;
    %jmp T_0;
    .thread T_0;
    .scope S_000000000100ccf0;
T_1 ;
    %vpi_call 2 13 "$display", "CASO-----A-----B------ |  Y" {0 0 0};
    %vpi_call 2 14 "$monitor", "%b %b %b | %b", v0000000000f42070_0, v0000000000f45060_0, v0000000000f41f30_0, v0000000000f41fd0_0 {0 0 0};
    %pushi/vec4 0, 0, 3;
    %store/vec4 v0000000000f42070_0, 0, 3;
    %pushi/vec4 9, 0, 4;
    %store/vec4 v0000000000f45060_0, 0, 4;
    %pushi/vec4 10, 0, 4;
    %store/vec4 v0000000000f41f30_0, 0, 4;
    %delay 1, 0;
    %pushi/vec4 1, 0, 3;
    %store/vec4 v0000000000f42070_0, 0, 3;
    %pushi/vec4 9, 0, 4;
    %store/vec4 v0000000000f45060_0, 0, 4;
    %pushi/vec4 10, 0, 4;
    %store/vec4 v0000000000f41f30_0, 0, 4;
    %delay 1, 0;
    %pushi/vec4 2, 0, 3;
    %store/vec4 v0000000000f42070_0, 0, 3;
    %pushi/vec4 9, 0, 4;
    %store/vec4 v0000000000f45060_0, 0, 4;
    %pushi/vec4 10, 0, 4;
    %store/vec4 v0000000000f41f30_0, 0, 4;
    %delay 1, 0;
    %pushi/vec4 3, 0, 3;
    %store/vec4 v0000000000f42070_0, 0, 3;
    %pushi/vec4 9, 0, 4;
    %store/vec4 v0000000000f45060_0, 0, 4;
    %pushi/vec4 10, 0, 4;
    %store/vec4 v0000000000f41f30_0, 0, 4;
    %delay 1, 0;
    %pushi/vec4 4, 0, 3;
    %store/vec4 v0000000000f42070_0, 0, 3;
    %pushi/vec4 9, 0, 4;
    %store/vec4 v0000000000f45060_0, 0, 4;
    %pushi/vec4 10, 0, 4;
    %store/vec4 v0000000000f41f30_0, 0, 4;
    %delay 1, 0;
    %pushi/vec4 5, 0, 3;
    %store/vec4 v0000000000f42070_0, 0, 3;
    %pushi/vec4 9, 0, 4;
    %store/vec4 v0000000000f45060_0, 0, 4;
    %pushi/vec4 10, 0, 4;
    %store/vec4 v0000000000f41f30_0, 0, 4;
    %delay 1, 0;
    %pushi/vec4 6, 0, 3;
    %store/vec4 v0000000000f42070_0, 0, 3;
    %pushi/vec4 9, 0, 4;
    %store/vec4 v0000000000f45060_0, 0, 4;
    %pushi/vec4 10, 0, 4;
    %store/vec4 v0000000000f41f30_0, 0, 4;
    %delay 1, 0;
    %pushi/vec4 7, 0, 3;
    %store/vec4 v0000000000f42070_0, 0, 3;
    %pushi/vec4 9, 0, 4;
    %store/vec4 v0000000000f45060_0, 0, 4;
    %pushi/vec4 10, 0, 4;
    %store/vec4 v0000000000f41f30_0, 0, 4;
    %end;
    .thread T_1;
    .scope S_000000000100ccf0;
T_2 ;
    %delay 50, 0;
    %vpi_call 2 29 "$finish" {0 0 0};
    %end;
    .thread T_2;
    .scope S_000000000100ccf0;
T_3 ;
    %vpi_call 2 32 "$dumpfile", "ALU_timing.vcd" {0 0 0};
    %vpi_call 2 33 "$dumpvars", 32'sb00000000000000000000000000000000, S_000000000100ccf0 {0 0 0};
    %end;
    .thread T_3;
# The file index is used to find the file name in the following table.
:file_names 4;
    "N/A";
    "<interactive>";
    "ALU_testbench.v";
    "./ALU_modulo.v";
