#! /usr/local/iverilog/bin/vvp
:ivl_version "11.0 (devel)" "(s20150603-642-g3bdb50da)";
:ivl_delay_selection "TYPICAL";
:vpi_time_precision + 0;
:vpi_module "system";
:vpi_module "vhdl_sys";
:vpi_module "vhdl_textio";
:vpi_module "v2005_math";
:vpi_module "va_math";
S_00000000009204c0 .scope module, "testbench" "testbench" 2 3;
 .timescale 0 0;
v000000000096e3e0_0 .var "a1", 0 0;
v000000000096d580_0 .var "a2", 0 0;
v000000000096d620_0 .var "a3", 0 0;
v000000000096e2a0_0 .var "b1", 0 0;
v000000000096c900_0 .var "b2", 0 0;
v000000000096d9e0_0 .var "b3", 0 0;
v000000000096e0c0_0 .var "c1", 0 0;
v000000000096dbc0_0 .var "c2", 0 0;
v000000000096d4e0_0 .var "c3", 0 0;
v000000000096d440_0 .var "c4", 0 0;
v000000000096e340_0 .var "d1", 0 0;
v000000000096d6c0_0 .var "d2", 0 0;
v000000000096d760_0 .var "d3", 0 0;
v000000000096d800_0 .var "d4", 0 0;
v000000000096c540_0 .var "e1", 0 0;
v000000000096e160_0 .var "e2", 0 0;
v000000000096cd60_0 .var "e3", 0 0;
v000000000096d8a0_0 .var "e4", 0 0;
v000000000096d940_0 .var "f1", 0 0;
v000000000096c5e0_0 .var "f2", 0 0;
v000000000096da80_0 .var "f3", 0 0;
v000000000096c720_0 .var "g1", 0 0;
v000000000096db20_0 .var "g2", 0 0;
v000000000096c7c0_0 .var "g3", 0 0;
v000000000096d120_0 .var "g4", 0 0;
v000000000096dc60_0 .var "h1", 0 0;
v000000000096dd00_0 .var "h2", 0 0;
v000000000096c860_0 .var "h3", 0 0;
v000000000096dda0_0 .net "s1", 0 0, L_00000000009079b0;  1 drivers
v000000000096cf40_0 .net "s2", 0 0, L_0000000000907390;  1 drivers
v000000000096de40_0 .net "s3", 0 0, L_00000000010da3f0;  1 drivers
v000000000096dee0_0 .net "s4", 0 0, L_00000000010da7e0;  1 drivers
v000000000096df80_0 .net "s5", 0 0, L_00000000010da150;  1 drivers
v000000000096ca40_0 .net "s6", 0 0, L_00000000010da5b0;  1 drivers
v000000000096c9a0_0 .net "s7", 0 0, L_00000000010db780;  1 drivers
v000000000096e020_0 .net "s8", 0 0, L_00000000010db4e0;  1 drivers
S_000000000092aeb0 .scope module, "m1" "t01" 2 15, 3 6 0, S_00000000009204c0;
 .timescale 0 0;
    .port_info 0 /INPUT 1 "A";
    .port_info 1 /INPUT 1 "B";
    .port_info 2 /INPUT 1 "C";
    .port_info 3 /OUTPUT 1 "Y";
L_00000000009072b0 .functor NOT 1, v000000000096e3e0_0, C4<0>, C4<0>, C4<0>;
L_00000000009075c0 .functor NOT 1, v000000000096d580_0, C4<0>, C4<0>, C4<0>;
L_00000000009077f0 .functor NOT 1, v000000000096d620_0, C4<0>, C4<0>, C4<0>;
L_0000000000907470 .functor AND 1, L_00000000009075c0, L_00000000009077f0, C4<1>, C4<1>;
L_0000000000907630 .functor AND 1, L_00000000009072b0, L_00000000009077f0, C4<1>, C4<1>;
L_0000000000907860 .functor AND 1, v000000000096e3e0_0, v000000000096d620_0, C4<1>, C4<1>;
L_00000000009078d0 .functor AND 1, v000000000096e3e0_0, L_00000000009075c0, C4<1>, C4<1>;
L_00000000009079b0 .functor OR 1, L_0000000000907470, L_0000000000907630, L_0000000000907860, L_00000000009078d0;
v00000000009040d0_0 .net "A", 0 0, v000000000096e3e0_0;  1 drivers
v0000000000904e90_0 .net "B", 0 0, v000000000096d580_0;  1 drivers
v0000000000903ef0_0 .net "C", 0 0, v000000000096d620_0;  1 drivers
v0000000000903810_0 .net "Y", 0 0, L_00000000009079b0;  alias, 1 drivers
v00000000009042b0_0 .net "notA", 0 0, L_00000000009072b0;  1 drivers
v0000000000903d10_0 .net "notB", 0 0, L_00000000009075c0;  1 drivers
v0000000000904210_0 .net "notC", 0 0, L_00000000009077f0;  1 drivers
v0000000000904ad0_0 .net "w1", 0 0, L_0000000000907470;  1 drivers
v00000000009034f0_0 .net "w2", 0 0, L_0000000000907630;  1 drivers
v0000000000904530_0 .net "w3", 0 0, L_0000000000907860;  1 drivers
v00000000009031d0_0 .net "w4", 0 0, L_00000000009078d0;  1 drivers
S_00000000008bb120 .scope module, "m2" "t02" 2 16, 3 22 0, S_00000000009204c0;
 .timescale 0 0;
    .port_info 0 /INPUT 1 "A";
    .port_info 1 /INPUT 1 "B";
    .port_info 2 /INPUT 1 "C";
    .port_info 3 /OUTPUT 1 "Y";
L_0000000000907390 .functor NOT 1, v000000000096c900_0, C4<0>, C4<0>, C4<0>;
v0000000000904170_0 .net "A", 0 0, v000000000096e2a0_0;  1 drivers
v0000000000903590_0 .net "B", 0 0, v000000000096c900_0;  1 drivers
v00000000009045d0_0 .net "C", 0 0, v000000000096d9e0_0;  1 drivers
v0000000000903db0_0 .net "Y", 0 0, L_0000000000907390;  alias, 1 drivers
S_00000000008bb2b0 .scope module, "m3" "t03" 2 17, 3 30 0, S_00000000009204c0;
 .timescale 0 0;
    .port_info 0 /INPUT 1 "A";
    .port_info 1 /INPUT 1 "B";
    .port_info 2 /INPUT 1 "C";
    .port_info 3 /INPUT 1 "D";
    .port_info 4 /OUTPUT 1 "Y";
L_00000000009074e0 .functor NOT 1, v000000000096e0c0_0, C4<0>, C4<0>, C4<0>;
L_0000000000907400 .functor NOT 1, v000000000096dbc0_0, C4<0>, C4<0>, C4<0>;
L_0000000000907550 .functor NOT 1, v000000000096d4e0_0, C4<0>, C4<0>, C4<0>;
L_00000000010da310 .functor NOT 1, v000000000096d440_0, C4<0>, C4<0>, C4<0>;
L_00000000010da540 .functor AND 1, L_00000000009074e0, L_0000000000907400, L_0000000000907550, L_00000000010da310;
L_00000000010daf50 .functor AND 1, L_00000000009074e0, L_0000000000907400, v000000000096d4e0_0, v000000000096d440_0;
L_00000000010daee0 .functor AND 1, L_00000000009074e0, v000000000096dbc0_0, L_0000000000907550, v000000000096d440_0;
L_00000000010daa80 .functor AND 1, L_00000000009074e0, v000000000096dbc0_0, v000000000096d4e0_0, L_00000000010da310;
L_00000000010daaf0 .functor AND 1, v000000000096e0c0_0, v000000000096dbc0_0, L_0000000000907550, L_00000000010da310;
L_00000000010dabd0 .functor AND 1, v000000000096e0c0_0, v000000000096dbc0_0, v000000000096d4e0_0, v000000000096d440_0;
L_00000000010da380 .functor AND 1, v000000000096e0c0_0, L_0000000000907400, L_0000000000907550, v000000000096d440_0;
L_00000000010dab60 .functor AND 1, v000000000096e0c0_0, L_0000000000907400, v000000000096d4e0_0, L_00000000010da310;
L_00000000010da3f0/0/0 .functor OR 1, L_00000000010da540, L_00000000010daf50, L_00000000010daee0, L_00000000010daa80;
L_00000000010da3f0/0/4 .functor OR 1, L_00000000010daaf0, L_00000000010dabd0, L_00000000010da380, L_00000000010dab60;
L_00000000010da3f0 .functor OR 1, L_00000000010da3f0/0/0, L_00000000010da3f0/0/4, C4<0>, C4<0>;
v0000000000904670_0 .net "A", 0 0, v000000000096e0c0_0;  1 drivers
v0000000000904350_0 .net "B", 0 0, v000000000096dbc0_0;  1 drivers
v0000000000904710_0 .net "C", 0 0, v000000000096d4e0_0;  1 drivers
v00000000009048f0_0 .net "D", 0 0, v000000000096d440_0;  1 drivers
v0000000000903b30_0 .net "Y", 0 0, L_00000000010da3f0;  alias, 1 drivers
v0000000000904990_0 .net "notA", 0 0, L_00000000009074e0;  1 drivers
v0000000000904b70_0 .net "notB", 0 0, L_0000000000907400;  1 drivers
v0000000000904c10_0 .net "notC", 0 0, L_0000000000907550;  1 drivers
v0000000000903310_0 .net "notD", 0 0, L_00000000010da310;  1 drivers
v0000000000902ff0_0 .net "w1", 0 0, L_00000000010da540;  1 drivers
v00000000009033b0_0 .net "w2", 0 0, L_00000000010daf50;  1 drivers
v00000000009036d0_0 .net "w3", 0 0, L_00000000010daee0;  1 drivers
v0000000000903630_0 .net "w4", 0 0, L_00000000010daa80;  1 drivers
v00000000009038b0_0 .net "w5", 0 0, L_00000000010daaf0;  1 drivers
v0000000000903950_0 .net "w6", 0 0, L_00000000010dabd0;  1 drivers
v0000000000903f90_0 .net "w7", 0 0, L_00000000010da380;  1 drivers
v000000000096adf0_0 .net "w8", 0 0, L_00000000010dab60;  1 drivers
S_00000000001ce930 .scope module, "m4" "t04" 2 18, 3 51 0, S_00000000009204c0;
 .timescale 0 0;
    .port_info 0 /INPUT 1 "A";
    .port_info 1 /INPUT 1 "B";
    .port_info 2 /INPUT 1 "C";
    .port_info 3 /INPUT 1 "D";
    .port_info 4 /OUTPUT 1 "Y";
L_00000000010da930 .functor NOT 1, v000000000096d6c0_0, C4<0>, C4<0>, C4<0>;
L_00000000010da1c0 .functor NOT 1, v000000000096d760_0, C4<0>, C4<0>, C4<0>;
L_00000000010dacb0 .functor NOT 1, v000000000096d800_0, C4<0>, C4<0>, C4<0>;
L_00000000010da770 .functor AND 1, v000000000096e340_0, v000000000096d760_0, C4<1>, C4<1>;
L_00000000010da9a0 .functor AND 1, v000000000096d6c0_0, v000000000096d800_0, C4<1>, C4<1>;
L_00000000010da070 .functor AND 1, v000000000096e340_0, v000000000096d6c0_0, C4<1>, C4<1>;
L_00000000010dad20 .functor AND 1, L_00000000010da930, L_00000000010da1c0, L_00000000010dacb0, C4<1>;
L_00000000010da7e0 .functor OR 1, L_00000000010da770, L_00000000010da9a0, L_00000000010da070, L_00000000010dad20;
v000000000096b570_0 .net "A", 0 0, v000000000096e340_0;  1 drivers
v000000000096b610_0 .net "B", 0 0, v000000000096d6c0_0;  1 drivers
v000000000096bcf0_0 .net "C", 0 0, v000000000096d760_0;  1 drivers
v000000000096bb10_0 .net "D", 0 0, v000000000096d800_0;  1 drivers
v000000000096be30_0 .net "Y", 0 0, L_00000000010da7e0;  alias, 1 drivers
v000000000096c3d0_0 .net "notB", 0 0, L_00000000010da930;  1 drivers
v000000000096c330_0 .net "notC", 0 0, L_00000000010da1c0;  1 drivers
v000000000096a530_0 .net "notD", 0 0, L_00000000010dacb0;  1 drivers
v000000000096c0b0_0 .net "w1", 0 0, L_00000000010da770;  1 drivers
v000000000096a5d0_0 .net "w2", 0 0, L_00000000010da9a0;  1 drivers
v000000000096a990_0 .net "w3", 0 0, L_00000000010da070;  1 drivers
v000000000096ac10_0 .net "w4", 0 0, L_00000000010dad20;  1 drivers
S_00000000001ceac0 .scope module, "n1" "f01" 2 19, 3 70 0, S_00000000009204c0;
 .timescale 0 0;
    .port_info 0 /INPUT 1 "A";
    .port_info 1 /INPUT 1 "B";
    .port_info 2 /INPUT 1 "C";
    .port_info 3 /INPUT 1 "D";
    .port_info 4 /OUTPUT 1 "Y";
L_00000000010da850 .functor NOT 1, v000000000096e160_0, C4<0>, C4<0>, C4<0>;
L_00000000010dad90 .functor NOT 1, v000000000096d8a0_0, C4<0>, C4<0>, C4<0>;
L_00000000010dae00 .functor OR 1, L_00000000010da850, L_00000000010dad90, C4<0>, C4<0>;
L_00000000010da0e0 .functor NOT 1, v000000000096cd60_0, C4<0>, C4<0>, C4<0>;
L_00000000010da460 .functor AND 1, L_00000000010da0e0, v000000000096d8a0_0, C4<1>, C4<1>;
L_00000000010da150 .functor OR 1, L_00000000010dae00, L_00000000010da460, C4<0>, C4<0>;
v000000000096a7b0_0 .net "A", 0 0, v000000000096c540_0;  1 drivers
v000000000096a670_0 .net "B", 0 0, v000000000096e160_0;  1 drivers
v000000000096b1b0_0 .net "C", 0 0, v000000000096cd60_0;  1 drivers
v000000000096a850_0 .net "D", 0 0, v000000000096d8a0_0;  1 drivers
v000000000096ab70_0 .net "Y", 0 0, L_00000000010da150;  alias, 1 drivers
v000000000096ba70_0 .net *"_s0", 0 0, L_00000000010da850;  1 drivers
v000000000096afd0_0 .net *"_s2", 0 0, L_00000000010dad90;  1 drivers
v000000000096ae90_0 .net *"_s4", 0 0, L_00000000010dae00;  1 drivers
v000000000096b930_0 .net *"_s6", 0 0, L_00000000010da0e0;  1 drivers
v000000000096acb0_0 .net *"_s8", 0 0, L_00000000010da460;  1 drivers
S_00000000001ce120 .scope module, "n2" "f02" 2 20, 3 78 0, S_00000000009204c0;
 .timescale 0 0;
    .port_info 0 /INPUT 1 "A";
    .port_info 1 /INPUT 1 "B";
    .port_info 2 /INPUT 1 "C";
    .port_info 3 /OUTPUT 1 "Y";
L_00000000010da700 .functor NOT 1, v000000000096d940_0, C4<0>, C4<0>, C4<0>;
L_00000000010da2a0 .functor NOT 1, v000000000096c5e0_0, C4<0>, C4<0>, C4<0>;
L_00000000010dae70 .functor AND 1, L_00000000010da700, L_00000000010da2a0, C4<1>, C4<1>;
L_00000000010da230 .functor OR 1, L_00000000010dae70, v000000000096d940_0, C4<0>, C4<0>;
L_00000000010da620 .functor NOT 1, v000000000096c5e0_0, C4<0>, C4<0>, C4<0>;
L_00000000010da4d0 .functor OR 1, L_00000000010da230, L_00000000010da620, C4<0>, C4<0>;
L_00000000010da5b0 .functor OR 1, L_00000000010da4d0, v000000000096da80_0, C4<0>, C4<0>;
v000000000096c150_0 .net "A", 0 0, v000000000096d940_0;  1 drivers
v000000000096bed0_0 .net "B", 0 0, v000000000096c5e0_0;  1 drivers
v000000000096c1f0_0 .net "C", 0 0, v000000000096da80_0;  1 drivers
v000000000096a710_0 .net "Y", 0 0, L_00000000010da5b0;  alias, 1 drivers
v000000000096a8f0_0 .net *"_s0", 0 0, L_00000000010da700;  1 drivers
v000000000096bf70_0 .net *"_s10", 0 0, L_00000000010da4d0;  1 drivers
v000000000096b6b0_0 .net *"_s2", 0 0, L_00000000010da2a0;  1 drivers
v000000000096b750_0 .net *"_s4", 0 0, L_00000000010dae70;  1 drivers
v000000000096ad50_0 .net *"_s6", 0 0, L_00000000010da230;  1 drivers
v000000000096aa30_0 .net *"_s8", 0 0, L_00000000010da620;  1 drivers
S_00000000001ce2b0 .scope module, "n3" "f03" 2 21, 3 86 0, S_00000000009204c0;
 .timescale 0 0;
    .port_info 0 /INPUT 1 "A";
    .port_info 1 /INPUT 1 "B";
    .port_info 2 /INPUT 1 "C";
    .port_info 3 /INPUT 1 "D";
    .port_info 4 /OUTPUT 1 "Y";
L_00000000010da690 .functor NOT 1, v000000000096c720_0, C4<0>, C4<0>, C4<0>;
L_00000000010da8c0 .functor NOT 1, v000000000096db20_0, C4<0>, C4<0>, C4<0>;
L_00000000010daa10 .functor AND 1, L_00000000010da690, L_00000000010da8c0, C4<1>, C4<1>;
L_00000000010db390 .functor NOT 1, v000000000096c7c0_0, C4<0>, C4<0>, C4<0>;
L_00000000010db8d0 .functor AND 1, L_00000000010daa10, L_00000000010db390, C4<1>, C4<1>;
L_00000000010dbf60 .functor AND 1, v000000000096c720_0, v000000000096d120_0, C4<1>, C4<1>;
L_00000000010db780 .functor OR 1, L_00000000010db8d0, L_00000000010dbf60, C4<0>, C4<0>;
v000000000096b430_0 .net "A", 0 0, v000000000096c720_0;  1 drivers
v000000000096aad0_0 .net "B", 0 0, v000000000096db20_0;  1 drivers
v000000000096b110_0 .net "C", 0 0, v000000000096c7c0_0;  1 drivers
v000000000096b4d0_0 .net "D", 0 0, v000000000096d120_0;  1 drivers
v000000000096b7f0_0 .net "Y", 0 0, L_00000000010db780;  alias, 1 drivers
v000000000096b070_0 .net *"_s0", 0 0, L_00000000010da690;  1 drivers
v000000000096b890_0 .net *"_s10", 0 0, L_00000000010dbf60;  1 drivers
v000000000096c010_0 .net *"_s2", 0 0, L_00000000010da8c0;  1 drivers
v000000000096b9d0_0 .net *"_s4", 0 0, L_00000000010daa10;  1 drivers
v000000000096af30_0 .net *"_s6", 0 0, L_00000000010db390;  1 drivers
v000000000096b250_0 .net *"_s8", 0 0, L_00000000010db8d0;  1 drivers
S_00000000008c1bd0 .scope module, "n4" "f04" 2 22, 3 94 0, S_00000000009204c0;
 .timescale 0 0;
    .port_info 0 /INPUT 1 "A";
    .port_info 1 /INPUT 1 "B";
    .port_info 2 /INPUT 1 "C";
    .port_info 3 /OUTPUT 1 "Y";
L_00000000010db1d0 .functor NOT 1, v000000000096dc60_0, C4<0>, C4<0>, C4<0>;
L_00000000010dba90 .functor NOT 1, v000000000096dd00_0, C4<0>, C4<0>, C4<0>;
L_00000000010dbda0 .functor AND 1, L_00000000010db1d0, L_00000000010dba90, C4<1>, C4<1>;
L_00000000010db320 .functor NOT 1, v000000000096c860_0, C4<0>, C4<0>, C4<0>;
L_00000000010dbb00 .functor AND 1, L_00000000010dbda0, L_00000000010db320, C4<1>, C4<1>;
L_00000000010db7f0 .functor AND 1, v000000000096dd00_0, v000000000096c860_0, C4<1>, C4<1>;
L_00000000010db4e0 .functor OR 1, L_00000000010dbb00, L_00000000010db7f0, C4<0>, C4<0>;
v000000000096bbb0_0 .net "A", 0 0, v000000000096dc60_0;  1 drivers
v000000000096b2f0_0 .net "B", 0 0, v000000000096dd00_0;  1 drivers
v000000000096b390_0 .net "C", 0 0, v000000000096c860_0;  1 drivers
v000000000096bc50_0 .net "Y", 0 0, L_00000000010db4e0;  alias, 1 drivers
v000000000096bd90_0 .net *"_s0", 0 0, L_00000000010db1d0;  1 drivers
v000000000096c290_0 .net *"_s10", 0 0, L_00000000010db7f0;  1 drivers
v000000000096cae0_0 .net *"_s2", 0 0, L_00000000010dba90;  1 drivers
v000000000096c680_0 .net *"_s4", 0 0, L_00000000010dbda0;  1 drivers
v000000000096d3a0_0 .net *"_s6", 0 0, L_00000000010db320;  1 drivers
v000000000096e200_0 .net *"_s8", 0 0, L_00000000010dbb00;  1 drivers
    .scope S_00000000009204c0;
T_0 ;
    %vpi_call 2 25 "$display", "ecuacion tabla 01" {0 0 0};
    %vpi_call 2 26 "$display", "A B C | Y " {0 0 0};
    %vpi_call 2 27 "$display", "------|------" {0 0 0};
    %vpi_call 2 28 "$monitor", "%b %b %b | %b", v000000000096e3e0_0, v000000000096d580_0, v000000000096d620_0, v000000000096dda0_0 {0 0 0};
    %pushi/vec4 0, 0, 1;
    %store/vec4 v000000000096e3e0_0, 0, 1;
    %pushi/vec4 0, 0, 1;
    %store/vec4 v000000000096d580_0, 0, 1;
    %pushi/vec4 0, 0, 1;
    %store/vec4 v000000000096d620_0, 0, 1;
    %delay 1, 0;
    %pushi/vec4 0, 0, 1;
    %store/vec4 v000000000096e3e0_0, 0, 1;
    %pushi/vec4 0, 0, 1;
    %store/vec4 v000000000096d580_0, 0, 1;
    %pushi/vec4 1, 0, 1;
    %store/vec4 v000000000096d620_0, 0, 1;
    %delay 1, 0;
    %pushi/vec4 0, 0, 1;
    %store/vec4 v000000000096e3e0_0, 0, 1;
    %pushi/vec4 1, 0, 1;
    %store/vec4 v000000000096d580_0, 0, 1;
    %pushi/vec4 0, 0, 1;
    %store/vec4 v000000000096d620_0, 0, 1;
    %delay 1, 0;
    %pushi/vec4 0, 0, 1;
    %store/vec4 v000000000096e3e0_0, 0, 1;
    %pushi/vec4 1, 0, 1;
    %store/vec4 v000000000096d580_0, 0, 1;
    %pushi/vec4 1, 0, 1;
    %store/vec4 v000000000096d620_0, 0, 1;
    %delay 1, 0;
    %pushi/vec4 1, 0, 1;
    %store/vec4 v000000000096e3e0_0, 0, 1;
    %pushi/vec4 0, 0, 1;
    %store/vec4 v000000000096d580_0, 0, 1;
    %pushi/vec4 0, 0, 1;
    %store/vec4 v000000000096d620_0, 0, 1;
    %delay 1, 0;
    %pushi/vec4 1, 0, 1;
    %store/vec4 v000000000096e3e0_0, 0, 1;
    %pushi/vec4 0, 0, 1;
    %store/vec4 v000000000096d580_0, 0, 1;
    %pushi/vec4 1, 0, 1;
    %store/vec4 v000000000096d620_0, 0, 1;
    %delay 1, 0;
    %pushi/vec4 1, 0, 1;
    %store/vec4 v000000000096e3e0_0, 0, 1;
    %pushi/vec4 1, 0, 1;
    %store/vec4 v000000000096d580_0, 0, 1;
    %pushi/vec4 0, 0, 1;
    %store/vec4 v000000000096d620_0, 0, 1;
    %delay 1, 0;
    %pushi/vec4 1, 0, 1;
    %store/vec4 v000000000096e3e0_0, 0, 1;
    %pushi/vec4 1, 0, 1;
    %store/vec4 v000000000096d580_0, 0, 1;
    %pushi/vec4 1, 0, 1;
    %store/vec4 v000000000096d620_0, 0, 1;
    %end;
    .thread T_0;
    .scope S_00000000009204c0;
T_1 ;
    %delay 10, 0;
    %vpi_call 2 41 "$display", "\012" {0 0 0};
    %vpi_call 2 42 "$display", "ecuacion tabla 02" {0 0 0};
    %vpi_call 2 43 "$display", "A B C | Y" {0 0 0};
    %vpi_call 2 44 "$display", "------|--" {0 0 0};
    %vpi_call 2 45 "$monitor", "%b %b %b | %b", v000000000096e2a0_0, v000000000096c900_0, v000000000096d9e0_0, v000000000096cf40_0 {0 0 0};
    %pushi/vec4 0, 0, 1;
    %store/vec4 v000000000096e2a0_0, 0, 1;
    %pushi/vec4 0, 0, 1;
    %store/vec4 v000000000096c900_0, 0, 1;
    %pushi/vec4 0, 0, 1;
    %store/vec4 v000000000096d9e0_0, 0, 1;
    %delay 1, 0;
    %pushi/vec4 0, 0, 1;
    %store/vec4 v000000000096e2a0_0, 0, 1;
    %pushi/vec4 0, 0, 1;
    %store/vec4 v000000000096c900_0, 0, 1;
    %pushi/vec4 1, 0, 1;
    %store/vec4 v000000000096d9e0_0, 0, 1;
    %delay 1, 0;
    %pushi/vec4 0, 0, 1;
    %store/vec4 v000000000096e2a0_0, 0, 1;
    %pushi/vec4 1, 0, 1;
    %store/vec4 v000000000096c900_0, 0, 1;
    %pushi/vec4 0, 0, 1;
    %store/vec4 v000000000096d9e0_0, 0, 1;
    %delay 1, 0;
    %pushi/vec4 0, 0, 1;
    %store/vec4 v000000000096e2a0_0, 0, 1;
    %pushi/vec4 1, 0, 1;
    %store/vec4 v000000000096c900_0, 0, 1;
    %pushi/vec4 1, 0, 1;
    %store/vec4 v000000000096d9e0_0, 0, 1;
    %delay 1, 0;
    %pushi/vec4 1, 0, 1;
    %store/vec4 v000000000096e2a0_0, 0, 1;
    %pushi/vec4 0, 0, 1;
    %store/vec4 v000000000096c900_0, 0, 1;
    %pushi/vec4 0, 0, 1;
    %store/vec4 v000000000096d9e0_0, 0, 1;
    %delay 1, 0;
    %pushi/vec4 1, 0, 1;
    %store/vec4 v000000000096e2a0_0, 0, 1;
    %pushi/vec4 0, 0, 1;
    %store/vec4 v000000000096c900_0, 0, 1;
    %pushi/vec4 1, 0, 1;
    %store/vec4 v000000000096d9e0_0, 0, 1;
    %delay 1, 0;
    %pushi/vec4 1, 0, 1;
    %store/vec4 v000000000096e2a0_0, 0, 1;
    %pushi/vec4 1, 0, 1;
    %store/vec4 v000000000096c900_0, 0, 1;
    %pushi/vec4 0, 0, 1;
    %store/vec4 v000000000096d9e0_0, 0, 1;
    %delay 1, 0;
    %pushi/vec4 1, 0, 1;
    %store/vec4 v000000000096e2a0_0, 0, 1;
    %pushi/vec4 1, 0, 1;
    %store/vec4 v000000000096c900_0, 0, 1;
    %pushi/vec4 1, 0, 1;
    %store/vec4 v000000000096d9e0_0, 0, 1;
    %end;
    .thread T_1;
    .scope S_00000000009204c0;
T_2 ;
    %delay 19, 0;
    %vpi_call 2 58 "$display", "\012" {0 0 0};
    %vpi_call 2 59 "$display", "ecuacion tabla 03" {0 0 0};
    %vpi_call 2 60 "$display", "A B C D | Y" {0 0 0};
    %vpi_call 2 61 "$display", "--------|--" {0 0 0};
    %vpi_call 2 62 "$monitor", "%b %b %b %B | %b", v000000000096e0c0_0, v000000000096dbc0_0, v000000000096d4e0_0, v000000000096d440_0, v000000000096de40_0 {0 0 0};
    %pushi/vec4 0, 0, 1;
    %store/vec4 v000000000096e0c0_0, 0, 1;
    %pushi/vec4 0, 0, 1;
    %store/vec4 v000000000096dbc0_0, 0, 1;
    %pushi/vec4 0, 0, 1;
    %store/vec4 v000000000096d4e0_0, 0, 1;
    %pushi/vec4 0, 0, 1;
    %store/vec4 v000000000096d440_0, 0, 1;
    %delay 1, 0;
    %pushi/vec4 0, 0, 1;
    %store/vec4 v000000000096e0c0_0, 0, 1;
    %pushi/vec4 0, 0, 1;
    %store/vec4 v000000000096dbc0_0, 0, 1;
    %pushi/vec4 0, 0, 1;
    %store/vec4 v000000000096d4e0_0, 0, 1;
    %pushi/vec4 1, 0, 1;
    %store/vec4 v000000000096d440_0, 0, 1;
    %delay 1, 0;
    %pushi/vec4 0, 0, 1;
    %store/vec4 v000000000096e0c0_0, 0, 1;
    %pushi/vec4 0, 0, 1;
    %store/vec4 v000000000096dbc0_0, 0, 1;
    %pushi/vec4 1, 0, 1;
    %store/vec4 v000000000096d4e0_0, 0, 1;
    %pushi/vec4 0, 0, 1;
    %store/vec4 v000000000096d440_0, 0, 1;
    %delay 1, 0;
    %pushi/vec4 0, 0, 1;
    %store/vec4 v000000000096e0c0_0, 0, 1;
    %pushi/vec4 0, 0, 1;
    %store/vec4 v000000000096dbc0_0, 0, 1;
    %pushi/vec4 1, 0, 1;
    %store/vec4 v000000000096d4e0_0, 0, 1;
    %pushi/vec4 1, 0, 1;
    %store/vec4 v000000000096d440_0, 0, 1;
    %delay 1, 0;
    %pushi/vec4 0, 0, 1;
    %store/vec4 v000000000096e0c0_0, 0, 1;
    %pushi/vec4 1, 0, 1;
    %store/vec4 v000000000096dbc0_0, 0, 1;
    %pushi/vec4 0, 0, 1;
    %store/vec4 v000000000096d4e0_0, 0, 1;
    %pushi/vec4 0, 0, 1;
    %store/vec4 v000000000096d440_0, 0, 1;
    %delay 1, 0;
    %pushi/vec4 0, 0, 1;
    %store/vec4 v000000000096e0c0_0, 0, 1;
    %pushi/vec4 1, 0, 1;
    %store/vec4 v000000000096dbc0_0, 0, 1;
    %pushi/vec4 0, 0, 1;
    %store/vec4 v000000000096d4e0_0, 0, 1;
    %pushi/vec4 1, 0, 1;
    %store/vec4 v000000000096d440_0, 0, 1;
    %delay 1, 0;
    %pushi/vec4 0, 0, 1;
    %store/vec4 v000000000096e0c0_0, 0, 1;
    %pushi/vec4 1, 0, 1;
    %store/vec4 v000000000096dbc0_0, 0, 1;
    %pushi/vec4 1, 0, 1;
    %store/vec4 v000000000096d4e0_0, 0, 1;
    %pushi/vec4 0, 0, 1;
    %store/vec4 v000000000096d440_0, 0, 1;
    %delay 1, 0;
    %pushi/vec4 0, 0, 1;
    %store/vec4 v000000000096e0c0_0, 0, 1;
    %pushi/vec4 1, 0, 1;
    %store/vec4 v000000000096dbc0_0, 0, 1;
    %pushi/vec4 1, 0, 1;
    %store/vec4 v000000000096d4e0_0, 0, 1;
    %pushi/vec4 1, 0, 1;
    %store/vec4 v000000000096d440_0, 0, 1;
    %delay 1, 0;
    %pushi/vec4 1, 0, 1;
    %store/vec4 v000000000096e0c0_0, 0, 1;
    %pushi/vec4 0, 0, 1;
    %store/vec4 v000000000096dbc0_0, 0, 1;
    %pushi/vec4 0, 0, 1;
    %store/vec4 v000000000096d4e0_0, 0, 1;
    %pushi/vec4 0, 0, 1;
    %store/vec4 v000000000096d440_0, 0, 1;
    %delay 1, 0;
    %pushi/vec4 1, 0, 1;
    %store/vec4 v000000000096e0c0_0, 0, 1;
    %pushi/vec4 0, 0, 1;
    %store/vec4 v000000000096dbc0_0, 0, 1;
    %pushi/vec4 0, 0, 1;
    %store/vec4 v000000000096d4e0_0, 0, 1;
    %pushi/vec4 1, 0, 1;
    %store/vec4 v000000000096d440_0, 0, 1;
    %delay 1, 0;
    %pushi/vec4 1, 0, 1;
    %store/vec4 v000000000096e0c0_0, 0, 1;
    %pushi/vec4 0, 0, 1;
    %store/vec4 v000000000096dbc0_0, 0, 1;
    %pushi/vec4 1, 0, 1;
    %store/vec4 v000000000096d4e0_0, 0, 1;
    %pushi/vec4 0, 0, 1;
    %store/vec4 v000000000096d440_0, 0, 1;
    %delay 1, 0;
    %pushi/vec4 1, 0, 1;
    %store/vec4 v000000000096e0c0_0, 0, 1;
    %pushi/vec4 0, 0, 1;
    %store/vec4 v000000000096dbc0_0, 0, 1;
    %pushi/vec4 1, 0, 1;
    %store/vec4 v000000000096d4e0_0, 0, 1;
    %pushi/vec4 1, 0, 1;
    %store/vec4 v000000000096d440_0, 0, 1;
    %delay 1, 0;
    %pushi/vec4 1, 0, 1;
    %store/vec4 v000000000096e0c0_0, 0, 1;
    %pushi/vec4 1, 0, 1;
    %store/vec4 v000000000096dbc0_0, 0, 1;
    %pushi/vec4 0, 0, 1;
    %store/vec4 v000000000096d4e0_0, 0, 1;
    %pushi/vec4 0, 0, 1;
    %store/vec4 v000000000096d440_0, 0, 1;
    %delay 1, 0;
    %pushi/vec4 1, 0, 1;
    %store/vec4 v000000000096e0c0_0, 0, 1;
    %pushi/vec4 1, 0, 1;
    %store/vec4 v000000000096dbc0_0, 0, 1;
    %pushi/vec4 0, 0, 1;
    %store/vec4 v000000000096d4e0_0, 0, 1;
    %pushi/vec4 1, 0, 1;
    %store/vec4 v000000000096d440_0, 0, 1;
    %delay 1, 0;
    %pushi/vec4 1, 0, 1;
    %store/vec4 v000000000096e0c0_0, 0, 1;
    %pushi/vec4 1, 0, 1;
    %store/vec4 v000000000096dbc0_0, 0, 1;
    %pushi/vec4 1, 0, 1;
    %store/vec4 v000000000096d4e0_0, 0, 1;
    %pushi/vec4 0, 0, 1;
    %store/vec4 v000000000096d440_0, 0, 1;
    %delay 1, 0;
    %pushi/vec4 1, 0, 1;
    %store/vec4 v000000000096e0c0_0, 0, 1;
    %pushi/vec4 1, 0, 1;
    %store/vec4 v000000000096dbc0_0, 0, 1;
    %pushi/vec4 1, 0, 1;
    %store/vec4 v000000000096d4e0_0, 0, 1;
    %pushi/vec4 1, 0, 1;
    %store/vec4 v000000000096d440_0, 0, 1;
    %end;
    .thread T_2;
    .scope S_00000000009204c0;
T_3 ;
    %delay 38, 0;
    %vpi_call 2 83 "$display", "\012" {0 0 0};
    %vpi_call 2 84 "$display", "ecuacion tabla 04" {0 0 0};
    %vpi_call 2 85 "$display", "A B C D | Y" {0 0 0};
    %vpi_call 2 86 "$display", "--------|--" {0 0 0};
    %vpi_call 2 87 "$monitor", "%b %b %b %B | %b", v000000000096e340_0, v000000000096d6c0_0, v000000000096d760_0, v000000000096d800_0, v000000000096dee0_0 {0 0 0};
    %pushi/vec4 0, 0, 1;
    %store/vec4 v000000000096e340_0, 0, 1;
    %pushi/vec4 0, 0, 1;
    %store/vec4 v000000000096d6c0_0, 0, 1;
    %pushi/vec4 0, 0, 1;
    %store/vec4 v000000000096d760_0, 0, 1;
    %pushi/vec4 0, 0, 1;
    %store/vec4 v000000000096d800_0, 0, 1;
    %delay 1, 0;
    %pushi/vec4 0, 0, 1;
    %store/vec4 v000000000096e340_0, 0, 1;
    %pushi/vec4 0, 0, 1;
    %store/vec4 v000000000096d6c0_0, 0, 1;
    %pushi/vec4 0, 0, 1;
    %store/vec4 v000000000096d760_0, 0, 1;
    %pushi/vec4 1, 0, 1;
    %store/vec4 v000000000096d800_0, 0, 1;
    %delay 1, 0;
    %pushi/vec4 0, 0, 1;
    %store/vec4 v000000000096e340_0, 0, 1;
    %pushi/vec4 0, 0, 1;
    %store/vec4 v000000000096d6c0_0, 0, 1;
    %pushi/vec4 1, 0, 1;
    %store/vec4 v000000000096d760_0, 0, 1;
    %pushi/vec4 0, 0, 1;
    %store/vec4 v000000000096d800_0, 0, 1;
    %delay 1, 0;
    %pushi/vec4 0, 0, 1;
    %store/vec4 v000000000096e340_0, 0, 1;
    %pushi/vec4 0, 0, 1;
    %store/vec4 v000000000096d6c0_0, 0, 1;
    %pushi/vec4 1, 0, 1;
    %store/vec4 v000000000096d760_0, 0, 1;
    %pushi/vec4 1, 0, 1;
    %store/vec4 v000000000096d800_0, 0, 1;
    %delay 1, 0;
    %pushi/vec4 0, 0, 1;
    %store/vec4 v000000000096e340_0, 0, 1;
    %pushi/vec4 1, 0, 1;
    %store/vec4 v000000000096d6c0_0, 0, 1;
    %pushi/vec4 0, 0, 1;
    %store/vec4 v000000000096d760_0, 0, 1;
    %pushi/vec4 0, 0, 1;
    %store/vec4 v000000000096d800_0, 0, 1;
    %delay 1, 0;
    %pushi/vec4 0, 0, 1;
    %store/vec4 v000000000096e340_0, 0, 1;
    %pushi/vec4 1, 0, 1;
    %store/vec4 v000000000096d6c0_0, 0, 1;
    %pushi/vec4 0, 0, 1;
    %store/vec4 v000000000096d760_0, 0, 1;
    %pushi/vec4 1, 0, 1;
    %store/vec4 v000000000096d800_0, 0, 1;
    %delay 1, 0;
    %pushi/vec4 0, 0, 1;
    %store/vec4 v000000000096e340_0, 0, 1;
    %pushi/vec4 1, 0, 1;
    %store/vec4 v000000000096d6c0_0, 0, 1;
    %pushi/vec4 1, 0, 1;
    %store/vec4 v000000000096d760_0, 0, 1;
    %pushi/vec4 0, 0, 1;
    %store/vec4 v000000000096d800_0, 0, 1;
    %delay 1, 0;
    %pushi/vec4 0, 0, 1;
    %store/vec4 v000000000096e340_0, 0, 1;
    %pushi/vec4 1, 0, 1;
    %store/vec4 v000000000096d6c0_0, 0, 1;
    %pushi/vec4 1, 0, 1;
    %store/vec4 v000000000096d760_0, 0, 1;
    %pushi/vec4 1, 0, 1;
    %store/vec4 v000000000096d800_0, 0, 1;
    %delay 1, 0;
    %pushi/vec4 1, 0, 1;
    %store/vec4 v000000000096e340_0, 0, 1;
    %pushi/vec4 0, 0, 1;
    %store/vec4 v000000000096d6c0_0, 0, 1;
    %pushi/vec4 0, 0, 1;
    %store/vec4 v000000000096d760_0, 0, 1;
    %pushi/vec4 0, 0, 1;
    %store/vec4 v000000000096d800_0, 0, 1;
    %delay 1, 0;
    %pushi/vec4 1, 0, 1;
    %store/vec4 v000000000096e340_0, 0, 1;
    %pushi/vec4 0, 0, 1;
    %store/vec4 v000000000096d6c0_0, 0, 1;
    %pushi/vec4 0, 0, 1;
    %store/vec4 v000000000096d760_0, 0, 1;
    %pushi/vec4 1, 0, 1;
    %store/vec4 v000000000096d800_0, 0, 1;
    %delay 1, 0;
    %pushi/vec4 1, 0, 1;
    %store/vec4 v000000000096e340_0, 0, 1;
    %pushi/vec4 0, 0, 1;
    %store/vec4 v000000000096d6c0_0, 0, 1;
    %pushi/vec4 1, 0, 1;
    %store/vec4 v000000000096d760_0, 0, 1;
    %pushi/vec4 0, 0, 1;
    %store/vec4 v000000000096d800_0, 0, 1;
    %delay 1, 0;
    %pushi/vec4 1, 0, 1;
    %store/vec4 v000000000096e340_0, 0, 1;
    %pushi/vec4 0, 0, 1;
    %store/vec4 v000000000096d6c0_0, 0, 1;
    %pushi/vec4 1, 0, 1;
    %store/vec4 v000000000096d760_0, 0, 1;
    %pushi/vec4 1, 0, 1;
    %store/vec4 v000000000096d800_0, 0, 1;
    %delay 1, 0;
    %pushi/vec4 1, 0, 1;
    %store/vec4 v000000000096e340_0, 0, 1;
    %pushi/vec4 1, 0, 1;
    %store/vec4 v000000000096d6c0_0, 0, 1;
    %pushi/vec4 0, 0, 1;
    %store/vec4 v000000000096d760_0, 0, 1;
    %pushi/vec4 0, 0, 1;
    %store/vec4 v000000000096d800_0, 0, 1;
    %delay 1, 0;
    %pushi/vec4 1, 0, 1;
    %store/vec4 v000000000096e340_0, 0, 1;
    %pushi/vec4 1, 0, 1;
    %store/vec4 v000000000096d6c0_0, 0, 1;
    %pushi/vec4 0, 0, 1;
    %store/vec4 v000000000096d760_0, 0, 1;
    %pushi/vec4 1, 0, 1;
    %store/vec4 v000000000096d800_0, 0, 1;
    %delay 1, 0;
    %pushi/vec4 1, 0, 1;
    %store/vec4 v000000000096e340_0, 0, 1;
    %pushi/vec4 1, 0, 1;
    %store/vec4 v000000000096d6c0_0, 0, 1;
    %pushi/vec4 1, 0, 1;
    %store/vec4 v000000000096d760_0, 0, 1;
    %pushi/vec4 0, 0, 1;
    %store/vec4 v000000000096d800_0, 0, 1;
    %delay 1, 0;
    %pushi/vec4 1, 0, 1;
    %store/vec4 v000000000096e340_0, 0, 1;
    %pushi/vec4 1, 0, 1;
    %store/vec4 v000000000096d6c0_0, 0, 1;
    %pushi/vec4 1, 0, 1;
    %store/vec4 v000000000096d760_0, 0, 1;
    %pushi/vec4 1, 0, 1;
    %store/vec4 v000000000096d800_0, 0, 1;
    %end;
    .thread T_3;
    .scope S_00000000009204c0;
T_4 ;
    %delay 57, 0;
    %vpi_call 2 108 "$display", "\012" {0 0 0};
    %vpi_call 2 109 "$display", "ecuacion minimizada 01" {0 0 0};
    %vpi_call 2 110 "$display", "A B C D | Y" {0 0 0};
    %vpi_call 2 111 "$display", "--------|--" {0 0 0};
    %vpi_call 2 112 "$monitor", "%b %b %b %B | %b", v000000000096c540_0, v000000000096e160_0, v000000000096cd60_0, v000000000096d8a0_0, v000000000096df80_0 {0 0 0};
    %pushi/vec4 0, 0, 1;
    %store/vec4 v000000000096c540_0, 0, 1;
    %pushi/vec4 0, 0, 1;
    %store/vec4 v000000000096e160_0, 0, 1;
    %pushi/vec4 0, 0, 1;
    %store/vec4 v000000000096cd60_0, 0, 1;
    %pushi/vec4 0, 0, 1;
    %store/vec4 v000000000096d8a0_0, 0, 1;
    %delay 1, 0;
    %pushi/vec4 0, 0, 1;
    %store/vec4 v000000000096c540_0, 0, 1;
    %pushi/vec4 0, 0, 1;
    %store/vec4 v000000000096e160_0, 0, 1;
    %pushi/vec4 0, 0, 1;
    %store/vec4 v000000000096cd60_0, 0, 1;
    %pushi/vec4 1, 0, 1;
    %store/vec4 v000000000096d8a0_0, 0, 1;
    %delay 1, 0;
    %pushi/vec4 0, 0, 1;
    %store/vec4 v000000000096c540_0, 0, 1;
    %pushi/vec4 0, 0, 1;
    %store/vec4 v000000000096e160_0, 0, 1;
    %pushi/vec4 1, 0, 1;
    %store/vec4 v000000000096cd60_0, 0, 1;
    %pushi/vec4 0, 0, 1;
    %store/vec4 v000000000096d8a0_0, 0, 1;
    %delay 1, 0;
    %pushi/vec4 0, 0, 1;
    %store/vec4 v000000000096c540_0, 0, 1;
    %pushi/vec4 0, 0, 1;
    %store/vec4 v000000000096e160_0, 0, 1;
    %pushi/vec4 1, 0, 1;
    %store/vec4 v000000000096cd60_0, 0, 1;
    %pushi/vec4 1, 0, 1;
    %store/vec4 v000000000096d8a0_0, 0, 1;
    %delay 1, 0;
    %pushi/vec4 0, 0, 1;
    %store/vec4 v000000000096c540_0, 0, 1;
    %pushi/vec4 1, 0, 1;
    %store/vec4 v000000000096e160_0, 0, 1;
    %pushi/vec4 0, 0, 1;
    %store/vec4 v000000000096cd60_0, 0, 1;
    %pushi/vec4 0, 0, 1;
    %store/vec4 v000000000096d8a0_0, 0, 1;
    %delay 1, 0;
    %pushi/vec4 0, 0, 1;
    %store/vec4 v000000000096c540_0, 0, 1;
    %pushi/vec4 1, 0, 1;
    %store/vec4 v000000000096e160_0, 0, 1;
    %pushi/vec4 0, 0, 1;
    %store/vec4 v000000000096cd60_0, 0, 1;
    %pushi/vec4 1, 0, 1;
    %store/vec4 v000000000096d8a0_0, 0, 1;
    %delay 1, 0;
    %pushi/vec4 0, 0, 1;
    %store/vec4 v000000000096c540_0, 0, 1;
    %pushi/vec4 1, 0, 1;
    %store/vec4 v000000000096e160_0, 0, 1;
    %pushi/vec4 1, 0, 1;
    %store/vec4 v000000000096cd60_0, 0, 1;
    %pushi/vec4 0, 0, 1;
    %store/vec4 v000000000096d8a0_0, 0, 1;
    %delay 1, 0;
    %pushi/vec4 0, 0, 1;
    %store/vec4 v000000000096c540_0, 0, 1;
    %pushi/vec4 1, 0, 1;
    %store/vec4 v000000000096e160_0, 0, 1;
    %pushi/vec4 1, 0, 1;
    %store/vec4 v000000000096cd60_0, 0, 1;
    %pushi/vec4 1, 0, 1;
    %store/vec4 v000000000096d8a0_0, 0, 1;
    %delay 1, 0;
    %pushi/vec4 1, 0, 1;
    %store/vec4 v000000000096c540_0, 0, 1;
    %pushi/vec4 0, 0, 1;
    %store/vec4 v000000000096e160_0, 0, 1;
    %pushi/vec4 0, 0, 1;
    %store/vec4 v000000000096cd60_0, 0, 1;
    %pushi/vec4 0, 0, 1;
    %store/vec4 v000000000096d8a0_0, 0, 1;
    %delay 1, 0;
    %pushi/vec4 1, 0, 1;
    %store/vec4 v000000000096c540_0, 0, 1;
    %pushi/vec4 0, 0, 1;
    %store/vec4 v000000000096e160_0, 0, 1;
    %pushi/vec4 0, 0, 1;
    %store/vec4 v000000000096cd60_0, 0, 1;
    %pushi/vec4 1, 0, 1;
    %store/vec4 v000000000096d8a0_0, 0, 1;
    %delay 1, 0;
    %pushi/vec4 1, 0, 1;
    %store/vec4 v000000000096c540_0, 0, 1;
    %pushi/vec4 0, 0, 1;
    %store/vec4 v000000000096e160_0, 0, 1;
    %pushi/vec4 1, 0, 1;
    %store/vec4 v000000000096cd60_0, 0, 1;
    %pushi/vec4 0, 0, 1;
    %store/vec4 v000000000096d8a0_0, 0, 1;
    %delay 1, 0;
    %pushi/vec4 1, 0, 1;
    %store/vec4 v000000000096c540_0, 0, 1;
    %pushi/vec4 0, 0, 1;
    %store/vec4 v000000000096e160_0, 0, 1;
    %pushi/vec4 1, 0, 1;
    %store/vec4 v000000000096cd60_0, 0, 1;
    %pushi/vec4 1, 0, 1;
    %store/vec4 v000000000096d8a0_0, 0, 1;
    %delay 1, 0;
    %pushi/vec4 1, 0, 1;
    %store/vec4 v000000000096c540_0, 0, 1;
    %pushi/vec4 1, 0, 1;
    %store/vec4 v000000000096e160_0, 0, 1;
    %pushi/vec4 0, 0, 1;
    %store/vec4 v000000000096cd60_0, 0, 1;
    %pushi/vec4 0, 0, 1;
    %store/vec4 v000000000096d8a0_0, 0, 1;
    %delay 1, 0;
    %pushi/vec4 1, 0, 1;
    %store/vec4 v000000000096c540_0, 0, 1;
    %pushi/vec4 1, 0, 1;
    %store/vec4 v000000000096e160_0, 0, 1;
    %pushi/vec4 0, 0, 1;
    %store/vec4 v000000000096cd60_0, 0, 1;
    %pushi/vec4 1, 0, 1;
    %store/vec4 v000000000096d8a0_0, 0, 1;
    %delay 1, 0;
    %pushi/vec4 1, 0, 1;
    %store/vec4 v000000000096c540_0, 0, 1;
    %pushi/vec4 1, 0, 1;
    %store/vec4 v000000000096e160_0, 0, 1;
    %pushi/vec4 1, 0, 1;
    %store/vec4 v000000000096cd60_0, 0, 1;
    %pushi/vec4 0, 0, 1;
    %store/vec4 v000000000096d8a0_0, 0, 1;
    %delay 1, 0;
    %pushi/vec4 1, 0, 1;
    %store/vec4 v000000000096c540_0, 0, 1;
    %pushi/vec4 1, 0, 1;
    %store/vec4 v000000000096e160_0, 0, 1;
    %pushi/vec4 1, 0, 1;
    %store/vec4 v000000000096cd60_0, 0, 1;
    %pushi/vec4 1, 0, 1;
    %store/vec4 v000000000096d8a0_0, 0, 1;
    %end;
    .thread T_4;
    .scope S_00000000009204c0;
T_5 ;
    %delay 76, 0;
    %vpi_call 2 133 "$display", "\012" {0 0 0};
    %vpi_call 2 134 "$display", "ecuacion minimizada 02" {0 0 0};
    %vpi_call 2 135 "$display", "A B C | Y" {0 0 0};
    %vpi_call 2 136 "$display", "------|--" {0 0 0};
    %vpi_call 2 137 "$monitor", "%b %b %b | %b", v000000000096d940_0, v000000000096c5e0_0, v000000000096da80_0, v000000000096ca40_0 {0 0 0};
    %pushi/vec4 0, 0, 1;
    %store/vec4 v000000000096d940_0, 0, 1;
    %pushi/vec4 0, 0, 1;
    %store/vec4 v000000000096c5e0_0, 0, 1;
    %pushi/vec4 0, 0, 1;
    %store/vec4 v000000000096da80_0, 0, 1;
    %delay 1, 0;
    %pushi/vec4 0, 0, 1;
    %store/vec4 v000000000096d940_0, 0, 1;
    %pushi/vec4 0, 0, 1;
    %store/vec4 v000000000096c5e0_0, 0, 1;
    %pushi/vec4 1, 0, 1;
    %store/vec4 v000000000096da80_0, 0, 1;
    %delay 1, 0;
    %pushi/vec4 0, 0, 1;
    %store/vec4 v000000000096d940_0, 0, 1;
    %pushi/vec4 1, 0, 1;
    %store/vec4 v000000000096c5e0_0, 0, 1;
    %pushi/vec4 0, 0, 1;
    %store/vec4 v000000000096da80_0, 0, 1;
    %delay 1, 0;
    %pushi/vec4 0, 0, 1;
    %store/vec4 v000000000096d940_0, 0, 1;
    %pushi/vec4 1, 0, 1;
    %store/vec4 v000000000096c5e0_0, 0, 1;
    %pushi/vec4 1, 0, 1;
    %store/vec4 v000000000096da80_0, 0, 1;
    %delay 1, 0;
    %pushi/vec4 1, 0, 1;
    %store/vec4 v000000000096d940_0, 0, 1;
    %pushi/vec4 0, 0, 1;
    %store/vec4 v000000000096c5e0_0, 0, 1;
    %pushi/vec4 0, 0, 1;
    %store/vec4 v000000000096da80_0, 0, 1;
    %delay 1, 0;
    %pushi/vec4 1, 0, 1;
    %store/vec4 v000000000096d940_0, 0, 1;
    %pushi/vec4 0, 0, 1;
    %store/vec4 v000000000096c5e0_0, 0, 1;
    %pushi/vec4 1, 0, 1;
    %store/vec4 v000000000096da80_0, 0, 1;
    %delay 1, 0;
    %pushi/vec4 1, 0, 1;
    %store/vec4 v000000000096d940_0, 0, 1;
    %pushi/vec4 1, 0, 1;
    %store/vec4 v000000000096c5e0_0, 0, 1;
    %pushi/vec4 0, 0, 1;
    %store/vec4 v000000000096da80_0, 0, 1;
    %delay 1, 0;
    %pushi/vec4 1, 0, 1;
    %store/vec4 v000000000096d940_0, 0, 1;
    %pushi/vec4 1, 0, 1;
    %store/vec4 v000000000096c5e0_0, 0, 1;
    %pushi/vec4 1, 0, 1;
    %store/vec4 v000000000096da80_0, 0, 1;
    %end;
    .thread T_5;
    .scope S_00000000009204c0;
T_6 ;
    %delay 85, 0;
    %vpi_call 2 150 "$display", "\012" {0 0 0};
    %vpi_call 2 151 "$display", "ecuacion minimizada 03" {0 0 0};
    %vpi_call 2 152 "$display", "A B C D | Y" {0 0 0};
    %vpi_call 2 153 "$display", "--------|--" {0 0 0};
    %vpi_call 2 154 "$monitor", "%b %b %b %B | %b", v000000000096c720_0, v000000000096db20_0, v000000000096c7c0_0, v000000000096d120_0, v000000000096c9a0_0 {0 0 0};
    %pushi/vec4 0, 0, 1;
    %store/vec4 v000000000096c720_0, 0, 1;
    %pushi/vec4 0, 0, 1;
    %store/vec4 v000000000096db20_0, 0, 1;
    %pushi/vec4 0, 0, 1;
    %store/vec4 v000000000096c7c0_0, 0, 1;
    %pushi/vec4 0, 0, 1;
    %store/vec4 v000000000096d120_0, 0, 1;
    %delay 1, 0;
    %pushi/vec4 0, 0, 1;
    %store/vec4 v000000000096c720_0, 0, 1;
    %pushi/vec4 0, 0, 1;
    %store/vec4 v000000000096db20_0, 0, 1;
    %pushi/vec4 0, 0, 1;
    %store/vec4 v000000000096c7c0_0, 0, 1;
    %pushi/vec4 1, 0, 1;
    %store/vec4 v000000000096d120_0, 0, 1;
    %delay 1, 0;
    %pushi/vec4 0, 0, 1;
    %store/vec4 v000000000096c720_0, 0, 1;
    %pushi/vec4 0, 0, 1;
    %store/vec4 v000000000096db20_0, 0, 1;
    %pushi/vec4 1, 0, 1;
    %store/vec4 v000000000096c7c0_0, 0, 1;
    %pushi/vec4 0, 0, 1;
    %store/vec4 v000000000096d120_0, 0, 1;
    %delay 1, 0;
    %pushi/vec4 0, 0, 1;
    %store/vec4 v000000000096c720_0, 0, 1;
    %pushi/vec4 0, 0, 1;
    %store/vec4 v000000000096db20_0, 0, 1;
    %pushi/vec4 1, 0, 1;
    %store/vec4 v000000000096c7c0_0, 0, 1;
    %pushi/vec4 1, 0, 1;
    %store/vec4 v000000000096d120_0, 0, 1;
    %delay 1, 0;
    %pushi/vec4 0, 0, 1;
    %store/vec4 v000000000096c720_0, 0, 1;
    %pushi/vec4 1, 0, 1;
    %store/vec4 v000000000096db20_0, 0, 1;
    %pushi/vec4 0, 0, 1;
    %store/vec4 v000000000096c7c0_0, 0, 1;
    %pushi/vec4 0, 0, 1;
    %store/vec4 v000000000096d120_0, 0, 1;
    %delay 1, 0;
    %pushi/vec4 0, 0, 1;
    %store/vec4 v000000000096c720_0, 0, 1;
    %pushi/vec4 1, 0, 1;
    %store/vec4 v000000000096db20_0, 0, 1;
    %pushi/vec4 0, 0, 1;
    %store/vec4 v000000000096c7c0_0, 0, 1;
    %pushi/vec4 1, 0, 1;
    %store/vec4 v000000000096d120_0, 0, 1;
    %delay 1, 0;
    %pushi/vec4 0, 0, 1;
    %store/vec4 v000000000096c720_0, 0, 1;
    %pushi/vec4 1, 0, 1;
    %store/vec4 v000000000096db20_0, 0, 1;
    %pushi/vec4 1, 0, 1;
    %store/vec4 v000000000096c7c0_0, 0, 1;
    %pushi/vec4 0, 0, 1;
    %store/vec4 v000000000096d120_0, 0, 1;
    %delay 1, 0;
    %pushi/vec4 0, 0, 1;
    %store/vec4 v000000000096c720_0, 0, 1;
    %pushi/vec4 1, 0, 1;
    %store/vec4 v000000000096db20_0, 0, 1;
    %pushi/vec4 1, 0, 1;
    %store/vec4 v000000000096c7c0_0, 0, 1;
    %pushi/vec4 1, 0, 1;
    %store/vec4 v000000000096d120_0, 0, 1;
    %delay 1, 0;
    %pushi/vec4 1, 0, 1;
    %store/vec4 v000000000096c720_0, 0, 1;
    %pushi/vec4 0, 0, 1;
    %store/vec4 v000000000096db20_0, 0, 1;
    %pushi/vec4 0, 0, 1;
    %store/vec4 v000000000096c7c0_0, 0, 1;
    %pushi/vec4 0, 0, 1;
    %store/vec4 v000000000096d120_0, 0, 1;
    %delay 1, 0;
    %pushi/vec4 1, 0, 1;
    %store/vec4 v000000000096c720_0, 0, 1;
    %pushi/vec4 0, 0, 1;
    %store/vec4 v000000000096db20_0, 0, 1;
    %pushi/vec4 0, 0, 1;
    %store/vec4 v000000000096c7c0_0, 0, 1;
    %pushi/vec4 1, 0, 1;
    %store/vec4 v000000000096d120_0, 0, 1;
    %delay 1, 0;
    %pushi/vec4 1, 0, 1;
    %store/vec4 v000000000096c720_0, 0, 1;
    %pushi/vec4 0, 0, 1;
    %store/vec4 v000000000096db20_0, 0, 1;
    %pushi/vec4 1, 0, 1;
    %store/vec4 v000000000096c7c0_0, 0, 1;
    %pushi/vec4 0, 0, 1;
    %store/vec4 v000000000096d120_0, 0, 1;
    %delay 1, 0;
    %pushi/vec4 1, 0, 1;
    %store/vec4 v000000000096c720_0, 0, 1;
    %pushi/vec4 0, 0, 1;
    %store/vec4 v000000000096db20_0, 0, 1;
    %pushi/vec4 1, 0, 1;
    %store/vec4 v000000000096c7c0_0, 0, 1;
    %pushi/vec4 1, 0, 1;
    %store/vec4 v000000000096d120_0, 0, 1;
    %delay 1, 0;
    %pushi/vec4 1, 0, 1;
    %store/vec4 v000000000096c720_0, 0, 1;
    %pushi/vec4 1, 0, 1;
    %store/vec4 v000000000096db20_0, 0, 1;
    %pushi/vec4 0, 0, 1;
    %store/vec4 v000000000096c7c0_0, 0, 1;
    %pushi/vec4 0, 0, 1;
    %store/vec4 v000000000096d120_0, 0, 1;
    %delay 1, 0;
    %pushi/vec4 1, 0, 1;
    %store/vec4 v000000000096c720_0, 0, 1;
    %pushi/vec4 1, 0, 1;
    %store/vec4 v000000000096db20_0, 0, 1;
    %pushi/vec4 0, 0, 1;
    %store/vec4 v000000000096c7c0_0, 0, 1;
    %pushi/vec4 1, 0, 1;
    %store/vec4 v000000000096d120_0, 0, 1;
    %delay 1, 0;
    %pushi/vec4 1, 0, 1;
    %store/vec4 v000000000096c720_0, 0, 1;
    %pushi/vec4 1, 0, 1;
    %store/vec4 v000000000096db20_0, 0, 1;
    %pushi/vec4 1, 0, 1;
    %store/vec4 v000000000096c7c0_0, 0, 1;
    %pushi/vec4 0, 0, 1;
    %store/vec4 v000000000096d120_0, 0, 1;
    %delay 1, 0;
    %pushi/vec4 1, 0, 1;
    %store/vec4 v000000000096c720_0, 0, 1;
    %pushi/vec4 1, 0, 1;
    %store/vec4 v000000000096db20_0, 0, 1;
    %pushi/vec4 1, 0, 1;
    %store/vec4 v000000000096c7c0_0, 0, 1;
    %pushi/vec4 1, 0, 1;
    %store/vec4 v000000000096d120_0, 0, 1;
    %end;
    .thread T_6;
    .scope S_00000000009204c0;
T_7 ;
    %delay 104, 0;
    %vpi_call 2 175 "$display", "\012" {0 0 0};
    %vpi_call 2 176 "$display", "ecuacion minimizada 04" {0 0 0};
    %vpi_call 2 177 "$display", "A B C | Y" {0 0 0};
    %vpi_call 2 178 "$display", "------|--" {0 0 0};
    %vpi_call 2 179 "$monitor", "%b %b %b | %b", v000000000096dc60_0, v000000000096dd00_0, v000000000096c860_0, v000000000096e020_0 {0 0 0};
    %pushi/vec4 0, 0, 1;
    %store/vec4 v000000000096dc60_0, 0, 1;
    %pushi/vec4 0, 0, 1;
    %store/vec4 v000000000096dd00_0, 0, 1;
    %pushi/vec4 0, 0, 1;
    %store/vec4 v000000000096c860_0, 0, 1;
    %delay 1, 0;
    %pushi/vec4 0, 0, 1;
    %store/vec4 v000000000096dc60_0, 0, 1;
    %pushi/vec4 0, 0, 1;
    %store/vec4 v000000000096dd00_0, 0, 1;
    %pushi/vec4 1, 0, 1;
    %store/vec4 v000000000096c860_0, 0, 1;
    %delay 1, 0;
    %pushi/vec4 0, 0, 1;
    %store/vec4 v000000000096dc60_0, 0, 1;
    %pushi/vec4 1, 0, 1;
    %store/vec4 v000000000096dd00_0, 0, 1;
    %pushi/vec4 0, 0, 1;
    %store/vec4 v000000000096c860_0, 0, 1;
    %delay 1, 0;
    %pushi/vec4 0, 0, 1;
    %store/vec4 v000000000096dc60_0, 0, 1;
    %pushi/vec4 1, 0, 1;
    %store/vec4 v000000000096dd00_0, 0, 1;
    %pushi/vec4 1, 0, 1;
    %store/vec4 v000000000096c860_0, 0, 1;
    %delay 1, 0;
    %pushi/vec4 1, 0, 1;
    %store/vec4 v000000000096dc60_0, 0, 1;
    %pushi/vec4 0, 0, 1;
    %store/vec4 v000000000096dd00_0, 0, 1;
    %pushi/vec4 0, 0, 1;
    %store/vec4 v000000000096c860_0, 0, 1;
    %delay 1, 0;
    %pushi/vec4 1, 0, 1;
    %store/vec4 v000000000096dc60_0, 0, 1;
    %pushi/vec4 0, 0, 1;
    %store/vec4 v000000000096dd00_0, 0, 1;
    %pushi/vec4 1, 0, 1;
    %store/vec4 v000000000096c860_0, 0, 1;
    %delay 1, 0;
    %pushi/vec4 1, 0, 1;
    %store/vec4 v000000000096dc60_0, 0, 1;
    %pushi/vec4 1, 0, 1;
    %store/vec4 v000000000096dd00_0, 0, 1;
    %pushi/vec4 0, 0, 1;
    %store/vec4 v000000000096c860_0, 0, 1;
    %delay 1, 0;
    %pushi/vec4 1, 0, 1;
    %store/vec4 v000000000096dc60_0, 0, 1;
    %pushi/vec4 1, 0, 1;
    %store/vec4 v000000000096dd00_0, 0, 1;
    %pushi/vec4 1, 0, 1;
    %store/vec4 v000000000096c860_0, 0, 1;
    %end;
    .thread T_7;
    .scope S_00000000009204c0;
T_8 ;
    %delay 115, 0;
    %vpi_call 2 191 "$finish" {0 0 0};
    %end;
    .thread T_8;
    .scope S_00000000009204c0;
T_9 ;
    %vpi_call 2 194 "$dumpfile", "EcuaMinimizadas_tb.vcd" {0 0 0};
    %vpi_call 2 195 "$dumpvars", 32'sb00000000000000000000000000000000, S_00000000009204c0 {0 0 0};
    %end;
    .thread T_9;
# The file index is used to find the file name in the following table.
:file_names 4;
    "N/A";
    "<interactive>";
    "EcuaMinimizadas_tb.v";
    "./EcuaMinimizadas.v";
